<?xml version="1.0" encoding="UTF-8"?>
<!-- Generated by org.testng.reporters.JUnitReportReporter -->
<testsuite hostname="BA-000412095.local" failures="0" tests="4" name="TestClass.android.LoginTest" time="17.129" errors="0" timestamp="2024-12-17T16:56:34 IST" skipped="0">
  <testcase classname="TestClass.android.LoginTest" name="signInAuthTest" time="2.133"/>
  <testcase classname="TestClass.android.LoginTest" name="loginPage" time="5.014"/>
  <testcase classname="TestClass.android.LoginTest" name="homePageVerification" time="8.268"/>
  <testcase classname="TestClass.android.LoginTest" name="loginPageNameChangeDirectly" time="1.714"/>
</testsuite> <!-- TestClass.android.LoginTest -->
