<?xml version="1.0" encoding="UTF-8"?>
<testsuite xmlns:xsi="http://www.w3.org/2001/XMLSchema-instance" xsi:noNamespaceSchemaLocation="https://maven.apache.org/surefire/maven-surefire-plugin/xsd/surefire-test-report.xsd" version="3.0.2" name="TestSuite" time="68.368" tests="8" errors="0" skipped="3" failures="1">
  <properties>
    <property name="java.specification.version" value="17"/>
    <property name="sun.jnu.encoding" value="UTF-8"/>
    <property name="java.class.path" value="/Users/akashray/Desktop/AppAutomation/target/test-classes:/Users/akashray/Desktop/AppAutomation/target/classes:/Users/akashray/.m2/repository/io/appium/java-client/9.3.0/java-client-9.3.0.jar:/Users/akashray/.m2/repository/org/seleniumhq/selenium/selenium-api/4.27.0/selenium-api-4.27.0.jar:/Users/akashray/.m2/repository/org/jspecify/jspecify/1.0.0/jspecify-1.0.0.jar:/Users/akashray/.m2/repository/org/seleniumhq/selenium/selenium-remote-driver/4.27.0/selenium-remote-driver-4.27.0.jar:/Users/akashray/.m2/repository/io/opentelemetry/semconv/opentelemetry-semconv/1.25.0-alpha/opentelemetry-semconv-1.25.0-alpha.jar:/Users/akashray/.m2/repository/io/opentelemetry/opentelemetry-api/1.44.1/opentelemetry-api-1.44.1.jar:/Users/akashray/.m2/repository/io/opentelemetry/opentelemetry-context/1.44.1/opentelemetry-context-1.44.1.jar:/Users/akashray/.m2/repository/io/opentelemetry/opentelemetry-exporter-logging/1.44.1/opentelemetry-exporter-logging-1.44.1.jar:/Users/akashray/.m2/repository/io/opentelemetry/opentelemetry-sdk-common/1.44.1/opentelemetry-sdk-common-1.44.1.jar:/Users/akashray/.m2/repository/io/opentelemetry/opentelemetry-sdk-extension-autoconfigure-spi/1.44.1/opentelemetry-sdk-extension-autoconfigure-spi-1.44.1.jar:/Users/akashray/.m2/repository/io/opentelemetry/opentelemetry-sdk-extension-autoconfigure/1.44.1/opentelemetry-sdk-extension-autoconfigure-1.44.1.jar:/Users/akashray/.m2/repository/io/opentelemetry/opentelemetry-api-incubator/1.44.1-alpha/opentelemetry-api-incubator-1.44.1-alpha.jar:/Users/akashray/.m2/repository/io/opentelemetry/opentelemetry-sdk-trace/1.44.1/opentelemetry-sdk-trace-1.44.1.jar:/Users/akashray/.m2/repository/io/opentelemetry/opentelemetry-sdk/1.44.1/opentelemetry-sdk-1.44.1.jar:/Users/akashray/.m2/repository/io/opentelemetry/opentelemetry-sdk-metrics/1.44.1/opentelemetry-sdk-metrics-1.44.1.jar:/Users/akashray/.m2/repository/io/opentelemetry/opentelemetry-sdk-logs/1.44.1/opentelemetry-sdk-logs-1.44.1.jar:/Users/akashray/.m2/repository/org/seleniumhq/selenium/selenium-http/4.27.0/selenium-http-4.27.0.jar:/Users/akashray/.m2/repository/dev/failsafe/failsafe/3.3.2/failsafe-3.3.2.jar:/Users/akashray/.m2/repository/org/seleniumhq/selenium/selenium-manager/4.27.0/selenium-manager-4.27.0.jar:/Users/akashray/.m2/repository/org/seleniumhq/selenium/selenium-os/4.27.0/selenium-os-4.27.0.jar:/Users/akashray/.m2/repository/org/apache/commons/commons-exec/1.4.0/commons-exec-1.4.0.jar:/Users/akashray/.m2/repository/com/google/code/gson/gson/2.11.0/gson-2.11.0.jar:/Users/akashray/.m2/repository/com/google/errorprone/error_prone_annotations/2.27.0/error_prone_annotations-2.27.0.jar:/Users/akashray/.m2/repository/org/testng/testng/7.10.2/testng-7.10.2.jar:/Users/akashray/.m2/repository/com/beust/jcommander/1.82/jcommander-1.82.jar:/Users/akashray/.m2/repository/org/webjars/jquery/3.7.1/jquery-3.7.1.jar:/Users/akashray/.m2/repository/commons-io/commons-io/2.18.0/commons-io-2.18.0.jar:/Users/akashray/.m2/repository/com/fasterxml/jackson/core/jackson-databind/2.18.1/jackson-databind-2.18.1.jar:/Users/akashray/.m2/repository/com/fasterxml/jackson/core/jackson-annotations/2.18.1/jackson-annotations-2.18.1.jar:/Users/akashray/.m2/repository/com/fasterxml/jackson/core/jackson-core/2.18.1/jackson-core-2.18.1.jar:/Users/akashray/.m2/repository/com/aventstack/extentreports/5.1.2/extentreports-5.1.2.jar:/Users/akashray/.m2/repository/io/reactivex/rxjava3/rxjava/3.1.6/rxjava-3.1.6.jar:/Users/akashray/.m2/repository/org/reactivestreams/reactive-streams/1.0.4/reactive-streams-1.0.4.jar:/Users/akashray/.m2/repository/org/freemarker/freemarker/2.3.32/freemarker-2.3.32.jar:/Users/akashray/.m2/repository/org/projectlombok/lombok/1.18.26/lombok-1.18.26.jar:/Users/akashray/.m2/repository/org/slf4j/slf4j-api/2.0.13/slf4j-api-2.0.13.jar:/Users/akashray/.m2/repository/org/slf4j/slf4j-simple/2.0.13/slf4j-simple-2.0.13.jar:/Users/akashray/.m2/repository/org/seleniumhq/selenium/selenium-support/4.27.0/selenium-support-4.27.0.jar:/Users/akashray/.m2/repository/com/google/auto/service/auto-service-annotations/1.1.1/auto-service-annotations-1.1.1.jar:/Users/akashray/.m2/repository/com/google/guava/guava/33.3.1-jre/guava-33.3.1-jre.jar:/Users/akashray/.m2/repository/com/google/guava/failureaccess/1.0.2/failureaccess-1.0.2.jar:/Users/akashray/.m2/repository/com/google/guava/listenablefuture/9999.0-empty-to-avoid-conflict-with-guava/listenablefuture-9999.0-empty-to-avoid-conflict-with-guava.jar:/Users/akashray/.m2/repository/com/google/code/findbugs/jsr305/3.0.2/jsr305-3.0.2.jar:/Users/akashray/.m2/repository/org/checkerframework/checker-qual/3.43.0/checker-qual-3.43.0.jar:/Users/akashray/.m2/repository/com/google/j2objc/j2objc-annotations/3.0.0/j2objc-annotations-3.0.0.jar:/Users/akashray/.m2/repository/net/bytebuddy/byte-buddy/1.15.10/byte-buddy-1.15.10.jar:/Users/akashray/.m2/repository/org/seleniumhq/selenium/selenium-json/4.27.0/selenium-json-4.27.0.jar:"/>
    <property name="java.vm.vendor" value="OpenLogic"/>
    <property name="sun.arch.data.model" value="64"/>
    <property name="java.vendor.url" value="https://openlogic.com/"/>
    <property name="user.timezone" value="Asia/Kolkata"/>
    <property name="os.name" value="Mac OS X"/>
    <property name="java.vm.specification.version" value="17"/>
    <property name="sun.java.launcher" value="SUN_STANDARD"/>
    <property name="user.country" value="IN"/>
    <property name="sun.boot.library.path" value="/Library/Java/JavaVirtualMachines/openlogic-openjdk-17.jdk/Contents/Home/lib"/>
    <property name="sun.java.command" value="/Users/akashray/Desktop/AppAutomation/target/surefire/surefirebooter-20241217165525535_3.jar /Users/akashray/Desktop/AppAutomation/target/surefire 2024-12-17T16-55-25_389-jvmRun1 surefire-20241217165525535_1tmp surefire_0-20241217165525535_2tmp"/>
    <property name="http.nonProxyHosts" value="local|*.local|169.254/16|*.169.254/16"/>
    <property name="jdk.debug" value="release"/>
    <property name="surefire.test.class.path" value="/Users/akashray/Desktop/AppAutomation/target/test-classes:/Users/akashray/Desktop/AppAutomation/target/classes:/Users/akashray/.m2/repository/io/appium/java-client/9.3.0/java-client-9.3.0.jar:/Users/akashray/.m2/repository/org/seleniumhq/selenium/selenium-api/4.27.0/selenium-api-4.27.0.jar:/Users/akashray/.m2/repository/org/jspecify/jspecify/1.0.0/jspecify-1.0.0.jar:/Users/akashray/.m2/repository/org/seleniumhq/selenium/selenium-remote-driver/4.27.0/selenium-remote-driver-4.27.0.jar:/Users/akashray/.m2/repository/io/opentelemetry/semconv/opentelemetry-semconv/1.25.0-alpha/opentelemetry-semconv-1.25.0-alpha.jar:/Users/akashray/.m2/repository/io/opentelemetry/opentelemetry-api/1.44.1/opentelemetry-api-1.44.1.jar:/Users/akashray/.m2/repository/io/opentelemetry/opentelemetry-context/1.44.1/opentelemetry-context-1.44.1.jar:/Users/akashray/.m2/repository/io/opentelemetry/opentelemetry-exporter-logging/1.44.1/opentelemetry-exporter-logging-1.44.1.jar:/Users/akashray/.m2/repository/io/opentelemetry/opentelemetry-sdk-common/1.44.1/opentelemetry-sdk-common-1.44.1.jar:/Users/akashray/.m2/repository/io/opentelemetry/opentelemetry-sdk-extension-autoconfigure-spi/1.44.1/opentelemetry-sdk-extension-autoconfigure-spi-1.44.1.jar:/Users/akashray/.m2/repository/io/opentelemetry/opentelemetry-sdk-extension-autoconfigure/1.44.1/opentelemetry-sdk-extension-autoconfigure-1.44.1.jar:/Users/akashray/.m2/repository/io/opentelemetry/opentelemetry-api-incubator/1.44.1-alpha/opentelemetry-api-incubator-1.44.1-alpha.jar:/Users/akashray/.m2/repository/io/opentelemetry/opentelemetry-sdk-trace/1.44.1/opentelemetry-sdk-trace-1.44.1.jar:/Users/akashray/.m2/repository/io/opentelemetry/opentelemetry-sdk/1.44.1/opentelemetry-sdk-1.44.1.jar:/Users/akashray/.m2/repository/io/opentelemetry/opentelemetry-sdk-metrics/1.44.1/opentelemetry-sdk-metrics-1.44.1.jar:/Users/akashray/.m2/repository/io/opentelemetry/opentelemetry-sdk-logs/1.44.1/opentelemetry-sdk-logs-1.44.1.jar:/Users/akashray/.m2/repository/org/seleniumhq/selenium/selenium-http/4.27.0/selenium-http-4.27.0.jar:/Users/akashray/.m2/repository/dev/failsafe/failsafe/3.3.2/failsafe-3.3.2.jar:/Users/akashray/.m2/repository/org/seleniumhq/selenium/selenium-manager/4.27.0/selenium-manager-4.27.0.jar:/Users/akashray/.m2/repository/org/seleniumhq/selenium/selenium-os/4.27.0/selenium-os-4.27.0.jar:/Users/akashray/.m2/repository/org/apache/commons/commons-exec/1.4.0/commons-exec-1.4.0.jar:/Users/akashray/.m2/repository/com/google/code/gson/gson/2.11.0/gson-2.11.0.jar:/Users/akashray/.m2/repository/com/google/errorprone/error_prone_annotations/2.27.0/error_prone_annotations-2.27.0.jar:/Users/akashray/.m2/repository/org/testng/testng/7.10.2/testng-7.10.2.jar:/Users/akashray/.m2/repository/com/beust/jcommander/1.82/jcommander-1.82.jar:/Users/akashray/.m2/repository/org/webjars/jquery/3.7.1/jquery-3.7.1.jar:/Users/akashray/.m2/repository/commons-io/commons-io/2.18.0/commons-io-2.18.0.jar:/Users/akashray/.m2/repository/com/fasterxml/jackson/core/jackson-databind/2.18.1/jackson-databind-2.18.1.jar:/Users/akashray/.m2/repository/com/fasterxml/jackson/core/jackson-annotations/2.18.1/jackson-annotations-2.18.1.jar:/Users/akashray/.m2/repository/com/fasterxml/jackson/core/jackson-core/2.18.1/jackson-core-2.18.1.jar:/Users/akashray/.m2/repository/com/aventstack/extentreports/5.1.2/extentreports-5.1.2.jar:/Users/akashray/.m2/repository/io/reactivex/rxjava3/rxjava/3.1.6/rxjava-3.1.6.jar:/Users/akashray/.m2/repository/org/reactivestreams/reactive-streams/1.0.4/reactive-streams-1.0.4.jar:/Users/akashray/.m2/repository/org/freemarker/freemarker/2.3.32/freemarker-2.3.32.jar:/Users/akashray/.m2/repository/org/projectlombok/lombok/1.18.26/lombok-1.18.26.jar:/Users/akashray/.m2/repository/org/slf4j/slf4j-api/2.0.13/slf4j-api-2.0.13.jar:/Users/akashray/.m2/repository/org/slf4j/slf4j-simple/2.0.13/slf4j-simple-2.0.13.jar:/Users/akashray/.m2/repository/org/seleniumhq/selenium/selenium-support/4.27.0/selenium-support-4.27.0.jar:/Users/akashray/.m2/repository/com/google/auto/service/auto-service-annotations/1.1.1/auto-service-annotations-1.1.1.jar:/Users/akashray/.m2/repository/com/google/guava/guava/33.3.1-jre/guava-33.3.1-jre.jar:/Users/akashray/.m2/repository/com/google/guava/failureaccess/1.0.2/failureaccess-1.0.2.jar:/Users/akashray/.m2/repository/com/google/guava/listenablefuture/9999.0-empty-to-avoid-conflict-with-guava/listenablefuture-9999.0-empty-to-avoid-conflict-with-guava.jar:/Users/akashray/.m2/repository/com/google/code/findbugs/jsr305/3.0.2/jsr305-3.0.2.jar:/Users/akashray/.m2/repository/org/checkerframework/checker-qual/3.43.0/checker-qual-3.43.0.jar:/Users/akashray/.m2/repository/com/google/j2objc/j2objc-annotations/3.0.0/j2objc-annotations-3.0.0.jar:/Users/akashray/.m2/repository/net/bytebuddy/byte-buddy/1.15.10/byte-buddy-1.15.10.jar:/Users/akashray/.m2/repository/org/seleniumhq/selenium/selenium-json/4.27.0/selenium-json-4.27.0.jar:"/>
    <property name="sun.cpu.endian" value="little"/>
    <property name="user.home" value="/Users/akashray"/>
    <property name="user.language" value="en"/>
    <property name="java.specification.vendor" value="Oracle Corporation"/>
    <property name="java.version.date" value="2023-10-17"/>
    <property name="java.home" value="/Library/Java/JavaVirtualMachines/openlogic-openjdk-17.jdk/Contents/Home"/>
    <property name="file.separator" value="/"/>
    <property name="basedir" value="/Users/akashray/Desktop/AppAutomation"/>
    <property name="java.vm.compressedOopsMode" value="Zero based"/>
    <property name="line.separator" value="&#10;"/>
    <property name="java.vm.specification.vendor" value="Oracle Corporation"/>
    <property name="java.specification.name" value="Java Platform API Specification"/>
    <property name="surefire.real.class.path" value="/Users/akashray/Desktop/AppAutomation/target/surefire/surefirebooter-20241217165525535_3.jar"/>
    <property name="sun.management.compiler" value="HotSpot 64-Bit Tiered Compilers"/>
    <property name="ftp.nonProxyHosts" value="local|*.local|169.254/16|*.169.254/16"/>
    <property name="java.runtime.version" value="17.0.9+9-adhoc.admin.jdk17u"/>
    <property name="user.name" value="akashray"/>
    <property name="path.separator" value=":"/>
    <property name="os.version" value="15.1.1"/>
    <property name="java.runtime.name" value="OpenJDK Runtime Environment"/>
    <property name="file.encoding" value="UTF-8"/>
    <property name="java.vm.name" value="OpenJDK 64-Bit Server VM"/>
    <property name="java.vendor.version" value="OpenLogic-OpenJDK"/>
    <property name="localRepository" value="/Users/akashray/.m2/repository"/>
    <property name="java.vendor.url.bug" value="https://techsupport.roguewave.com/"/>
    <property name="java.io.tmpdir" value="/var/folders/m3/q9ggz4z1021grzf7g9z2q38m0000gn/T/"/>
    <property name="java.version" value="17.0.9"/>
    <property name="user.dir" value="/Users/akashray/Desktop/AppAutomation"/>
    <property name="os.arch" value="x86_64"/>
    <property name="java.vm.specification.name" value="Java Virtual Machine Specification"/>
    <property name="native.encoding" value="UTF-8"/>
    <property name="java.library.path" value="/Users/akashray/Library/Java/Extensions:/Library/Java/Extensions:/Network/Library/Java/Extensions:/System/Library/Java/Extensions:/usr/lib/java:."/>
    <property name="java.vm.info" value="mixed mode, sharing"/>
    <property name="java.vendor" value="OpenLogic"/>
    <property name="java.vm.version" value="17.0.9+9-adhoc.admin.jdk17u"/>
    <property name="sun.io.unicode.encoding" value="UnicodeBig"/>
    <property name="socksNonProxyHosts" value="local|*.local|169.254/16|*.169.254/16"/>
    <property name="java.class.version" value="61.0"/>
  </properties>
  <testcase name="configureAppium" classname="TestClass.IOS.DemoTestIOS" time="21.485">
    <failure message="Appium HTTP server is not listening at http://127.0.0.1:4723/ after 20000 ms timeout. Consider increasing the server startup timeout value and check the server log for possible error messages occurrences.&#10;Node.js executable path: /usr/local/bin/node&#10;Arguments: [/usr/local/lib/node_modules/appium/build/lib/main.js, --port, 4723, --address, 127.0.0.1]&#10;Server log: &amp;#27;[38;5;112m[Appium]&amp;#27;[0m Welcome to Appium v2.13.1&#10;&amp;#27;[38;5;112m[Appium]&amp;#27;[0m Non-default server args:&#10;&amp;#27;[38;5;112m[Appium]&amp;#27;[0m { address: &amp;#27;[32m&apos;127.0.0.1&apos;&amp;#27;[39m }&#10;&amp;#27;[38;5;112m[Appium]&amp;#27;[0m The autodetected Appium home path: /Users/akashray/.appium&#10;&amp;#27;[38;5;112m[Appium]&amp;#27;[0m Attempting to load driver uiautomator2...&#10;&amp;#27;[38;5;112m[Appium]&amp;#27;[0m Attempting to load driver xcuitest...&#10;&amp;#27;[38;5;112m[Appium]&amp;#27;[0m Attempting to load driver gecko...&#10;&amp;#27;[38;5;112m[Appium]&amp;#27;[0m Requiring driver at /Users/akashray/.appium/node_modules/appium-uiautomator2-driver/build/index.js&#10;&amp;#27;[38;5;112m[Appium]&amp;#27;[0m Requiring driver at /Users/akashray/.appium/node_modules/appium-xcuitest-driver/build/index.js&#10;&amp;#27;[38;5;112m[Appium]&amp;#27;[0m Requiring driver at /Users/akashray/.appium/node_modules/appium-geckodriver/build/index.js&#10;&amp;#27;[38;5;112m[Appium]&amp;#27;[0m AndroidUiautomator2Driver has been successfully loaded in 0.811s&#10;&amp;#27;[38;5;112m[Appium]&amp;#27;[0m XCUITestDriver has been successfully loaded in 1.600s&#10;&amp;#27;[38;5;112m[Appium]&amp;#27;[0m GeckoDriver has been successfully loaded in 1.680s&#10;&amp;#27;[38;5;86m[HTTP]&amp;#27;[0m Could not start REST http interface listener. The requested port may already be in use. Please make sure there is no other instance of this server running already.&#10;&amp;#27;[38;5;112m[Appium]&amp;#27;[0m Could not configure Appium server. It&apos;s possible that a driver or plugin tried to update the server and failed. Original error: listen EADDRINUSE: address already in use 127.0.0.1:4723&#10;&amp;#27;[38;5;112m[Appium]&amp;#27;[0m Error: listen EADDRINUSE: address already in use 127.0.0.1:4723&#10;    at Server.setupListenHandle [as _listen2] (node:net:1912:16)&#10;    at listenInCluster (node:net:1969:12)&#10;    at node:net:2178:7&#10;    at processTicksAndRejections (node:internal/process/task_queues:90:21)&#10;    at runNextTicks (node:internal/process/task_queues:69:3)&#10;    at processImmediate (node:internal/timers:459:9)&#10;" type="io.appium.java_client.service.local.AppiumServerHasNotBeenStartedLocallyException"><![CDATA[io.appium.java_client.service.local.AppiumServerHasNotBeenStartedLocallyException: 
Appium HTTP server is not listening at http://127.0.0.1:4723/ after 20000 ms timeout. Consider increasing the server startup timeout value and check the server log for possible error messages occurrences.
Node.js executable path: /usr/local/bin/node
Arguments: [/usr/local/lib/node_modules/appium/build/lib/main.js, --port, 4723, --address, 127.0.0.1]
Server log: &amp#27;[38;5;112m[Appium]&amp#27;[0m Welcome to Appium v2.13.1
&amp#27;[38;5;112m[Appium]&amp#27;[0m Non-default server args:
&amp#27;[38;5;112m[Appium]&amp#27;[0m { address: &amp#27;[32m'127.0.0.1'&amp#27;[39m }
&amp#27;[38;5;112m[Appium]&amp#27;[0m The autodetected Appium home path: /Users/akashray/.appium
&amp#27;[38;5;112m[Appium]&amp#27;[0m Attempting to load driver uiautomator2...
&amp#27;[38;5;112m[Appium]&amp#27;[0m Attempting to load driver xcuitest...
&amp#27;[38;5;112m[Appium]&amp#27;[0m Attempting to load driver gecko...
&amp#27;[38;5;112m[Appium]&amp#27;[0m Requiring driver at /Users/akashray/.appium/node_modules/appium-uiautomator2-driver/build/index.js
&amp#27;[38;5;112m[Appium]&amp#27;[0m Requiring driver at /Users/akashray/.appium/node_modules/appium-xcuitest-driver/build/index.js
&amp#27;[38;5;112m[Appium]&amp#27;[0m Requiring driver at /Users/akashray/.appium/node_modules/appium-geckodriver/build/index.js
&amp#27;[38;5;112m[Appium]&amp#27;[0m AndroidUiautomator2Driver has been successfully loaded in 0.811s
&amp#27;[38;5;112m[Appium]&amp#27;[0m XCUITestDriver has been successfully loaded in 1.600s
&amp#27;[38;5;112m[Appium]&amp#27;[0m GeckoDriver has been successfully loaded in 1.680s
&amp#27;[38;5;86m[HTTP]&amp#27;[0m Could not start REST http interface listener. The requested port may already be in use. Please make sure there is no other instance of this server running already.
&amp#27;[38;5;112m[Appium]&amp#27;[0m Could not configure Appium server. It's possible that a driver or plugin tried to update the server and failed. Original error: listen EADDRINUSE: address already in use 127.0.0.1:4723
&amp#27;[38;5;112m[Appium]&amp#27;[0m Error: listen EADDRINUSE: address already in use 127.0.0.1:4723
    at Server.setupListenHandle [as _listen2] (node:net:1912:16)
    at listenInCluster (node:net:1969:12)
    at node:net:2178:7
    at processTicksAndRejections (node:internal/process/task_queues:90:21)
    at runNextTicks (node:internal/process/task_queues:69:3)
    at processImmediate (node:internal/timers:459:9)

	at io.appium.java_client.service.local.AppiumDriverLocalService.start(AppiumDriverLocalService.java:192)
	at Utils.AppiumUtils.startAppiumServer(AppiumUtils.java:31)
	at TestUtils.IOSBaseTest.configureAppium(IOSBaseTest.java:32)
	at java.base/jdk.internal.reflect.NativeMethodAccessorImpl.invoke0(Native Method)
	at java.base/jdk.internal.reflect.NativeMethodAccessorImpl.invoke(NativeMethodAccessorImpl.java:77)
	at java.base/jdk.internal.reflect.DelegatingMethodAccessorImpl.invoke(DelegatingMethodAccessorImpl.java:43)
	at java.base/java.lang.reflect.Method.invoke(Method.java:568)
	at org.testng.internal.invokers.MethodInvocationHelper.invokeMethod(MethodInvocationHelper.java:141)
	at org.testng.internal.invokers.MethodInvocationHelper.invokeMethodConsideringTimeout(MethodInvocationHelper.java:71)
	at org.testng.internal.invokers.ConfigInvoker.invokeConfigurationMethod(ConfigInvoker.java:400)
	at org.testng.internal.invokers.ConfigInvoker.invokeConfigurations(ConfigInvoker.java:333)
	at org.testng.internal.invokers.TestMethodWorker.invokeBeforeClassMethods(TestMethodWorker.java:188)
	at org.testng.internal.invokers.TestMethodWorker.run(TestMethodWorker.java:128)
	at java.base/java.util.ArrayList.forEach(ArrayList.java:1511)
	at org.testng.TestRunner.privateRun(TestRunner.java:739)
	at org.testng.TestRunner.run(TestRunner.java:614)
	at org.testng.SuiteRunner.runTest(SuiteRunner.java:421)
	at org.testng.SuiteRunner.runSequentially(SuiteRunner.java:413)
	at org.testng.SuiteRunner.privateRun(SuiteRunner.java:373)
	at org.testng.SuiteRunner.run(SuiteRunner.java:312)
	at org.testng.SuiteRunnerWorker.runSuite(SuiteRunnerWorker.java:52)
	at org.testng.SuiteRunnerWorker.run(SuiteRunnerWorker.java:95)
	at org.testng.TestNG.runSuitesSequentially(TestNG.java:1274)
	at org.testng.TestNG.runSuitesLocally(TestNG.java:1208)
	at org.testng.TestNG.runSuites(TestNG.java:1112)
	at org.testng.TestNG.run(TestNG.java:1079)
	at org.apache.maven.surefire.testng.TestNGExecutor.run(TestNGExecutor.java:308)
	at org.apache.maven.surefire.testng.TestNGXmlTestSuite.execute(TestNGXmlTestSuite.java:71)
	at org.apache.maven.surefire.testng.TestNGProvider.invoke(TestNGProvider.java:113)
	at org.apache.maven.surefire.booter.ForkedBooter.runSuitesInProcess(ForkedBooter.java:385)
	at org.apache.maven.surefire.booter.ForkedBooter.execute(ForkedBooter.java:162)
	at org.apache.maven.surefire.booter.ForkedBooter.run(ForkedBooter.java:507)
	at org.apache.maven.surefire.booter.ForkedBooter.main(ForkedBooter.java:495)
Caused by: io.appium.java_client.service.local.AppiumServerAvailabilityChecker$ConnectionTimeout: ConnectionTimeout
	at io.appium.java_client.service.local.AppiumServerAvailabilityChecker.waitUntilAvailable(AppiumServerAvailabilityChecker.java:72)
	at io.appium.java_client.service.local.AppiumDriverLocalService.ping(AppiumDriverLocalService.java:144)
	at io.appium.java_client.service.local.AppiumDriverLocalService.start(AppiumDriverLocalService.java:185)
	... 32 more
Caused by: java.net.ConnectException: Connection refused
	at java.base/sun.nio.ch.Net.pollConnect(Native Method)
	at java.base/sun.nio.ch.Net.pollConnectNow(Net.java:672)
	at java.base/sun.nio.ch.NioSocketImpl.timedFinishConnect(NioSocketImpl.java:554)
	at java.base/sun.nio.ch.NioSocketImpl.connect(NioSocketImpl.java:602)
	at java.base/java.net.Socket.connect(Socket.java:633)
	at java.base/sun.net.NetworkClient.doConnect(NetworkClient.java:178)
	at java.base/sun.net.www.http.HttpClient.openServer(HttpClient.java:533)
	at java.base/sun.net.www.http.HttpClient.openServer(HttpClient.java:638)
	at java.base/sun.net.www.http.HttpClient.<init>(HttpClient.java:281)
	at java.base/sun.net.www.http.HttpClient.New(HttpClient.java:386)
	at java.base/sun.net.www.http.HttpClient.New(HttpClient.java:408)
	at java.base/sun.net.www.protocol.http.HttpURLConnection.getNewHttpClient(HttpURLConnection.java:1309)
	at java.base/sun.net.www.protocol.http.HttpURLConnection.plainConnect0(HttpURLConnection.java:1242)
	at java.base/sun.net.www.protocol.http.HttpURLConnection.plainConnect(HttpURLConnection.java:1128)
	at java.base/sun.net.www.protocol.http.HttpURLConnection.connect(HttpURLConnection.java:1057)
	at io.appium.java_client.service.local.AppiumServerAvailabilityChecker.connectToUrl(AppiumServerAvailabilityChecker.java:79)
	at io.appium.java_client.service.local.AppiumServerAvailabilityChecker.waitUntilAvailable(AppiumServerAvailabilityChecker.java:61)
	... 34 more
]]></failure>
    <system-out><![CDATA[&amp#27;[38;5;112m[Appium]&amp#27;[0m Welcome to Appium v2.13.1
&amp#27;[38;5;112m[Appium]&amp#27;[0m Non-default server args:
&amp#27;[38;5;112m[Appium]&amp#27;[0m { address: &amp#27;[32m'127.0.0.1'&amp#27;[39m }
&amp#27;[38;5;112m[Appium]&amp#27;[0m The autodetected Appium home path: /Users/akashray/.appium
&amp#27;[38;5;112m[Appium]&amp#27;[0m Attempting to load driver uiautomator2...
&amp#27;[38;5;112m[Appium]&amp#27;[0m Attempting to load driver xcuitest...
&amp#27;[38;5;112m[Appium]&amp#27;[0m Attempting to load driver gecko...
&amp#27;[38;5;112m[Appium]&amp#27;[0m Requiring driver at /Users/akashray/.appium/node_modules/appium-uiautomator2-driver/build/index.js
&amp#27;[38;5;112m[Appium]&amp#27;[0m Requiring driver at /Users/akashray/.appium/node_modules/appium-xcuitest-driver/build/index.js
&amp#27;[38;5;112m[Appium]&amp#27;[0m Requiring driver at /Users/akashray/.appium/node_modules/appium-geckodriver/build/index.js
&amp#27;[38;5;112m[Appium]&amp#27;[0m AndroidUiautomator2Driver has been successfully loaded in 0.811s
&amp#27;[38;5;112m[Appium]&amp#27;[0m XCUITestDriver has been successfully loaded in 1.600s
&amp#27;[38;5;112m[Appium]&amp#27;[0m GeckoDriver has been successfully loaded in 1.680s
&amp#27;[38;5;86m[HTTP]&amp#27;[0m Could not start REST http interface listener. The requested port may already be in use. Please make sure there is no other instance of this server running already.
&amp#27;[38;5;112m[Appium]&amp#27;[0m Could not configure Appium server. It's possible that a driver or plugin tried to update the server and failed. Original error: listen EADDRINUSE: address already in use 127.0.0.1:4723
&amp#27;[38;5;112m[Appium]&amp#27;[0m Error: listen EADDRINUSE: address already in use 127.0.0.1:4723
    at Server.setupListenHandle [as _listen2] (node:net:1912:16)
    at listenInCluster (node:net:1969:12)
    at node:net:2178:7
    at processTicksAndRejections (node:internal/process/task_queues:90:21)
    at runNextTicks (node:internal/process/task_queues:69:3)
    at processImmediate (node:internal/timers:459:9)
]]></system-out>
  </testcase>
  <testcase name="setUpPages" classname="TestClass.IOS.DemoTestIOS" time="0.0">
    <skipped/>
  </testcase>
  <testcase name="uiCatalogueDemoActions" classname="TestClass.IOS.DemoTestIOS" time="0.0">
    <skipped message="Appium HTTP server is not listening at http://127.0.0.1:4723/ after 20000 ms timeout. Consider increasing the server startup timeout value and check the server log for possible error messages occurrences.&#10;Node.js executable path: /usr/local/bin/node&#10;Arguments: [/usr/local/lib/node_modules/appium/build/lib/main.js, --port, 4723, --address, 127.0.0.1]&#10;Server log: &amp;#27;[38;5;112m[Appium]&amp;#27;[0m Welcome to Appium v2.13.1&#10;&amp;#27;[38;5;112m[Appium]&amp;#27;[0m Non-default server args:&#10;&amp;#27;[38;5;112m[Appium]&amp;#27;[0m { address: &amp;#27;[32m&apos;127.0.0.1&apos;&amp;#27;[39m }&#10;&amp;#27;[38;5;112m[Appium]&amp;#27;[0m The autodetected Appium home path: /Users/akashray/.appium&#10;&amp;#27;[38;5;112m[Appium]&amp;#27;[0m Attempting to load driver uiautomator2...&#10;&amp;#27;[38;5;112m[Appium]&amp;#27;[0m Attempting to load driver xcuitest...&#10;&amp;#27;[38;5;112m[Appium]&amp;#27;[0m Attempting to load driver gecko...&#10;&amp;#27;[38;5;112m[Appium]&amp;#27;[0m Requiring driver at /Users/akashray/.appium/node_modules/appium-uiautomator2-driver/build/index.js&#10;&amp;#27;[38;5;112m[Appium]&amp;#27;[0m Requiring driver at /Users/akashray/.appium/node_modules/appium-xcuitest-driver/build/index.js&#10;&amp;#27;[38;5;112m[Appium]&amp;#27;[0m Requiring driver at /Users/akashray/.appium/node_modules/appium-geckodriver/build/index.js&#10;&amp;#27;[38;5;112m[Appium]&amp;#27;[0m AndroidUiautomator2Driver has been successfully loaded in 0.811s&#10;&amp;#27;[38;5;112m[Appium]&amp;#27;[0m XCUITestDriver has been successfully loaded in 1.600s&#10;&amp;#27;[38;5;112m[Appium]&amp;#27;[0m GeckoDriver has been successfully loaded in 1.680s&#10;&amp;#27;[38;5;86m[HTTP]&amp;#27;[0m Could not start REST http interface listener. The requested port may already be in use. Please make sure there is no other instance of this server running already.&#10;&amp;#27;[38;5;112m[Appium]&amp;#27;[0m Could not configure Appium server. It&apos;s possible that a driver or plugin tried to update the server and failed. Original error: listen EADDRINUSE: address already in use 127.0.0.1:4723&#10;&amp;#27;[38;5;112m[Appium]&amp;#27;[0m Error: listen EADDRINUSE: address already in use 127.0.0.1:4723&#10;    at Server.setupListenHandle [as _listen2] (node:net:1912:16)&#10;    at listenInCluster (node:net:1969:12)&#10;    at node:net:2178:7&#10;    at processTicksAndRejections (node:internal/process/task_queues:90:21)&#10;    at runNextTicks (node:internal/process/task_queues:69:3)&#10;    at processImmediate (node:internal/timers:459:9)&#10;"/>
  </testcase>
  <testcase name="tearDown" classname="TestClass.IOS.DemoTestIOS" time="0.0">
    <skipped/>
  </testcase>
  <testcase name="signInAuthTest" classname="TestClass.android.LoginTest" time="2.147">
    <system-out><![CDATA[&amp#27;[38;5;112m[Appium]&amp#27;[0m Welcome to Appium v2.13.1
&amp#27;[38;5;112m[Appium]&amp#27;[0m Non-default server args:
&amp#27;[38;5;112m[Appium]&amp#27;[0m { address: &amp#27;[32m'127.0.0.1'&amp#27;[39m }
&amp#27;[38;5;112m[Appium]&amp#27;[0m The autodetected Appium home path: /Users/akashray/.appium
&amp#27;[38;5;112m[Appium]&amp#27;[0m Attempting to load driver uiautomator2...
&amp#27;[38;5;112m[Appium]&amp#27;[0m Attempting to load driver xcuitest...
&amp#27;[38;5;112m[Appium]&amp#27;[0m Attempting to load driver gecko...
&amp#27;[38;5;112m[Appium]&amp#27;[0m Requiring driver at /Users/akashray/.appium/node_modules/appium-uiautomator2-driver/build/index.js
&amp#27;[38;5;112m[Appium]&amp#27;[0m Requiring driver at /Users/akashray/.appium/node_modules/appium-xcuitest-driver/build/index.js
&amp#27;[38;5;112m[Appium]&amp#27;[0m Requiring driver at /Users/akashray/.appium/node_modules/appium-geckodriver/build/index.js
&amp#27;[38;5;112m[Appium]&amp#27;[0m AndroidUiautomator2Driver has been successfully loaded in 0.636s
&amp#27;[38;5;112m[Appium]&amp#27;[0m GeckoDriver has been successfully loaded in 0.706s
&amp#27;[38;5;112m[Appium]&amp#27;[0m XCUITestDriver has been successfully loaded in 1.377s
&amp#27;[38;5;112m[Appium]&amp#27;[0m Appium REST http interface listener started on http://127.0.0.1:4723
&amp#27;[38;5;112m[Appium]&amp#27;[0m Available drivers:
&amp#27;[38;5;112m[Appium]&amp#27;[0m   - uiautomator2@3.9.2 (automationName 'UiAutomator2')
&amp#27;[38;5;112m[Appium]&amp#27;[0m   - xcuitest@7.33.0 (automationName 'XCUITest')
&amp#27;[38;5;112m[Appium]&amp#27;[0m   - gecko@1.4.0 (automationName 'Gecko')
&amp#27;[38;5;112m[Appium]&amp#27;[0m No plugins have been installed. Use the "appium plugin" command to install the one(s) you want to use.
&amp#27;[38;5;86m[HTTP]&amp#27;[0m &amp#27;[37m-->&amp#27;[39m &amp#27;[37mGET&amp#27;[39m &amp#27;[37m/status&amp#27;[39m &amp#27;[90m{}&amp#27;[39m
&amp#27;[38;5;207m[AppiumDriver@c10a]&amp#27;[0m Calling AppiumDriver.getStatus() with args: []
&amp#27;[38;5;207m[AppiumDriver@c10a]&amp#27;[0m Responding to client with driver.getStatus() result: {"ready":true,"message":"The server is ready to accept new connections","build":{"version":"2.13.1"}}
&amp#27;[38;5;86m[HTTP]&amp#27;[0m &amp#27;[37m<-- GET /status &amp#27;[39m&amp#27;[32m200&amp#27;[39m &amp#27;[90m10 ms - 111&amp#27;[39m &amp#27;[90m&amp#27;[39m
Appium server started...
&amp#27;[38;5;86m[HTTP]&amp#27;[0m Request idempotency key: f11160ee-467b-434a-ba3a-54631610dd10
&amp#27;[38;5;86m[HTTP]&amp#27;[0m &amp#27;[37m-->&amp#27;[39m &amp#27;[37mPOST&amp#27;[39m &amp#27;[37m/session&amp#27;[39m &amp#27;[90m{"capabilities":{"firstMatch":[{"appium:chromedriverExecutable":"//users//akashray//documents//chromedriver","appium:deviceName":"AkashPixelEmulator","platformName":"ANDROID","appium:automationName":"UIAutomator2","appium:app":"//Users//akashray//Desktop//App-Framework//src//test//java//resources//app-telus.apk"}]}}&amp#27;[39m
&amp#27;[38;5;207m[AppiumDriver@c10a]&amp#27;[0m Calling AppiumDriver.createSession() with args: [null,null,{"firstMatch":[{"appium:chromedriverExecutable":"//users//akashray//documents//chromedriver","appium:deviceName":"AkashPixelEmulator","platformName":"ANDROID","appium:automationName":"UIAutomator2","appium:app":"//Users//akashray//Desktop//App-Framework//src//test//java//resources//app-telus.apk"}]}]
&amp#27;[38;5;207m[AppiumDriver@c10a]&amp#27;[0m Event 'newSessionRequested' logged at 1734434756803 (16:55:56 GMT+0530 (India Standard Time))
&amp#27;[38;5;112m[Appium]&amp#27;[0m Attempting to find matching driver for automationName 'UIAutomator2' and platformName 'ANDROID'
&amp#27;[38;5;112m[Appium]&amp#27;[0m The 'uiautomator2' driver was installed and matched caps.
&amp#27;[38;5;112m[Appium]&amp#27;[0m Will require it at /Users/akashray/.appium/node_modules/appium-uiautomator2-driver
&amp#27;[38;5;112m[Appium]&amp#27;[0m Requiring driver at /Users/akashray/.appium/node_modules/appium-uiautomator2-driver/build/index.js
&amp#27;[38;5;207m[AppiumDriver@c10a]&amp#27;[0m Appium v2.13.1 creating new AndroidUiautomator2Driver (v3.9.2) session
&amp#27;[38;5;207m[AppiumDriver@c10a]&amp#27;[0m Checking BaseDriver versions for Appium and AndroidUiautomator2Driver
&amp#27;[38;5;207m[AppiumDriver@c10a]&amp#27;[0m Appium's BaseDriver version is 9.13.1
&amp#27;[38;5;207m[AppiumDriver@c10a]&amp#27;[0m AndroidUiautomator2Driver's BaseDriver version is 9.13.1
&amp#27;[38;5;4m[AndroidUiautomator2Driver@905e]&amp#27;[0m 
&amp#27;[38;5;4m[AndroidUiautomator2Driver@905e]&amp#27;[0m Creating session with W3C capabilities: {
  "alwaysMatch": {
    "platformName": "ANDROID",
    "appium:chromedriverExecutable": "//users//akashray//documents//chromedriver",
    "appium:deviceName": "AkashPixelEmulator",
    "appium:automationName": "UIAutomator2",
    "appium:app": "//Users//akashray//Desktop//App-Framework//src//test//java//resources//app-telus.apk"
  },
  "firstMatch": [
    {}
  ]
}
&amp#27;[38;5;189m[f2595a8a]&amp#27;[0m&amp#27;[38;5;4m[AndroidUiautomator2Driver@905e]&amp#27;[0m Session created with session id: f2595a8a-f926-443c-bac0-371e0b0bb3a9
&amp#27;[38;5;189m[f2595a8a]&amp#27;[0m&amp#27;[38;5;229m[ADB]&amp#27;[0m Found 2 'build-tools' folders under '/users/akashray/Library/Android/sdk' (newest first):
&amp#27;[38;5;189m[f2595a8a]&amp#27;[0m&amp#27;[38;5;229m[ADB]&amp#27;[0m     /users/akashray/Library/Android/sdk/build-tools/35.0.0
&amp#27;[38;5;189m[f2595a8a]&amp#27;[0m&amp#27;[38;5;229m[ADB]&amp#27;[0m     /users/akashray/Library/Android/sdk/build-tools/34.0.0
&amp#27;[38;5;189m[f2595a8a]&amp#27;[0m&amp#27;[38;5;229m[ADB]&amp#27;[0m Using 'adb' from '/users/akashray/Library/Android/sdk/platform-tools/adb'
&amp#27;[38;5;189m[f2595a8a]&amp#27;[0m&amp#27;[38;5;229m[ADB]&amp#27;[0m Running '/users/akashray/Library/Android/sdk/platform-tools/adb -P 5037 start-server'
&amp#27;[38;5;189m[f2595a8a]&amp#27;[0m&amp#27;[38;5;4m[AndroidUiautomator2Driver@905e]&amp#27;[0m Retrieving device list
&amp#27;[38;5;189m[f2595a8a]&amp#27;[0m&amp#27;[38;5;229m[ADB]&amp#27;[0m Trying to find connected Android devices
&amp#27;[38;5;189m[f2595a8a]&amp#27;[0m&amp#27;[38;5;229m[ADB]&amp#27;[0m Getting connected devices
&amp#27;[38;5;189m[f2595a8a]&amp#27;[0m&amp#27;[38;5;229m[ADB]&amp#27;[0m Connected devices: [{"udid":"emulator-5554","state":"device"}]
&amp#27;[38;5;189m[f2595a8a]&amp#27;[0m&amp#27;[38;5;4m[AndroidUiautomator2Driver@905e]&amp#27;[0m Using device: emulator-5554
&amp#27;[38;5;189m[f2595a8a]&amp#27;[0m&amp#27;[38;5;229m[ADB]&amp#27;[0m Using 'adb' from '/users/akashray/Library/Android/sdk/platform-tools/adb'
&amp#27;[38;5;189m[f2595a8a]&amp#27;[0m&amp#27;[38;5;229m[ADB]&amp#27;[0m Running '/users/akashray/Library/Android/sdk/platform-tools/adb -P 5037 start-server'
&amp#27;[38;5;189m[f2595a8a]&amp#27;[0m&amp#27;[38;5;229m[ADB]&amp#27;[0m Setting device id to emulator-5554
&amp#27;[38;5;189m[f2595a8a]&amp#27;[0m&amp#27;[38;5;123m[BaseDriver]&amp#27;[0m Using local app '//Users//akashray//Desktop//App-Framework//src//test//java//resources//app-telus.apk'
&amp#27;[38;5;189m[f2595a8a]&amp#27;[0m&amp#27;[38;5;4m[AndroidUiautomator2Driver@905e]&amp#27;[0m Checking whether app is actually present
&amp#27;[38;5;189m[f2595a8a]&amp#27;[0m&amp#27;[38;5;229m[ADB]&amp#27;[0m Running '/users/akashray/Library/Android/sdk/platform-tools/adb -P 5037 -s emulator-5554 shell getprop ro.build.version.sdk'
&amp#27;[38;5;189m[f2595a8a]&amp#27;[0m&amp#27;[38;5;229m[ADB]&amp#27;[0m Current device property 'ro.build.version.sdk': 35
&amp#27;[38;5;189m[f2595a8a]&amp#27;[0m&amp#27;[38;5;229m[ADB]&amp#27;[0m Getting device platform version
&amp#27;[38;5;189m[f2595a8a]&amp#27;[0m&amp#27;[38;5;229m[ADB]&amp#27;[0m Running '/users/akashray/Library/Android/sdk/platform-tools/adb -P 5037 -s emulator-5554 shell getprop ro.build.version.release'
&amp#27;[38;5;189m[f2595a8a]&amp#27;[0m&amp#27;[38;5;229m[ADB]&amp#27;[0m Current device property 'ro.build.version.release': 15
&amp#27;[38;5;189m[f2595a8a]&amp#27;[0m&amp#27;[38;5;229m[ADB]&amp#27;[0m Device API level: 35
&amp#27;[38;5;189m[f2595a8a]&amp#27;[0m&amp#27;[38;5;4m[AndroidUiautomator2Driver@905e]&amp#27;[0m Relaxing hidden api policy
&amp#27;[38;5;189m[f2595a8a]&amp#27;[0m&amp#27;[38;5;229m[ADB]&amp#27;[0m Running '/users/akashray/Library/Android/sdk/platform-tools/adb -P 5037 -s emulator-5554 shell 'settings put global hidden_api_policy_pre_p_apps 1;settings put global hidden_api_policy_p_apps 1;settings put global hidden_api_policy 1''
&amp#27;[38;5;189m[f2595a8a]&amp#27;[0m&amp#27;[38;5;4m[AndroidUiautomator2Driver@905e]&amp#27;[0m Parsing package and activity from app manifest
&amp#27;[38;5;189m[f2595a8a]&amp#27;[0m&amp#27;[38;5;229m[ADB]&amp#27;[0m Running '/users/akashray/Library/Android/sdk/platform-tools/adb -P 5037 -s emulator-5554 wait-for-device'
&amp#27;[38;5;189m[f2595a8a]&amp#27;[0m&amp#27;[38;5;229m[ADB]&amp#27;[0m Using 'aapt2' from '/users/akashray/Library/Android/sdk/build-tools/35.0.0/aapt2'
&amp#27;[38;5;189m[f2595a8a]&amp#27;[0m&amp#27;[38;5;229m[ADB]&amp#27;[0m Reading package manifest: '/users/akashray/Library/Android/sdk/build-tools/35.0.0/aapt2 dump badging //Users//akashray//Desktop//App-Framework//src//test//java//resources//app-telus.apk'
&amp#27;[38;5;189m[f2595a8a]&amp#27;[0m&amp#27;[38;5;229m[ADB]&amp#27;[0m Running '/users/akashray/Library/Android/sdk/platform-tools/adb -P 5037 -s emulator-5554 shell echo ping'
&amp#27;[38;5;189m[f2595a8a]&amp#27;[0m&amp#27;[38;5;4m[AndroidUiautomator2Driver@905e]&amp#27;[0m Pushing settings apk to the device...
&amp#27;[38;5;189m[f2595a8a]&amp#27;[0m&amp#27;[38;5;229m[ADB]&amp#27;[0m Getting package info for 'io.appium.settings'
&amp#27;[38;5;189m[f2595a8a]&amp#27;[0m&amp#27;[38;5;229m[ADB]&amp#27;[0m Running '/users/akashray/Library/Android/sdk/platform-tools/adb -P 5037 -s emulator-5554 shell dumpsys package io.appium.settings'
&amp#27;[38;5;189m[f2595a8a]&amp#27;[0m&amp#27;[38;5;229m[ADB]&amp#27;[0m Reading package manifest: '/users/akashray/Library/Android/sdk/build-tools/35.0.0/aapt2 dump badging /Users/akashray/.appium/node_modules/appium-uiautomator2-driver/node_modules/io.appium.settings/apks/settings_apk-debug.apk'
&amp#27;[38;5;189m[f2595a8a]&amp#27;[0m&amp#27;[38;5;229m[ADB]&amp#27;[0m The version name of the installed 'io.appium.settings' is greater or equal to the application version name ('5.12.19' >= '5.12.19')
&amp#27;[38;5;189m[f2595a8a]&amp#27;[0m&amp#27;[38;5;229m[ADB]&amp#27;[0m There is no need to install/upgrade '/Users/akashray/.appium/node_modules/appium-uiautomator2-driver/node_modules/io.appium.settings/apks/settings_apk-debug.apk'
&amp#27;[38;5;189m[f2595a8a]&amp#27;[0m&amp#27;[38;5;229m[ADB]&amp#27;[0m Running '/users/akashray/Library/Android/sdk/platform-tools/adb -P 5037 -s emulator-5554 shell dumpsys activity services io.appium.settings'
&amp#27;[38;5;189m[f2595a8a]&amp#27;[0m&amp#27;[38;5;229m[ADB]&amp#27;[0m Package name: 'com.telus.ai.collection.debug'
&amp#27;[38;5;189m[f2595a8a]&amp#27;[0m&amp#27;[38;5;229m[ADB]&amp#27;[0m Main activity name: 'com.telus.ai.collection.MainActivity'
&amp#27;[38;5;189m[f2595a8a]&amp#27;[0m&amp#27;[38;5;4m[AndroidUiautomator2Driver@905e]&amp#27;[0m Parsed package and activity are: com.telus.ai.collection.debug/com.telus.ai.collection.MainActivity
&amp#27;[38;5;189m[f2595a8a]&amp#27;[0m&amp#27;[38;5;229m[ADB]&amp#27;[0m Running '/users/akashray/Library/Android/sdk/platform-tools/adb -P 5037 -s emulator-5554 shell cmd notification allow_listener io.appium.settings/.NLService'
&amp#27;[38;5;189m[f2595a8a]&amp#27;[0m&amp#27;[38;5;229m[ADB]&amp#27;[0m Running '/users/akashray/Library/Android/sdk/platform-tools/adb -P 5037 -s emulator-5554 shell appops set io.appium.settings PROJECT_MEDIA allow'
&amp#27;[38;5;189m[f2595a8a]&amp#27;[0m&amp#27;[38;5;229m[ADB]&amp#27;[0m Running '/users/akashray/Library/Android/sdk/platform-tools/adb -P 5037 -s emulator-5554 shell dumpsys activity services io.appium.settings'
&amp#27;[38;5;189m[f2595a8a]&amp#27;[0m&amp#27;[38;5;78m[SettingsApp]&amp#27;[0m Starting Appium Settings app
&amp#27;[38;5;189m[f2595a8a]&amp#27;[0m&amp#27;[38;5;229m[ADB]&amp#27;[0m Running '/users/akashray/Library/Android/sdk/platform-tools/adb -P 5037 -s emulator-5554 shell am start-activity -n io.appium.settings/.Settings -a android.intent.action.MAIN -c android.intent.category.LAUNCHER'
&amp#27;[38;5;189m[f2595a8a]&amp#27;[0m&amp#27;[38;5;229m[ADB]&amp#27;[0m Running '/users/akashray/Library/Android/sdk/platform-tools/adb -P 5037 -s emulator-5554 shell dumpsys activity services io.appium.settings'
&amp#27;[38;5;189m[f2595a8a]&amp#27;[0m&amp#27;[38;5;229m[ADB]&amp#27;[0m Running '/users/akashray/Library/Android/sdk/platform-tools/adb -P 5037 -s emulator-5554 shell dumpsys activity services io.appium.settings'
&amp#27;[38;5;189m[f2595a8a]&amp#27;[0m&amp#27;[38;5;160m[Logcat]&amp#27;[0m Starting logs capture with command: /users/akashray/Library/Android/sdk/platform-tools/adb -P 5037 -s emulator-5554 logcat -v threadtime
&amp#27;[38;5;189m[f2595a8a]&amp#27;[0m&amp#27;[38;5;4m[AndroidUiautomator2Driver@905e]&amp#27;[0m Forwarding UiAutomator2 Server port 6790 to local port 8200
&amp#27;[38;5;189m[f2595a8a]&amp#27;[0m&amp#27;[38;5;229m[ADB]&amp#27;[0m Forwarding system: 8200 to device: 6790
&amp#27;[38;5;189m[f2595a8a]&amp#27;[0m&amp#27;[38;5;229m[ADB]&amp#27;[0m Running '/users/akashray/Library/Android/sdk/platform-tools/adb -P 5037 -s emulator-5554 forward tcp:8200 tcp:6790'
&amp#27;[38;5;189m[f2595a8a]&amp#27;[0m&amp#27;[38;5;229m[ADB]&amp#27;[0m Getting package info for 'io.appium.uiautomator2.server'
&amp#27;[38;5;189m[f2595a8a]&amp#27;[0m&amp#27;[38;5;229m[ADB]&amp#27;[0m Running '/users/akashray/Library/Android/sdk/platform-tools/adb -P 5037 -s emulator-5554 shell dumpsys package io.appium.uiautomator2.server'
&amp#27;[38;5;189m[f2595a8a]&amp#27;[0m&amp#27;[38;5;229m[ADB]&amp#27;[0m Getting install status for io.appium.uiautomator2.server.test
&amp#27;[38;5;189m[f2595a8a]&amp#27;[0m&amp#27;[38;5;229m[ADB]&amp#27;[0m Checking app cert for //Users//akashray//Desktop//App-Framework//src//test//java//resources//app-telus.apk
&amp#27;[38;5;189m[f2595a8a]&amp#27;[0m&amp#27;[38;5;229m[ADB]&amp#27;[0m Running '/users/akashray/Library/Android/sdk/platform-tools/adb -P 5037 -s emulator-5554 shell cmd package list packages'
&amp#27;[38;5;189m[f2595a8a]&amp#27;[0m&amp#27;[38;5;229m[ADB]&amp#27;[0m 'io.appium.uiautomator2.server.test' is installed
&amp#27;[38;5;189m[f2595a8a]&amp#27;[0m&amp#27;[38;5;229m[ADB]&amp#27;[0m Using 'apksigner.jar' from '/users/akashray/Library/Android/sdk/build-tools/35.0.0/lib/apksigner.jar'
&amp#27;[38;5;189m[f2595a8a]&amp#27;[0m&amp#27;[38;5;229m[ADB]&amp#27;[0m Starting apksigner: /Library/Java/JavaVirtualMachines/openlogic-openjdk-17.jdk/Contents/Home/bin/java -Xmx1024M -Xss1m -jar /users/akashray/Library/Android/sdk/build-tools/35.0.0/lib/apksigner.jar verify --print-certs //Users//akashray//Desktop//App-Framework//src//test//java//resources//app-telus.apk
&amp#27;[38;5;189m[f2595a8a]&amp#27;[0m&amp#27;[38;5;229m[ADB]&amp#27;[0m Reading package manifest: '/users/akashray/Library/Android/sdk/build-tools/35.0.0/aapt2 dump badging /Users/akashray/.appium/node_modules/appium-uiautomator2-driver/node_modules/appium-uiautomator2-server/apks/appium-uiautomator2-server-v7.1.7.apk'
&amp#27;[38;5;189m[f2595a8a]&amp#27;[0m&amp#27;[38;5;229m[ADB]&amp#27;[0m The version name of the installed 'io.appium.uiautomator2.server' is greater or equal to the application version name ('7.1.7' >= '7.1.7')
&amp#27;[38;5;189m[f2595a8a]&amp#27;[0m&amp#27;[38;5;4m[AndroidUiautomator2Driver@905e]&amp#27;[0m Server packages status: [{"installState":"sameVersionInstalled","appPath":"/Users/akashray/.appium/node_modules/appium-uiautomator2-driver/node_modules/appium-uiautomator2-server/apks/appium-uiautomator2-server-v7.1.7.apk","appId":"io.appium.uiautomator2.server"},{"installState":"sameVersionInstalled","appPath":"/Users/akashray/.appium/node_modules/appium-uiautomator2-driver/node_modules/appium-uiautomator2-server/apks/appium-uiautomator2-server-debug-androidTest.apk","appId":"io.appium.uiautomator2.server.test"}]
&amp#27;[38;5;189m[f2595a8a]&amp#27;[0m&amp#27;[38;5;4m[AndroidUiautomator2Driver@905e]&amp#27;[0m Server packages are not going to be (re)installed
&amp#27;[38;5;189m[f2595a8a]&amp#27;[0m&amp#27;[38;5;4m[AndroidUiautomator2Driver@905e]&amp#27;[0m Waiting up to 30000ms for services to be available
&amp#27;[38;5;189m[f2595a8a]&amp#27;[0m&amp#27;[38;5;229m[ADB]&amp#27;[0m Running '/users/akashray/Library/Android/sdk/platform-tools/adb -P 5037 -s emulator-5554 shell pm list instrumentation'
&amp#27;[38;5;189m[f2595a8a]&amp#27;[0m&amp#27;[38;5;4m[AndroidUiautomator2Driver@905e]&amp#27;[0m Instrumentation target 'io.appium.uiautomator2.server.test/androidx.test.runner.AndroidJUnitRunner' is available
&amp#27;[38;5;189m[f2595a8a]&amp#27;[0m&amp#27;[38;5;229m[ADB]&amp#27;[0m Adding packages ["io.appium.settings","io.appium.uiautomator2.server","io.appium.uiautomator2.server.test"] to Doze whitelist
&amp#27;[38;5;189m[f2595a8a]&amp#27;[0m&amp#27;[38;5;229m[ADB]&amp#27;[0m Got the following command chunks to execute: [["dumpsys","deviceidle","whitelist","+io.appium.settings",";","dumpsys","deviceidle","whitelist","+io.appium.uiautomator2.server",";","dumpsys","deviceidle","whitelist","+io.appium.uiautomator2.server.test",";"]]
&amp#27;[38;5;189m[f2595a8a]&amp#27;[0m&amp#27;[38;5;229m[ADB]&amp#27;[0m Running '/users/akashray/Library/Android/sdk/platform-tools/adb -P 5037 -s emulator-5554 shell dumpsys deviceidle whitelist +io.appium.settings ; dumpsys deviceidle whitelist +io.appium.uiautomator2.server ; dumpsys deviceidle whitelist +io.appium.uiautomator2.server.test ;'
&amp#27;[38;5;189m[f2595a8a]&amp#27;[0m&amp#27;[38;5;229m[ADB]&amp#27;[0m apksigner stdout: Signer #1 certificate DN: C=US, O=Android, CN=Android Debug
Signer #1 certificate SHA-256 digest: 39291e2ce7982c7362cd5b4ada9dae597d20e798b6917251765b1197fedefaa3
Signer #1 certificate SHA-1 digest: a8c00081692dd4ccfb90c1f2b72b67f4646407eb
Signer #1 certificate MD5 digest: 6001fb08aa01fa179a10d020cd8640db

&amp#27;[38;5;189m[f2595a8a]&amp#27;[0m&amp#27;[38;5;229m[ADB]&amp#27;[0m '//Users//akashray//Desktop//App-Framework//src//test//java//resources//app-telus.apk' is signed with a non-default certificate
&amp#27;[38;5;189m[f2595a8a]&amp#27;[0m&amp#27;[38;5;229m[ADB]&amp#27;[0m Getting package info for 'com.telus.ai.collection.debug'
&amp#27;[38;5;189m[f2595a8a]&amp#27;[0m&amp#27;[38;5;229m[ADB]&amp#27;[0m Running '/users/akashray/Library/Android/sdk/platform-tools/adb -P 5037 -s emulator-5554 shell dumpsys package com.telus.ai.collection.debug'
&amp#27;[38;5;189m[f2595a8a]&amp#27;[0m&amp#27;[38;5;229m[ADB]&amp#27;[0m Reading package manifest: '/users/akashray/Library/Android/sdk/build-tools/35.0.0/aapt2 dump badging //Users//akashray//Desktop//App-Framework//src//test//java//resources//app-telus.apk'
&amp#27;[38;5;189m[f2595a8a]&amp#27;[0m&amp#27;[38;5;229m[ADB]&amp#27;[0m The version name of the installed 'com.telus.ai.collection.debug' is greater or equal to the application version name ('2.0.0' >= '2.0.0')
&amp#27;[38;5;189m[f2595a8a]&amp#27;[0m&amp#27;[38;5;229m[ADB]&amp#27;[0m There is no need to install/upgrade '//Users//akashray//Desktop//App-Framework//src//test//java//resources//app-telus.apk'
&amp#27;[38;5;189m[f2595a8a]&amp#27;[0m&amp#27;[38;5;4m[AndroidUiautomator2Driver@905e]&amp#27;[0m Performing fast reset on 'com.telus.ai.collection.debug'
&amp#27;[38;5;189m[f2595a8a]&amp#27;[0m&amp#27;[38;5;229m[ADB]&amp#27;[0m Getting install status for com.telus.ai.collection.debug
&amp#27;[38;5;189m[f2595a8a]&amp#27;[0m&amp#27;[38;5;229m[ADB]&amp#27;[0m Running '/users/akashray/Library/Android/sdk/platform-tools/adb -P 5037 -s emulator-5554 shell cmd package list packages'
&amp#27;[38;5;189m[f2595a8a]&amp#27;[0m&amp#27;[38;5;229m[ADB]&amp#27;[0m 'com.telus.ai.collection.debug' is installed
&amp#27;[38;5;189m[f2595a8a]&amp#27;[0m&amp#27;[38;5;229m[ADB]&amp#27;[0m Running '/users/akashray/Library/Android/sdk/platform-tools/adb -P 5037 -s emulator-5554 shell am force-stop com.telus.ai.collection.debug'
&amp#27;[38;5;189m[f2595a8a]&amp#27;[0m&amp#27;[38;5;229m[ADB]&amp#27;[0m Running '/users/akashray/Library/Android/sdk/platform-tools/adb -P 5037 -s emulator-5554 shell pm clear com.telus.ai.collection.debug'
&amp#27;[38;5;189m[f2595a8a]&amp#27;[0m&amp#27;[38;5;4m[AndroidUiautomator2Driver@905e]&amp#27;[0m Performed fast reset on the installed 'com.telus.ai.collection.debug' application (stop and clear)
&amp#27;[38;5;189m[f2595a8a]&amp#27;[0m&amp#27;[38;5;4m[AndroidUiautomator2Driver@905e]&amp#27;[0m Performing shallow cleanup of automation leftovers
&amp#27;[38;5;189m[f2595a8a]&amp#27;[0m&amp#27;[38;5;4m[AndroidUiautomator2Driver@905e]&amp#27;[0m No obsolete sessions have been detected (socket hang up)
&amp#27;[38;5;189m[f2595a8a]&amp#27;[0m&amp#27;[38;5;229m[ADB]&amp#27;[0m Running '/users/akashray/Library/Android/sdk/platform-tools/adb -P 5037 -s emulator-5554 shell am force-stop io.appium.uiautomator2.server'
&amp#27;[38;5;189m[f2595a8a]&amp#27;[0m&amp#27;[38;5;229m[ADB]&amp#27;[0m Running '/users/akashray/Library/Android/sdk/platform-tools/adb -P 5037 -s emulator-5554 shell am force-stop io.appium.uiautomator2.server.test'
&amp#27;[38;5;189m[f2595a8a]&amp#27;[0m&amp#27;[38;5;4m[AndroidUiautomator2Driver@905e]&amp#27;[0m Starting UIAutomator2 server 7.1.7
&amp#27;[38;5;189m[f2595a8a]&amp#27;[0m&amp#27;[38;5;4m[AndroidUiautomator2Driver@905e]&amp#27;[0m Using UIAutomator2 server from '/Users/akashray/.appium/node_modules/appium-uiautomator2-driver/node_modules/appium-uiautomator2-server/apks/appium-uiautomator2-server-v7.1.7.apk' and test from '/Users/akashray/.appium/node_modules/appium-uiautomator2-driver/node_modules/appium-uiautomator2-server/apks/appium-uiautomator2-server-debug-androidTest.apk'
&amp#27;[38;5;189m[f2595a8a]&amp#27;[0m&amp#27;[38;5;4m[AndroidUiautomator2Driver@905e]&amp#27;[0m Waiting up to 30000ms for UiAutomator2 to be online...
&amp#27;[38;5;189m[f2595a8a]&amp#27;[0m&amp#27;[38;5;229m[ADB]&amp#27;[0m Creating ADB subprocess with args: ["-P","5037","-s","emulator-5554","shell","am","instrument","-w","-e","disableAnalytics","true","io.appium.uiautomator2.server.test/androidx.test.runner.AndroidJUnitRunner"]
&amp#27;[38;5;189m[f2595a8a]&amp#27;[0m&amp#27;[38;5;4m[AndroidUiautomator2Driver@905e]&amp#27;[0m Matched '/status' to command name 'getStatus'
&amp#27;[38;5;189m[f2595a8a]&amp#27;[0m&amp#27;[38;5;4m[AndroidUiautomator2Driver@905e]&amp#27;[0m Proxying [GET /status] to [GET http://127.0.0.1:8200/status] with no body
&amp#27;[38;5;189m[f2595a8a]&amp#27;[0m&amp#27;[38;5;4m[AndroidUiautomator2Driver@905e]&amp#27;[0m socket hang up
&amp#27;[38;5;189m[f2595a8a]&amp#27;[0m&amp#27;[38;5;4m[AndroidUiautomator2Driver@905e]&amp#27;[0m [Instrumentation] 
&amp#27;[38;5;189m[f2595a8a]&amp#27;[0m&amp#27;[38;5;4m[AndroidUiautomator2Driver@905e]&amp#27;[0m Matched '/status' to command name 'getStatus'
&amp#27;[38;5;189m[f2595a8a]&amp#27;[0m&amp#27;[38;5;4m[AndroidUiautomator2Driver@905e]&amp#27;[0m Proxying [GET /status] to [GET http://127.0.0.1:8200/status] with no body
&amp#27;[38;5;189m[f2595a8a]&amp#27;[0m&amp#27;[38;5;4m[AndroidUiautomator2Driver@905e]&amp#27;[0m socket hang up
&amp#27;[38;5;189m[f2595a8a]&amp#27;[0m&amp#27;[38;5;4m[AndroidUiautomator2Driver@905e]&amp#27;[0m Matched '/status' to command name 'getStatus'
&amp#27;[38;5;189m[f2595a8a]&amp#27;[0m&amp#27;[38;5;4m[AndroidUiautomator2Driver@905e]&amp#27;[0m Proxying [GET /status] to [GET http://127.0.0.1:8200/status] with no body
&amp#27;[38;5;189m[f2595a8a]&amp#27;[0m&amp#27;[38;5;4m[AndroidUiautomator2Driver@905e]&amp#27;[0m Got response with status 200: {"sessionId":"None","value":{"message":"UiAutomator2 Server is ready to accept commands","ready":true}}
&amp#27;[38;5;189m[f2595a8a]&amp#27;[0m&amp#27;[38;5;4m[AndroidUiautomator2Driver@905e]&amp#27;[0m The initialization of the instrumentation process took 2111ms
&amp#27;[38;5;189m[f2595a8a]&amp#27;[0m&amp#27;[38;5;4m[AndroidUiautomator2Driver@905e]&amp#27;[0m Matched '/session' to command name 'createSession'
&amp#27;[38;5;189m[f2595a8a]&amp#27;[0m&amp#27;[38;5;4m[AndroidUiautomator2Driver@905e]&amp#27;[0m Proxying [POST /session] to [POST http://127.0.0.1:8200/session] with body: {"capabilities":{"firstMatch":[{"platformName":"ANDROID","chromedriverExecutable":"//users//akashray//documents//chromedriver","deviceName":"emulator-5554","automationName":"UIAutomator2","app":"//Users//akashray//Desktop//App-Framework//src//test//java//resources//app-telus.apk","platform":"LINUX","webStorageEnabled":false,"takesScreenshot":true,"javascriptEnabled":true,"databaseEnabled":false,"networkConnectionEnabled":true,"locationContextEnabled":false,"warnings":{},"desired":{"platformName":"ANDROID","chromedriverExecutable":"//users//akashray//documents//chromedriver","deviceName":"AkashPixelEmulator","automationName":"UIAutomator2","app":"//Users//akashray//Desktop//App-Framework//src//test//java//resources//app-telus.apk"},"deviceUDID":"emulator-5554","appPackage":"com.telus.ai.collection.debug"}],"alwaysMatch":{}}}
&amp#27;[38;5;189m[f2595a8a]&amp#27;[0m&amp#27;[38;5;4m[AndroidUiautomator2Driver@905e]&amp#27;[0m Got response with status 200: {"sessionId":"2ba4ac6d-eecf-49e4-b1cb-f3b166241f2e","value":{"capabilities":{"firstMatch":[{"platformName":"ANDROID","chromedriverExecutable":"//users//akashray//documents//chromedriver","deviceName":"emulator-5554","automationName":"UIAutomator2","app":"//Users//akashray//Desktop//App-Framework//src//test//java//resources//app-telus.apk","platform":"LINUX","webStorageEnabled":false,"takesScreenshot":true,"javascriptEnabled":true,"databaseEnabled":false,"networkConnectionEnabled":true,"locationContextEnabled":false,"warnings":{},"desired":{"platformName":"ANDROID","chromedriverExecutable":"//users//akashray//documents//chromedriver","deviceName":"AkashPixelEmulator","automationName":"UIAutomator2","app":"//Users//akashray//Desktop//App-Framework//src//test//java//resources//app-telus.apk"},"deviceUDID":"emulator-5554","appPackage":"com.telus.ai.collection.debug"}],"alwaysMatch":{}},"sessionId":"2ba4ac6d-eecf-49e4-b1cb-f3b166241f2e"}}
&amp#27;[38;5;189m[f2595a8a]&amp#27;[0m&amp#27;[38;5;4m[AndroidUiautomator2Driver@905e]&amp#27;[0m Determined the downstream protocol as 'W3C'
&amp#27;[38;5;189m[f2595a8a]&amp#27;[0m&amp#27;[38;5;4m[AndroidUiautomator2Driver@905e]&amp#27;[0m Proxying [GET /appium/device/pixel_ratio] to [GET http://127.0.0.1:8200/session/2ba4ac6d-eecf-49e4-b1cb-f3b166241f2e/appium/device/pixel_ratio] with no body
&amp#27;[38;5;189m[f2595a8a]&amp#27;[0m&amp#27;[38;5;4m[AndroidUiautomator2Driver@905e]&amp#27;[0m Matched '/appium/device/system_bars' to command name 'getSystemBars'
&amp#27;[38;5;189m[f2595a8a]&amp#27;[0m&amp#27;[38;5;4m[AndroidUiautomator2Driver@905e]&amp#27;[0m Proxying [GET /appium/device/system_bars] to [GET http://127.0.0.1:8200/session/2ba4ac6d-eecf-49e4-b1cb-f3b166241f2e/appium/device/system_bars] with no body
&amp#27;[38;5;189m[f2595a8a]&amp#27;[0m&amp#27;[38;5;4m[AndroidUiautomator2Driver@905e]&amp#27;[0m Matched '/window/current/size' to command name 'getWindowSize'
&amp#27;[38;5;189m[f2595a8a]&amp#27;[0m&amp#27;[38;5;4m[AndroidUiautomator2Driver@905e]&amp#27;[0m Proxying [GET /window/current/size] to [GET http://127.0.0.1:8200/session/2ba4ac6d-eecf-49e4-b1cb-f3b166241f2e/window/current/size] with no body
&amp#27;[38;5;189m[f2595a8a]&amp#27;[0m&amp#27;[38;5;4m[AndroidUiautomator2Driver@905e]&amp#27;[0m Proxying [GET /appium/device/info] to [GET http://127.0.0.1:8200/session/2ba4ac6d-eecf-49e4-b1cb-f3b166241f2e/appium/device/info] with no body
&amp#27;[38;5;189m[f2595a8a]&amp#27;[0m&amp#27;[38;5;229m[ADB]&amp#27;[0m Running '/users/akashray/Library/Android/sdk/platform-tools/adb -P 5037 -s emulator-5554 shell dumpsys window'
&amp#27;[38;5;189m[f2595a8a]&amp#27;[0m&amp#27;[38;5;229m[ADB]&amp#27;[0m Running '/users/akashray/Library/Android/sdk/platform-tools/adb -P 5037 -s emulator-5554 shell dumpsys power'
&amp#27;[38;5;189m[f2595a8a]&amp#27;[0m&amp#27;[38;5;4m[AndroidUiautomator2Driver@905e]&amp#27;[0m Got response with status 200: {"sessionId":"2ba4ac6d-eecf-49e4-b1cb-f3b166241f2e","value":2.625}
&amp#27;[38;5;189m[f2595a8a]&amp#27;[0m&amp#27;[38;5;4m[AndroidUiautomator2Driver@905e]&amp#27;[0m Got response with status 200: {"sessionId":"2ba4ac6d-eecf-49e4-b1cb-f3b166241f2e","value":{"statusBar":136}}
&amp#27;[38;5;189m[f2595a8a]&amp#27;[0m&amp#27;[38;5;4m[AndroidUiautomator2Driver@905e]&amp#27;[0m Got response with status 200: {"sessionId":"2ba4ac6d-eecf-49e4-b1cb-f3b166241f2e","value":{"height":2400,"width":1080}}
&amp#27;[38;5;189m[f2595a8a]&amp#27;[0m&amp#27;[38;5;4m[AndroidUiautomator2Driver@905e]&amp#27;[0m Got response with status 200: {"sessionId":"2ba4ac6d-eecf-49e4-b1cb-f3b166241f2e","value":{"androidId":"96029e3c3418c213","apiVersion":"35","bluetooth":{"state":"ON"},"brand":"google","carrierName":"T-Mobile","displayDensity":420,"locale":"en_US","manufacturer":"Google","model":"sdk_gphone64_arm64","networks":[{"capabilities":{"SSID":null,"linkDownBandwidthKbps":30000,"linkUpstreamBandwidthKbps":12000,"networkCapabilities":"NET_CAPABILITY_NOT_METERED,NET_CAPABILITY_INTERNET,NET_CAPABILITY_NOT_RESTRICTED,NET_CAPABILITY_TRUSTED,NET_CAPABILITY_NOT_VPN,NET_CAPABILITY_VALIDATED,NET_CAPABILITY_NOT_ROAMING,NET_CAPABILITY_FOREGROUND,NET_CAPABILITY_NOT_CONGESTED,NET_CAPABILITY_NOT_SUSPENDED","signalStrength":-50,"transportTypes":"TRANSPORT_WIFI"},"detailedState":"CONNECTED","extraInfo":"","isAvailable":true,"isConnected":true,"isFailover":false,"isRoaming":false,"state":"CONNECTED","subtype":-1,"subtypeName":"","type":1,"typeName":"WIFI"},{"capabilities":{"SSID":null,"linkDownBandwidthKbps":4300,"linkUpstreamBandwidthKbps":1800,"networkCapabili...
&amp#27;[38;5;189m[f2595a8a]&amp#27;[0m&amp#27;[38;5;4m[AndroidUiautomator2Driver@905e]&amp#27;[0m Screen already unlocked, doing nothing
&amp#27;[38;5;189m[f2595a8a]&amp#27;[0m&amp#27;[38;5;4m[AndroidUiautomator2Driver@905e]&amp#27;[0m Starting 'com.telus.ai.collection.debug/com.telus.ai.collection.MainActivity and waiting for 'com.telus.ai.collection.debug/com.telus.ai.collection.MainActivity'
&amp#27;[38;5;189m[f2595a8a]&amp#27;[0m&amp#27;[38;5;229m[ADB]&amp#27;[0m Running '/users/akashray/Library/Android/sdk/platform-tools/adb -P 5037 -s emulator-5554 shell am start-activity -W -n com.telus.ai.collection.debug/com.telus.ai.collection.MainActivity -S -a android.intent.action.MAIN -c android.intent.category.LAUNCHER -f 0x10200000'
&amp#27;[38;5;189m[f2595a8a]&amp#27;[0m&amp#27;[38;5;229m[ADB]&amp#27;[0m Waiting up to 20000ms for activity matching pkg: 'com.telus.ai.collection.debug' and activity: 'com.telus.ai.collection.MainActivity' to be focused
&amp#27;[38;5;189m[f2595a8a]&amp#27;[0m&amp#27;[38;5;229m[ADB]&amp#27;[0m Possible activities, to be checked: 'com.telus.ai.collection.MainActivity', 'com.telus.ai.collection.debug.com.telus.ai.collection.MainActivity'
&amp#27;[38;5;189m[f2595a8a]&amp#27;[0m&amp#27;[38;5;229m[ADB]&amp#27;[0m Getting focused package and activity
&amp#27;[38;5;189m[f2595a8a]&amp#27;[0m&amp#27;[38;5;229m[ADB]&amp#27;[0m Running '/users/akashray/Library/Android/sdk/platform-tools/adb -P 5037 -s emulator-5554 shell dumpsys window displays'
&amp#27;[38;5;189m[f2595a8a]&amp#27;[0m&amp#27;[38;5;229m[ADB]&amp#27;[0m Found package: 'com.telus.ai.collection.debug' and fully qualified activity name : 'com.telus.ai.collection.MainActivity'
&amp#27;[38;5;189m[f2595a8a]&amp#27;[0m&amp#27;[38;5;207m[AppiumDriver@c10a]&amp#27;[0m New AndroidUiautomator2Driver session created successfully, session f2595a8a-f926-443c-bac0-371e0b0bb3a9 added to master session list
&amp#27;[38;5;189m[f2595a8a]&amp#27;[0m&amp#27;[38;5;207m[AppiumDriver@c10a]&amp#27;[0m Event 'newSessionStarted' logged at 1734434769167 (16:56:09 GMT+0530 (India Standard Time))
&amp#27;[38;5;189m[f2595a8a]&amp#27;[0m&amp#27;[38;5;4m[AndroidUiautomator2Driver@905e]&amp#27;[0m Cached the protocol value 'W3C' for the new session f2595a8a-f926-443c-bac0-371e0b0bb3a9
&amp#27;[38;5;189m[f2595a8a]&amp#27;[0m&amp#27;[38;5;4m[AndroidUiautomator2Driver@905e]&amp#27;[0m Responding to client with driver.createSession() result: {"capabilities":{"platformName":"ANDROID","chromedriverExecutable":"//users//akashray//documents//chromedriver","deviceName":"emulator-5554","automationName":"UIAutomator2","app":"//Users//akashray//Desktop//App-Framework//src//test//java//resources//app-telus.apk","platform":"LINUX","webStorageEnabled":false,"takesScreenshot":true,"javascriptEnabled":true,"databaseEnabled":false,"networkConnectionEnabled":true,"locationContextEnabled":false,"warnings":{},"desired":{"platformName":"ANDROID","chromedriverExecutable":"//users//akashray//documents//chromedriver","deviceName":"AkashPixelEmulator","automationName":"UIAutomator2","app":"//Users//akashray//Desktop//App-Framework//src//test//java//resources//app-telus.apk"},"deviceUDID":"emulator-5554","appPackage":"com.telus.ai.collection.debug","pixelRatio":"2.625","statBarHeight":136,"viewportRect":{"left":0,"top":136,"width":1080,"height":2264},"deviceApiLevel":35,"platformVersion":"15","deviceManufacturer":"Google","deviceModel":"sdk_gphone64_arm64","deviceSc...
&amp#27;[38;5;189m[f2595a8a]&amp#27;[0m&amp#27;[38;5;86m[HTTP]&amp#27;[0m &amp#27;[37m<-- POST /session &amp#27;[39m&amp#27;[32m200&amp#27;[39m &amp#27;[90m12366 ms - 1131&amp#27;[39m &amp#27;[90m&amp#27;[39m
&amp#27;[38;5;189m[f2595a8a]&amp#27;[0m&amp#27;[38;5;86m[HTTP]&amp#27;[0m &amp#27;[37m-->&amp#27;[39m &amp#27;[37mPOST&amp#27;[39m &amp#27;[37m/session/f2595a8a-f926-443c-bac0-371e0b0bb3a9/timeouts&amp#27;[39m &amp#27;[90m{"implicit":10000}&amp#27;[39m
&amp#27;[38;5;189m[f2595a8a]&amp#27;[0m&amp#27;[38;5;4m[AndroidUiautomator2Driver@905e]&amp#27;[0m Calling AppiumDriver.timeouts() with args: [null,null,null,null,10000,"f2595a8a-f926-443c-bac0-371e0b0bb3a9"]
&amp#27;[38;5;189m[f2595a8a]&amp#27;[0m&amp#27;[38;5;4m[AndroidUiautomator2Driver@905e]&amp#27;[0m W3C timeout argument: {"implicit":10000}}
&amp#27;[38;5;189m[f2595a8a]&amp#27;[0m&amp#27;[38;5;4m[AndroidUiautomator2Driver@905e]&amp#27;[0m Set implicit wait to 10000ms
&amp#27;[38;5;189m[f2595a8a]&amp#27;[0m&amp#27;[38;5;4m[AndroidUiautomator2Driver@905e]&amp#27;[0m Responding to client with driver.timeouts() result: null
&amp#27;[38;5;189m[f2595a8a]&amp#27;[0m&amp#27;[38;5;86m[HTTP]&amp#27;[0m &amp#27;[37m<-- POST /session/f2595a8a-f926-443c-bac0-371e0b0bb3a9/timeouts &amp#27;[39m&amp#27;[32m200&amp#27;[39m &amp#27;[90m4 ms - 14&amp#27;[39m &amp#27;[90m&amp#27;[39m
&amp#27;[38;5;189m[f2595a8a]&amp#27;[0m&amp#27;[38;5;86m[HTTP]&amp#27;[0m &amp#27;[37m-->&amp#27;[39m &amp#27;[37mGET&amp#27;[39m &amp#27;[37m/session/f2595a8a-f926-443c-bac0-371e0b0bb3a9/context&amp#27;[39m &amp#27;[90m{}&amp#27;[39m
&amp#27;[38;5;189m[f2595a8a]&amp#27;[0m&amp#27;[38;5;4m[AndroidUiautomator2Driver@905e]&amp#27;[0m Calling AppiumDriver.getCurrentContext() with args: ["f2595a8a-f926-443c-bac0-371e0b0bb3a9"]
&amp#27;[38;5;189m[f2595a8a]&amp#27;[0m&amp#27;[38;5;4m[AndroidUiautomator2Driver@905e]&amp#27;[0m Responding to client with driver.getCurrentContext() result: "NATIVE_APP"
&amp#27;[38;5;189m[f2595a8a]&amp#27;[0m&amp#27;[38;5;86m[HTTP]&amp#27;[0m &amp#27;[37m<-- GET /session/f2595a8a-f926-443c-bac0-371e0b0bb3a9/context &amp#27;[39m&amp#27;[32m200&amp#27;[39m &amp#27;[90m6 ms - 22&amp#27;[39m &amp#27;[90m&amp#27;[39m
&amp#27;[38;5;189m[f2595a8a]&amp#27;[0m&amp#27;[38;5;86m[HTTP]&amp#27;[0m &amp#27;[37m-->&amp#27;[39m &amp#27;[37mPOST&amp#27;[39m &amp#27;[37m/session/f2595a8a-f926-443c-bac0-371e0b0bb3a9/element&amp#27;[39m &amp#27;[90m{"value":"//android.widget.TextView[contains(@text, 'Continue to our secure sign-in page')]","using":"xpath"}&amp#27;[39m
&amp#27;[38;5;189m[f2595a8a]&amp#27;[0m&amp#27;[38;5;4m[AndroidUiautomator2Driver@905e]&amp#27;[0m Calling AppiumDriver.findElement() with args: ["xpath","//android.widget.TextView[contains(@text, 'Continue to our secure sign-in page')]","f2595a8a-f926-443c-bac0-371e0b0bb3a9"]
&amp#27;[38;5;189m[f2595a8a]&amp#27;[0m&amp#27;[38;5;4m[AndroidUiautomator2Driver@905e]&amp#27;[0m Valid locator strategies for this request: xpath, id, class name, accessibility id, css selector, -android uiautomator
&amp#27;[38;5;189m[f2595a8a]&amp#27;[0m&amp#27;[38;5;4m[AndroidUiautomator2Driver@905e]&amp#27;[0m Waiting up to 10000 ms for condition
&amp#27;[38;5;189m[f2595a8a]&amp#27;[0m&amp#27;[38;5;4m[AndroidUiautomator2Driver@905e]&amp#27;[0m Matched '/element' to command name 'findElement'
&amp#27;[38;5;189m[f2595a8a]&amp#27;[0m&amp#27;[38;5;4m[AndroidUiautomator2Driver@905e]&amp#27;[0m Proxying [POST /element] to [POST http://127.0.0.1:8200/session/2ba4ac6d-eecf-49e4-b1cb-f3b166241f2e/element] with body: {"strategy":"xpath","selector":"//android.widget.TextView[contains(@text, 'Continue to our secure sign-in page')]","context":"","multiple":false}
&amp#27;[38;5;189m[f2595a8a]&amp#27;[0m&amp#27;[38;5;4m[AndroidUiautomator2Driver@905e]&amp#27;[0m Got response with status 200: {"sessionId":"2ba4ac6d-eecf-49e4-b1cb-f3b166241f2e","value":{"ELEMENT":"00000000-0000-000b-0000-001c00000004","element-6066-11e4-a52e-4f735466cecf":"00000000-0000-000b-0000-001c00000004"}}
&amp#27;[38;5;189m[f2595a8a]&amp#27;[0m&amp#27;[38;5;4m[AndroidUiautomator2Driver@905e]&amp#27;[0m Responding to client with driver.findElement() result: {"element-6066-11e4-a52e-4f735466cecf":"00000000-0000-000b-0000-001c00000004","ELEMENT":"00000000-0000-000b-0000-001c00000004"}
&amp#27;[38;5;189m[f2595a8a]&amp#27;[0m&amp#27;[38;5;86m[HTTP]&amp#27;[0m &amp#27;[37m<-- POST /session/f2595a8a-f926-443c-bac0-371e0b0bb3a9/element &amp#27;[39m&amp#27;[32m200&amp#27;[39m &amp#27;[90m306 ms - 137&amp#27;[39m &amp#27;[90m&amp#27;[39m
&amp#27;[38;5;189m[f2595a8a]&amp#27;[0m&amp#27;[38;5;86m[HTTP]&amp#27;[0m &amp#27;[37m-->&amp#27;[39m &amp#27;[37mGET&amp#27;[39m &amp#27;[37m/session/f2595a8a-f926-443c-bac0-371e0b0bb3a9/element/00000000-0000-000b-0000-001c00000004/displayed&amp#27;[39m &amp#27;[90m{}&amp#27;[39m
&amp#27;[38;5;189m[f2595a8a]&amp#27;[0m&amp#27;[38;5;4m[AndroidUiautomator2Driver@905e]&amp#27;[0m Calling AppiumDriver.elementDisplayed() with args: ["00000000-0000-000b-0000-001c00000004","f2595a8a-f926-443c-bac0-371e0b0bb3a9"]
&amp#27;[38;5;189m[f2595a8a]&amp#27;[0m&amp#27;[38;5;4m[AndroidUiautomator2Driver@905e]&amp#27;[0m Matched '/element/00000000-0000-000b-0000-001c00000004/attribute/displayed' to command name 'getAttribute'
&amp#27;[38;5;189m[f2595a8a]&amp#27;[0m&amp#27;[38;5;4m[AndroidUiautomator2Driver@905e]&amp#27;[0m Proxying [GET /element/00000000-0000-000b-0000-001c00000004/attribute/displayed] to [GET http://127.0.0.1:8200/session/2ba4ac6d-eecf-49e4-b1cb-f3b166241f2e/element/00000000-0000-000b-0000-001c00000004/attribute/displayed] with no body
&amp#27;[38;5;189m[f2595a8a]&amp#27;[0m&amp#27;[38;5;4m[AndroidUiautomator2Driver@905e]&amp#27;[0m Got response with status 200: {"sessionId":"2ba4ac6d-eecf-49e4-b1cb-f3b166241f2e","value":"true"}
&amp#27;[38;5;189m[f2595a8a]&amp#27;[0m&amp#27;[38;5;4m[AndroidUiautomator2Driver@905e]&amp#27;[0m Responding to client with driver.elementDisplayed() result: true
&amp#27;[38;5;189m[f2595a8a]&amp#27;[0m&amp#27;[38;5;86m[HTTP]&amp#27;[0m &amp#27;[37m<-- GET /session/f2595a8a-f926-443c-bac0-371e0b0bb3a9/element/00000000-0000-000b-0000-001c00000004/displayed &amp#27;[39m&amp#27;[32m200&amp#27;[39m &amp#27;[90m1472 ms - 14&amp#27;[39m &amp#27;[90m&amp#27;[39m
&amp#27;[38;5;189m[f2595a8a]&amp#27;[0m&amp#27;[38;5;86m[HTTP]&amp#27;[0m &amp#27;[37m-->&amp#27;[39m &amp#27;[37mGET&amp#27;[39m &amp#27;[37m/session/f2595a8a-f926-443c-bac0-371e0b0bb3a9/context&amp#27;[39m &amp#27;[90m{}&amp#27;[39m
&amp#27;[38;5;189m[f2595a8a]&amp#27;[0m&amp#27;[38;5;4m[AndroidUiautomator2Driver@905e]&amp#27;[0m Calling AppiumDriver.getCurrentContext() with args: ["f2595a8a-f926-443c-bac0-371e0b0bb3a9"]
&amp#27;[38;5;189m[f2595a8a]&amp#27;[0m&amp#27;[38;5;4m[AndroidUiautomator2Driver@905e]&amp#27;[0m Responding to client with driver.getCurrentContext() result: "NATIVE_APP"
&amp#27;[38;5;189m[f2595a8a]&amp#27;[0m&amp#27;[38;5;86m[HTTP]&amp#27;[0m &amp#27;[37m<-- GET /session/f2595a8a-f926-443c-bac0-371e0b0bb3a9/context &amp#27;[39m&amp#27;[32m200&amp#27;[39m &amp#27;[90m12 ms - 22&amp#27;[39m &amp#27;[90m&amp#27;[39m
&amp#27;[38;5;189m[f2595a8a]&amp#27;[0m&amp#27;[38;5;86m[HTTP]&amp#27;[0m &amp#27;[37m-->&amp#27;[39m &amp#27;[37mPOST&amp#27;[39m &amp#27;[37m/session/f2595a8a-f926-443c-bac0-371e0b0bb3a9/element&amp#27;[39m &amp#27;[90m{"value":"//android.widget.TextView[contains(@text, 'Continue to our secure sign-in page')]","using":"xpath"}&amp#27;[39m
&amp#27;[38;5;189m[f2595a8a]&amp#27;[0m&amp#27;[38;5;4m[AndroidUiautomator2Driver@905e]&amp#27;[0m Calling AppiumDriver.findElement() with args: ["xpath","//android.widget.TextView[contains(@text, 'Continue to our secure sign-in page')]","f2595a8a-f926-443c-bac0-371e0b0bb3a9"]
&amp#27;[38;5;189m[f2595a8a]&amp#27;[0m&amp#27;[38;5;4m[AndroidUiautomator2Driver@905e]&amp#27;[0m Valid locator strategies for this request: xpath, id, class name, accessibility id, css selector, -android uiautomator
&amp#27;[38;5;189m[f2595a8a]&amp#27;[0m&amp#27;[38;5;4m[AndroidUiautomator2Driver@905e]&amp#27;[0m Waiting up to 10000 ms for condition
&amp#27;[38;5;189m[f2595a8a]&amp#27;[0m&amp#27;[38;5;4m[AndroidUiautomator2Driver@905e]&amp#27;[0m Matched '/element' to command name 'findElement'
&amp#27;[38;5;189m[f2595a8a]&amp#27;[0m&amp#27;[38;5;4m[AndroidUiautomator2Driver@905e]&amp#27;[0m Proxying [POST /element] to [POST http://127.0.0.1:8200/session/2ba4ac6d-eecf-49e4-b1cb-f3b166241f2e/element] with body: {"strategy":"xpath","selector":"//android.widget.TextView[contains(@text, 'Continue to our secure sign-in page')]","context":"","multiple":false}
&amp#27;[38;5;189m[f2595a8a]&amp#27;[0m&amp#27;[38;5;4m[AndroidUiautomator2Driver@905e]&amp#27;[0m Got response with status 200: {"sessionId":"2ba4ac6d-eecf-49e4-b1cb-f3b166241f2e","value":{"ELEMENT":"00000000-0000-000b-0000-001c00000004","element-6066-11e4-a52e-4f735466cecf":"00000000-0000-000b-0000-001c00000004"}}
&amp#27;[38;5;189m[f2595a8a]&amp#27;[0m&amp#27;[38;5;4m[AndroidUiautomator2Driver@905e]&amp#27;[0m Responding to client with driver.findElement() result: {"element-6066-11e4-a52e-4f735466cecf":"00000000-0000-000b-0000-001c00000004","ELEMENT":"00000000-0000-000b-0000-001c00000004"}
&amp#27;[38;5;189m[f2595a8a]&amp#27;[0m&amp#27;[38;5;86m[HTTP]&amp#27;[0m &amp#27;[37m<-- POST /session/f2595a8a-f926-443c-bac0-371e0b0bb3a9/element &amp#27;[39m&amp#27;[32m200&amp#27;[39m &amp#27;[90m39 ms - 137&amp#27;[39m &amp#27;[90m&amp#27;[39m
&amp#27;[38;5;189m[f2595a8a]&amp#27;[0m&amp#27;[38;5;86m[HTTP]&amp#27;[0m &amp#27;[37m-->&amp#27;[39m &amp#27;[37mGET&amp#27;[39m &amp#27;[37m/session/f2595a8a-f926-443c-bac0-371e0b0bb3a9/element/00000000-0000-000b-0000-001c00000004/text&amp#27;[39m &amp#27;[90m{}&amp#27;[39m
&amp#27;[38;5;189m[f2595a8a]&amp#27;[0m&amp#27;[38;5;4m[AndroidUiautomator2Driver@905e]&amp#27;[0m Driver proxy active, passing request on via HTTP proxy
&amp#27;[38;5;189m[f2595a8a]&amp#27;[0m&amp#27;[38;5;4m[AndroidUiautomator2Driver@905e]&amp#27;[0m Matched '/session/f2595a8a-f926-443c-bac0-371e0b0bb3a9/element/00000000-0000-000b-0000-001c00000004/text' to command name 'getText'
&amp#27;[38;5;189m[f2595a8a]&amp#27;[0m&amp#27;[38;5;4m[AndroidUiautomator2Driver@905e]&amp#27;[0m Proxying [GET /session/f2595a8a-f926-443c-bac0-371e0b0bb3a9/element/00000000-0000-000b-0000-001c00000004/text] to [GET http://127.0.0.1:8200/session/2ba4ac6d-eecf-49e4-b1cb-f3b166241f2e/element/00000000-0000-000b-0000-001c00000004/text] with no body
&amp#27;[38;5;189m[f2595a8a]&amp#27;[0m&amp#27;[38;5;4m[AndroidUiautomator2Driver@905e]&amp#27;[0m Got response with status 200: {"sessionId":"2ba4ac6d-eecf-49e4-b1cb-f3b166241f2e","value":"Continue to our secure sign-in page,\npowered by Auth0."}
&amp#27;[38;5;189m[f2595a8a]&amp#27;[0m&amp#27;[38;5;4m[AndroidUiautomator2Driver@905e]&amp#27;[0m Replacing sessionId 2ba4ac6d-eecf-49e4-b1cb-f3b166241f2e with f2595a8a-f926-443c-bac0-371e0b0bb3a9
&amp#27;[38;5;189m[f2595a8a]&amp#27;[0m&amp#27;[38;5;86m[HTTP]&amp#27;[0m &amp#27;[37m<-- GET /session/f2595a8a-f926-443c-bac0-371e0b0bb3a9/element/00000000-0000-000b-0000-001c00000004/text &amp#27;[39m&amp#27;[32m200&amp#27;[39m &amp#27;[90m13 ms - 118&amp#27;[39m &amp#27;[90m&amp#27;[39m
&amp#27;[38;5;189m[f2595a8a]&amp#27;[0m&amp#27;[38;5;86m[HTTP]&amp#27;[0m &amp#27;[37m-->&amp#27;[39m &amp#27;[37mGET&amp#27;[39m &amp#27;[37m/session/f2595a8a-f926-443c-bac0-371e0b0bb3a9/context&amp#27;[39m &amp#27;[90m{}&amp#27;[39m
&amp#27;[38;5;189m[f2595a8a]&amp#27;[0m&amp#27;[38;5;4m[AndroidUiautomator2Driver@905e]&amp#27;[0m Calling AppiumDriver.getCurrentContext() with args: ["f2595a8a-f926-443c-bac0-371e0b0bb3a9"]
&amp#27;[38;5;189m[f2595a8a]&amp#27;[0m&amp#27;[38;5;4m[AndroidUiautomator2Driver@905e]&amp#27;[0m Responding to client with driver.getCurrentContext() result: "NATIVE_APP"
&amp#27;[38;5;189m[f2595a8a]&amp#27;[0m&amp#27;[38;5;86m[HTTP]&amp#27;[0m &amp#27;[37m<-- GET /session/f2595a8a-f926-443c-bac0-371e0b0bb3a9/context &amp#27;[39m&amp#27;[32m200&amp#27;[39m &amp#27;[90m5 ms - 22&amp#27;[39m &amp#27;[90m&amp#27;[39m
&amp#27;[38;5;189m[f2595a8a]&amp#27;[0m&amp#27;[38;5;86m[HTTP]&amp#27;[0m &amp#27;[37m-->&amp#27;[39m &amp#27;[37mPOST&amp#27;[39m &amp#27;[37m/session/f2595a8a-f926-443c-bac0-371e0b0bb3a9/element&amp#27;[39m &amp#27;[90m{"value":"new UiSelector().textContains(\"Sign-in with Auth0\")","using":"-android uiautomator"}&amp#27;[39m
&amp#27;[38;5;189m[f2595a8a]&amp#27;[0m&amp#27;[38;5;4m[AndroidUiautomator2Driver@905e]&amp#27;[0m Calling AppiumDriver.findElement() with args: ["-android uiautomator","new UiSelector().textContains(\"Sign-in with Auth0\")","f2595a8a-f926-443c-bac0-371e0b0bb3a9"]
&amp#27;[38;5;189m[f2595a8a]&amp#27;[0m&amp#27;[38;5;4m[AndroidUiautomator2Driver@905e]&amp#27;[0m Valid locator strategies for this request: xpath, id, class name, accessibility id, css selector, -android uiautomator
&amp#27;[38;5;189m[f2595a8a]&amp#27;[0m&amp#27;[38;5;4m[AndroidUiautomator2Driver@905e]&amp#27;[0m Waiting up to 10000 ms for condition
&amp#27;[38;5;189m[f2595a8a]&amp#27;[0m&amp#27;[38;5;4m[AndroidUiautomator2Driver@905e]&amp#27;[0m Matched '/element' to command name 'findElement'
&amp#27;[38;5;189m[f2595a8a]&amp#27;[0m&amp#27;[38;5;4m[AndroidUiautomator2Driver@905e]&amp#27;[0m Proxying [POST /element] to [POST http://127.0.0.1:8200/session/2ba4ac6d-eecf-49e4-b1cb-f3b166241f2e/element] with body: {"strategy":"-android uiautomator","selector":"new UiSelector().textContains(\"Sign-in with Auth0\")","context":"","multiple":false}
&amp#27;[38;5;189m[f2595a8a]&amp#27;[0m&amp#27;[38;5;4m[AndroidUiautomator2Driver@905e]&amp#27;[0m Got response with status 200: {"sessionId":"2ba4ac6d-eecf-49e4-b1cb-f3b166241f2e","value":{"ELEMENT":"00000000-0000-000b-0000-002000000004","element-6066-11e4-a52e-4f735466cecf":"00000000-0000-000b-0000-002000000004"}}
&amp#27;[38;5;189m[f2595a8a]&amp#27;[0m&amp#27;[38;5;4m[AndroidUiautomator2Driver@905e]&amp#27;[0m Responding to client with driver.findElement() result: {"element-6066-11e4-a52e-4f735466cecf":"00000000-0000-000b-0000-002000000004","ELEMENT":"00000000-0000-000b-0000-002000000004"}
&amp#27;[38;5;189m[f2595a8a]&amp#27;[0m&amp#27;[38;5;86m[HTTP]&amp#27;[0m &amp#27;[37m<-- POST /session/f2595a8a-f926-443c-bac0-371e0b0bb3a9/element &amp#27;[39m&amp#27;[32m200&amp#27;[39m &amp#27;[90m26 ms - 137&amp#27;[39m &amp#27;[90m&amp#27;[39m
&amp#27;[38;5;189m[f2595a8a]&amp#27;[0m&amp#27;[38;5;86m[HTTP]&amp#27;[0m &amp#27;[37m-->&amp#27;[39m &amp#27;[37mGET&amp#27;[39m &amp#27;[37m/session/f2595a8a-f926-443c-bac0-371e0b0bb3a9/element/00000000-0000-000b-0000-002000000004/displayed&amp#27;[39m &amp#27;[90m{}&amp#27;[39m
&amp#27;[38;5;189m[f2595a8a]&amp#27;[0m&amp#27;[38;5;4m[AndroidUiautomator2Driver@905e]&amp#27;[0m Calling AppiumDriver.elementDisplayed() with args: ["00000000-0000-000b-0000-002000000004","f2595a8a-f926-443c-bac0-371e0b0bb3a9"]
&amp#27;[38;5;189m[f2595a8a]&amp#27;[0m&amp#27;[38;5;4m[AndroidUiautomator2Driver@905e]&amp#27;[0m Matched '/element/00000000-0000-000b-0000-002000000004/attribute/displayed' to command name 'getAttribute'
&amp#27;[38;5;189m[f2595a8a]&amp#27;[0m&amp#27;[38;5;4m[AndroidUiautomator2Driver@905e]&amp#27;[0m Proxying [GET /element/00000000-0000-000b-0000-002000000004/attribute/displayed] to [GET http://127.0.0.1:8200/session/2ba4ac6d-eecf-49e4-b1cb-f3b166241f2e/element/00000000-0000-000b-0000-002000000004/attribute/displayed] with no body
&amp#27;[38;5;189m[f2595a8a]&amp#27;[0m&amp#27;[38;5;4m[AndroidUiautomator2Driver@905e]&amp#27;[0m Got response with status 200: {"sessionId":"2ba4ac6d-eecf-49e4-b1cb-f3b166241f2e","value":"true"}
&amp#27;[38;5;189m[f2595a8a]&amp#27;[0m&amp#27;[38;5;4m[AndroidUiautomator2Driver@905e]&amp#27;[0m Responding to client with driver.elementDisplayed() result: true
&amp#27;[38;5;189m[f2595a8a]&amp#27;[0m&amp#27;[38;5;86m[HTTP]&amp#27;[0m &amp#27;[37m<-- GET /session/f2595a8a-f926-443c-bac0-371e0b0bb3a9/element/00000000-0000-000b-0000-002000000004/displayed &amp#27;[39m&amp#27;[32m200&amp#27;[39m &amp#27;[90m11 ms - 14&amp#27;[39m &amp#27;[90m&amp#27;[39m
&amp#27;[38;5;189m[f2595a8a]&amp#27;[0m&amp#27;[38;5;86m[HTTP]&amp#27;[0m &amp#27;[37m-->&amp#27;[39m &amp#27;[37mGET&amp#27;[39m &amp#27;[37m/session/f2595a8a-f926-443c-bac0-371e0b0bb3a9/context&amp#27;[39m &amp#27;[90m{}&amp#27;[39m
&amp#27;[38;5;189m[f2595a8a]&amp#27;[0m&amp#27;[38;5;4m[AndroidUiautomator2Driver@905e]&amp#27;[0m Calling AppiumDriver.getCurrentContext() with args: ["f2595a8a-f926-443c-bac0-371e0b0bb3a9"]
&amp#27;[38;5;189m[f2595a8a]&amp#27;[0m&amp#27;[38;5;4m[AndroidUiautomator2Driver@905e]&amp#27;[0m Responding to client with driver.getCurrentContext() result: "NATIVE_APP"
&amp#27;[38;5;189m[f2595a8a]&amp#27;[0m&amp#27;[38;5;86m[HTTP]&amp#27;[0m &amp#27;[37m<-- GET /session/f2595a8a-f926-443c-bac0-371e0b0bb3a9/context &amp#27;[39m&amp#27;[32m200&amp#27;[39m &amp#27;[90m1 ms - 22&amp#27;[39m &amp#27;[90m&amp#27;[39m
&amp#27;[38;5;189m[f2595a8a]&amp#27;[0m&amp#27;[38;5;86m[HTTP]&amp#27;[0m &amp#27;[37m-->&amp#27;[39m &amp#27;[37mPOST&amp#27;[39m &amp#27;[37m/session/f2595a8a-f926-443c-bac0-371e0b0bb3a9/element&amp#27;[39m &amp#27;[90m{"value":"new UiSelector().textContains(\"Sign-in with Auth0\")","using":"-android uiautomator"}&amp#27;[39m
&amp#27;[38;5;189m[f2595a8a]&amp#27;[0m&amp#27;[38;5;4m[AndroidUiautomator2Driver@905e]&amp#27;[0m Calling AppiumDriver.findElement() with args: ["-android uiautomator","new UiSelector().textContains(\"Sign-in with Auth0\")","f2595a8a-f926-443c-bac0-371e0b0bb3a9"]
&amp#27;[38;5;189m[f2595a8a]&amp#27;[0m&amp#27;[38;5;4m[AndroidUiautomator2Driver@905e]&amp#27;[0m Valid locator strategies for this request: xpath, id, class name, accessibility id, css selector, -android uiautomator
&amp#27;[38;5;189m[f2595a8a]&amp#27;[0m&amp#27;[38;5;4m[AndroidUiautomator2Driver@905e]&amp#27;[0m Waiting up to 10000 ms for condition
&amp#27;[38;5;189m[f2595a8a]&amp#27;[0m&amp#27;[38;5;4m[AndroidUiautomator2Driver@905e]&amp#27;[0m Matched '/element' to command name 'findElement'
&amp#27;[38;5;189m[f2595a8a]&amp#27;[0m&amp#27;[38;5;4m[AndroidUiautomator2Driver@905e]&amp#27;[0m Proxying [POST /element] to [POST http://127.0.0.1:8200/session/2ba4ac6d-eecf-49e4-b1cb-f3b166241f2e/element] with body: {"strategy":"-android uiautomator","selector":"new UiSelector().textContains(\"Sign-in with Auth0\")","context":"","multiple":false}
&amp#27;[38;5;189m[f2595a8a]&amp#27;[0m&amp#27;[38;5;4m[AndroidUiautomator2Driver@905e]&amp#27;[0m Got response with status 200: {"sessionId":"2ba4ac6d-eecf-49e4-b1cb-f3b166241f2e","value":{"ELEMENT":"00000000-0000-000b-0000-002000000004","element-6066-11e4-a52e-4f735466cecf":"00000000-0000-000b-0000-002000000004"}}
&amp#27;[38;5;189m[f2595a8a]&amp#27;[0m&amp#27;[38;5;4m[AndroidUiautomator2Driver@905e]&amp#27;[0m Responding to client with driver.findElement() result: {"element-6066-11e4-a52e-4f735466cecf":"00000000-0000-000b-0000-002000000004","ELEMENT":"00000000-0000-000b-0000-002000000004"}
&amp#27;[38;5;189m[f2595a8a]&amp#27;[0m&amp#27;[38;5;86m[HTTP]&amp#27;[0m &amp#27;[37m<-- POST /session/f2595a8a-f926-443c-bac0-371e0b0bb3a9/element &amp#27;[39m&amp#27;[32m200&amp#27;[39m &amp#27;[90m15 ms - 137&amp#27;[39m &amp#27;[90m&amp#27;[39m
&amp#27;[38;5;189m[f2595a8a]&amp#27;[0m&amp#27;[38;5;86m[HTTP]&amp#27;[0m &amp#27;[37m-->&amp#27;[39m &amp#27;[37mGET&amp#27;[39m &amp#27;[37m/session/f2595a8a-f926-443c-bac0-371e0b0bb3a9/element/00000000-0000-000b-0000-002000000004/enabled&amp#27;[39m &amp#27;[90m{}&amp#27;[39m
&amp#27;[38;5;189m[f2595a8a]&amp#27;[0m&amp#27;[38;5;4m[AndroidUiautomator2Driver@905e]&amp#27;[0m Calling AppiumDriver.elementEnabled() with args: ["00000000-0000-000b-0000-002000000004","f2595a8a-f926-443c-bac0-371e0b0bb3a9"]
&amp#27;[38;5;189m[f2595a8a]&amp#27;[0m&amp#27;[38;5;4m[AndroidUiautomator2Driver@905e]&amp#27;[0m Matched '/element/00000000-0000-000b-0000-002000000004/attribute/enabled' to command name 'getAttribute'
&amp#27;[38;5;189m[f2595a8a]&amp#27;[0m&amp#27;[38;5;4m[AndroidUiautomator2Driver@905e]&amp#27;[0m Proxying [GET /element/00000000-0000-000b-0000-002000000004/attribute/enabled] to [GET http://127.0.0.1:8200/session/2ba4ac6d-eecf-49e4-b1cb-f3b166241f2e/element/00000000-0000-000b-0000-002000000004/attribute/enabled] with no body
&amp#27;[38;5;189m[f2595a8a]&amp#27;[0m&amp#27;[38;5;4m[AndroidUiautomator2Driver@905e]&amp#27;[0m Got response with status 200: {"sessionId":"2ba4ac6d-eecf-49e4-b1cb-f3b166241f2e","value":"true"}
&amp#27;[38;5;189m[f2595a8a]&amp#27;[0m&amp#27;[38;5;4m[AndroidUiautomator2Driver@905e]&amp#27;[0m Responding to client with driver.elementEnabled() result: true
&amp#27;[38;5;189m[f2595a8a]&amp#27;[0m&amp#27;[38;5;86m[HTTP]&amp#27;[0m &amp#27;[37m<-- GET /session/f2595a8a-f926-443c-bac0-371e0b0bb3a9/element/00000000-0000-000b-0000-002000000004/enabled &amp#27;[39m&amp#27;[32m200&amp#27;[39m &amp#27;[90m10 ms - 14&amp#27;[39m &amp#27;[90m&amp#27;[39m
&amp#27;[38;5;189m[f2595a8a]&amp#27;[0m&amp#27;[38;5;86m[HTTP]&amp#27;[0m &amp#27;[37m-->&amp#27;[39m &amp#27;[37mGET&amp#27;[39m &amp#27;[37m/session/f2595a8a-f926-443c-bac0-371e0b0bb3a9/context&amp#27;[39m &amp#27;[90m{}&amp#27;[39m
&amp#27;[38;5;189m[f2595a8a]&amp#27;[0m&amp#27;[38;5;4m[AndroidUiautomator2Driver@905e]&amp#27;[0m Calling AppiumDriver.getCurrentContext() with args: ["f2595a8a-f926-443c-bac0-371e0b0bb3a9"]
&amp#27;[38;5;189m[f2595a8a]&amp#27;[0m&amp#27;[38;5;4m[AndroidUiautomator2Driver@905e]&amp#27;[0m Responding to client with driver.getCurrentContext() result: "NATIVE_APP"
&amp#27;[38;5;189m[f2595a8a]&amp#27;[0m&amp#27;[38;5;86m[HTTP]&amp#27;[0m &amp#27;[37m<-- GET /session/f2595a8a-f926-443c-bac0-371e0b0bb3a9/context &amp#27;[39m&amp#27;[32m200&amp#27;[39m &amp#27;[90m1 ms - 22&amp#27;[39m &amp#27;[90m&amp#27;[39m
&amp#27;[38;5;189m[f2595a8a]&amp#27;[0m&amp#27;[38;5;86m[HTTP]&amp#27;[0m &amp#27;[37m-->&amp#27;[39m &amp#27;[37mPOST&amp#27;[39m &amp#27;[37m/session/f2595a8a-f926-443c-bac0-371e0b0bb3a9/element&amp#27;[39m &amp#27;[90m{"value":"new UiSelector().textContains(\"Sign-in with Auth0\")","using":"-android uiautomator"}&amp#27;[39m
&amp#27;[38;5;189m[f2595a8a]&amp#27;[0m&amp#27;[38;5;4m[AndroidUiautomator2Driver@905e]&amp#27;[0m Calling AppiumDriver.findElement() with args: ["-android uiautomator","new UiSelector().textContains(\"Sign-in with Auth0\")","f2595a8a-f926-443c-bac0-371e0b0bb3a9"]
&amp#27;[38;5;189m[f2595a8a]&amp#27;[0m&amp#27;[38;5;4m[AndroidUiautomator2Driver@905e]&amp#27;[0m Valid locator strategies for this request: xpath, id, class name, accessibility id, css selector, -android uiautomator
&amp#27;[38;5;189m[f2595a8a]&amp#27;[0m&amp#27;[38;5;4m[AndroidUiautomator2Driver@905e]&amp#27;[0m Waiting up to 10000 ms for condition
&amp#27;[38;5;189m[f2595a8a]&amp#27;[0m&amp#27;[38;5;4m[AndroidUiautomator2Driver@905e]&amp#27;[0m Matched '/element' to command name 'findElement'
&amp#27;[38;5;189m[f2595a8a]&amp#27;[0m&amp#27;[38;5;4m[AndroidUiautomator2Driver@905e]&amp#27;[0m Proxying [POST /element] to [POST http://127.0.0.1:8200/session/2ba4ac6d-eecf-49e4-b1cb-f3b166241f2e/element] with body: {"strategy":"-android uiautomator","selector":"new UiSelector().textContains(\"Sign-in with Auth0\")","context":"","multiple":false}
&amp#27;[38;5;189m[f2595a8a]&amp#27;[0m&amp#27;[38;5;4m[AndroidUiautomator2Driver@905e]&amp#27;[0m Got response with status 200: {"sessionId":"2ba4ac6d-eecf-49e4-b1cb-f3b166241f2e","value":{"ELEMENT":"00000000-0000-000b-0000-002000000004","element-6066-11e4-a52e-4f735466cecf":"00000000-0000-000b-0000-002000000004"}}
&amp#27;[38;5;189m[f2595a8a]&amp#27;[0m&amp#27;[38;5;4m[AndroidUiautomator2Driver@905e]&amp#27;[0m Responding to client with driver.findElement() result: {"element-6066-11e4-a52e-4f735466cecf":"00000000-0000-000b-0000-002000000004","ELEMENT":"00000000-0000-000b-0000-002000000004"}
&amp#27;[38;5;189m[f2595a8a]&amp#27;[0m&amp#27;[38;5;86m[HTTP]&amp#27;[0m &amp#27;[37m<-- POST /session/f2595a8a-f926-443c-bac0-371e0b0bb3a9/element &amp#27;[39m&amp#27;[32m200&amp#27;[39m &amp#27;[90m12 ms - 137&amp#27;[39m &amp#27;[90m&amp#27;[39m
&amp#27;[38;5;189m[f2595a8a]&amp#27;[0m&amp#27;[38;5;86m[HTTP]&amp#27;[0m &amp#27;[37m-->&amp#27;[39m &amp#27;[37mPOST&amp#27;[39m &amp#27;[37m/session/f2595a8a-f926-443c-bac0-371e0b0bb3a9/element/00000000-0000-000b-0000-002000000004/click&amp#27;[39m &amp#27;[90m{"id":"00000000-0000-000b-0000-002000000004"}&amp#27;[39m
&amp#27;[38;5;189m[f2595a8a]&amp#27;[0m&amp#27;[38;5;4m[AndroidUiautomator2Driver@905e]&amp#27;[0m Calling AppiumDriver.click() with args: ["00000000-0000-000b-0000-002000000004","f2595a8a-f926-443c-bac0-371e0b0bb3a9"]
&amp#27;[38;5;189m[f2595a8a]&amp#27;[0m&amp#27;[38;5;4m[AndroidUiautomator2Driver@905e]&amp#27;[0m Matched '/element/00000000-0000-000b-0000-002000000004/click' to command name 'click'
&amp#27;[38;5;189m[f2595a8a]&amp#27;[0m&amp#27;[38;5;4m[AndroidUiautomator2Driver@905e]&amp#27;[0m Proxying [POST /element/00000000-0000-000b-0000-002000000004/click] to [POST http://127.0.0.1:8200/session/2ba4ac6d-eecf-49e4-b1cb-f3b166241f2e/element/00000000-0000-000b-0000-002000000004/click] with body: {"element":"00000000-0000-000b-0000-002000000004"}
&amp#27;[38;5;189m[f2595a8a]&amp#27;[0m&amp#27;[38;5;4m[AndroidUiautomator2Driver@905e]&amp#27;[0m Got response with status 200: {"sessionId":"2ba4ac6d-eecf-49e4-b1cb-f3b166241f2e","value":null}
&amp#27;[38;5;189m[f2595a8a]&amp#27;[0m&amp#27;[38;5;4m[AndroidUiautomator2Driver@905e]&amp#27;[0m Responding to client with driver.click() result: null
&amp#27;[38;5;189m[f2595a8a]&amp#27;[0m&amp#27;[38;5;86m[HTTP]&amp#27;[0m &amp#27;[37m<-- POST /session/f2595a8a-f926-443c-bac0-371e0b0bb3a9/element/00000000-0000-000b-0000-002000000004/click &amp#27;[39m&amp#27;[32m200&amp#27;[39m &amp#27;[90m79 ms - 14&amp#27;[39m &amp#27;[90m&amp#27;[39m
]]></system-out>
  </testcase>
  <testcase name="loginPage[{email=akash.ray@playment.in, Password=playmentt@123}](1)" classname="TestClass.android.LoginTest" time="5.02">
    <system-out><![CDATA[&amp#27;[38;5;189m[f2595a8a]&amp#27;[0m&amp#27;[38;5;86m[HTTP]&amp#27;[0m &amp#27;[37m-->&amp#27;[39m &amp#27;[37mGET&amp#27;[39m &amp#27;[37m/session/f2595a8a-f926-443c-bac0-371e0b0bb3a9/context&amp#27;[39m &amp#27;[90m{}&amp#27;[39m
&amp#27;[38;5;189m[f2595a8a]&amp#27;[0m&amp#27;[38;5;4m[AndroidUiautomator2Driver@905e]&amp#27;[0m Calling AppiumDriver.getCurrentContext() with args: ["f2595a8a-f926-443c-bac0-371e0b0bb3a9"]
&amp#27;[38;5;189m[f2595a8a]&amp#27;[0m&amp#27;[38;5;4m[AndroidUiautomator2Driver@905e]&amp#27;[0m Responding to client with driver.getCurrentContext() result: "NATIVE_APP"
&amp#27;[38;5;189m[f2595a8a]&amp#27;[0m&amp#27;[38;5;86m[HTTP]&amp#27;[0m &amp#27;[37m<-- GET /session/f2595a8a-f926-443c-bac0-371e0b0bb3a9/context &amp#27;[39m&amp#27;[32m200&amp#27;[39m &amp#27;[90m2 ms - 22&amp#27;[39m &amp#27;[90m&amp#27;[39m
&amp#27;[38;5;189m[f2595a8a]&amp#27;[0m&amp#27;[38;5;86m[HTTP]&amp#27;[0m &amp#27;[37m-->&amp#27;[39m &amp#27;[37mPOST&amp#27;[39m &amp#27;[37m/session/f2595a8a-f926-443c-bac0-371e0b0bb3a9/element&amp#27;[39m &amp#27;[90m{"value":"//android.widget.TextView[contains(@text, 'Log in to playment-auth-staging')]","using":"xpath"}&amp#27;[39m
&amp#27;[38;5;189m[f2595a8a]&amp#27;[0m&amp#27;[38;5;4m[AndroidUiautomator2Driver@905e]&amp#27;[0m Calling AppiumDriver.findElement() with args: ["xpath","//android.widget.TextView[contains(@text, 'Log in to playment-auth-staging')]","f2595a8a-f926-443c-bac0-371e0b0bb3a9"]
&amp#27;[38;5;189m[f2595a8a]&amp#27;[0m&amp#27;[38;5;4m[AndroidUiautomator2Driver@905e]&amp#27;[0m Valid locator strategies for this request: xpath, id, class name, accessibility id, css selector, -android uiautomator
&amp#27;[38;5;189m[f2595a8a]&amp#27;[0m&amp#27;[38;5;4m[AndroidUiautomator2Driver@905e]&amp#27;[0m Waiting up to 10000 ms for condition
&amp#27;[38;5;189m[f2595a8a]&amp#27;[0m&amp#27;[38;5;4m[AndroidUiautomator2Driver@905e]&amp#27;[0m Matched '/element' to command name 'findElement'
&amp#27;[38;5;189m[f2595a8a]&amp#27;[0m&amp#27;[38;5;4m[AndroidUiautomator2Driver@905e]&amp#27;[0m Proxying [POST /element] to [POST http://127.0.0.1:8200/session/2ba4ac6d-eecf-49e4-b1cb-f3b166241f2e/element] with body: {"strategy":"xpath","selector":"//android.widget.TextView[contains(@text, 'Log in to playment-auth-staging')]","context":"","multiple":false}
&amp#27;[38;5;189m[f2595a8a]&amp#27;[0m&amp#27;[38;5;4m[AndroidUiautomator2Driver@905e]&amp#27;[0m Got response with status 404: {"sessionId":"2ba4ac6d-eecf-49e4-b1cb-f3b166241f2e","value":{"error":"no such element","message":"An element could not be located on the page using the given search parameters","stacktrace":"io.appium.uiautomator2.common.exceptions.ElementNotFoundException: An element could not be located on the page using the given search parameters\n\tat io.appium.uiautomator2.utils.ElementLocationHelpers.findElement(ElementLocationHelpers.java:156)\n\tat io.appium.uiautomator2.handler.FindElement.safeHandle(FindElement.java:60)\n\tat io.appium.uiautomator2.handler.request.SafeRequestHandler.handle(SafeRequestHandler.java:59)\n\tat io.appium.uiautomator2.server.AppiumServlet.handleRequest(AppiumServlet.java:259)\n\tat io.appium.uiautomator2.server.AppiumServlet.handleHttpRequest(AppiumServlet.java:253)\n\tat io.appium.uiautomator2.http.ServerHandler.channelRead(ServerHandler.java:77)\n\tat io.netty.channel.AbstractChannelHandlerContext.invokeChannelRead(AbstractChannelHandlerContext.java:366)\n\tat io.netty.channel.Abstr...
&amp#27;[38;5;189m[f2595a8a]&amp#27;[0m&amp#27;[38;5;123m[W3C]&amp#27;[0m Matched W3C error code 'no such element' to NoSuchElementError
&amp#27;[38;5;189m[f2595a8a]&amp#27;[0m&amp#27;[38;5;4m[AndroidUiautomator2Driver@905e]&amp#27;[0m Waited for 678 ms so far
&amp#27;[38;5;189m[f2595a8a]&amp#27;[0m&amp#27;[38;5;4m[AndroidUiautomator2Driver@905e]&amp#27;[0m Matched '/element' to command name 'findElement'
&amp#27;[38;5;189m[f2595a8a]&amp#27;[0m&amp#27;[38;5;4m[AndroidUiautomator2Driver@905e]&amp#27;[0m Proxying [POST /element] to [POST http://127.0.0.1:8200/session/2ba4ac6d-eecf-49e4-b1cb-f3b166241f2e/element] with body: {"strategy":"xpath","selector":"//android.widget.TextView[contains(@text, 'Log in to playment-auth-staging')]","context":"","multiple":false}
&amp#27;[38;5;189m[f2595a8a]&amp#27;[0m&amp#27;[38;5;4m[AndroidUiautomator2Driver@905e]&amp#27;[0m Got response with status 404: {"sessionId":"2ba4ac6d-eecf-49e4-b1cb-f3b166241f2e","value":{"error":"no such element","message":"An element could not be located on the page using the given search parameters","stacktrace":"io.appium.uiautomator2.common.exceptions.ElementNotFoundException: An element could not be located on the page using the given search parameters\n\tat io.appium.uiautomator2.utils.ElementLocationHelpers.findElement(ElementLocationHelpers.java:156)\n\tat io.appium.uiautomator2.handler.FindElement.safeHandle(FindElement.java:60)\n\tat io.appium.uiautomator2.handler.request.SafeRequestHandler.handle(SafeRequestHandler.java:59)\n\tat io.appium.uiautomator2.server.AppiumServlet.handleRequest(AppiumServlet.java:259)\n\tat io.appium.uiautomator2.server.AppiumServlet.handleHttpRequest(AppiumServlet.java:253)\n\tat io.appium.uiautomator2.http.ServerHandler.channelRead(ServerHandler.java:77)\n\tat io.netty.channel.AbstractChannelHandlerContext.invokeChannelRead(AbstractChannelHandlerContext.java:366)\n\tat io.netty.channel.Abstr...
&amp#27;[38;5;189m[f2595a8a]&amp#27;[0m&amp#27;[38;5;123m[W3C]&amp#27;[0m Matched W3C error code 'no such element' to NoSuchElementError
&amp#27;[38;5;189m[f2595a8a]&amp#27;[0m&amp#27;[38;5;4m[AndroidUiautomator2Driver@905e]&amp#27;[0m Waited for 1330 ms so far
&amp#27;[38;5;189m[f2595a8a]&amp#27;[0m&amp#27;[38;5;4m[AndroidUiautomator2Driver@905e]&amp#27;[0m Matched '/element' to command name 'findElement'
&amp#27;[38;5;189m[f2595a8a]&amp#27;[0m&amp#27;[38;5;4m[AndroidUiautomator2Driver@905e]&amp#27;[0m Proxying [POST /element] to [POST http://127.0.0.1:8200/session/2ba4ac6d-eecf-49e4-b1cb-f3b166241f2e/element] with body: {"strategy":"xpath","selector":"//android.widget.TextView[contains(@text, 'Log in to playment-auth-staging')]","context":"","multiple":false}
&amp#27;[38;5;189m[f2595a8a]&amp#27;[0m&amp#27;[38;5;4m[AndroidUiautomator2Driver@905e]&amp#27;[0m Got response with status 404: {"sessionId":"2ba4ac6d-eecf-49e4-b1cb-f3b166241f2e","value":{"error":"no such element","message":"An element could not be located on the page using the given search parameters","stacktrace":"io.appium.uiautomator2.common.exceptions.ElementNotFoundException: An element could not be located on the page using the given search parameters\n\tat io.appium.uiautomator2.utils.ElementLocationHelpers.findElement(ElementLocationHelpers.java:156)\n\tat io.appium.uiautomator2.handler.FindElement.safeHandle(FindElement.java:60)\n\tat io.appium.uiautomator2.handler.request.SafeRequestHandler.handle(SafeRequestHandler.java:59)\n\tat io.appium.uiautomator2.server.AppiumServlet.handleRequest(AppiumServlet.java:259)\n\tat io.appium.uiautomator2.server.AppiumServlet.handleHttpRequest(AppiumServlet.java:253)\n\tat io.appium.uiautomator2.http.ServerHandler.channelRead(ServerHandler.java:77)\n\tat io.netty.channel.AbstractChannelHandlerContext.invokeChannelRead(AbstractChannelHandlerContext.java:366)\n\tat io.netty.channel.Abstr...
&amp#27;[38;5;189m[f2595a8a]&amp#27;[0m&amp#27;[38;5;123m[W3C]&amp#27;[0m Matched W3C error code 'no such element' to NoSuchElementError
&amp#27;[38;5;189m[f2595a8a]&amp#27;[0m&amp#27;[38;5;4m[AndroidUiautomator2Driver@905e]&amp#27;[0m Waited for 3003 ms so far
&amp#27;[38;5;189m[f2595a8a]&amp#27;[0m&amp#27;[38;5;4m[AndroidUiautomator2Driver@905e]&amp#27;[0m Matched '/element' to command name 'findElement'
&amp#27;[38;5;189m[f2595a8a]&amp#27;[0m&amp#27;[38;5;4m[AndroidUiautomator2Driver@905e]&amp#27;[0m Proxying [POST /element] to [POST http://127.0.0.1:8200/session/2ba4ac6d-eecf-49e4-b1cb-f3b166241f2e/element] with body: {"strategy":"xpath","selector":"//android.widget.TextView[contains(@text, 'Log in to playment-auth-staging')]","context":"","multiple":false}
&amp#27;[38;5;189m[f2595a8a]&amp#27;[0m&amp#27;[38;5;4m[AndroidUiautomator2Driver@905e]&amp#27;[0m Got response with status 404: {"sessionId":"2ba4ac6d-eecf-49e4-b1cb-f3b166241f2e","value":{"error":"no such element","message":"An element could not be located on the page using the given search parameters","stacktrace":"io.appium.uiautomator2.common.exceptions.ElementNotFoundException: An element could not be located on the page using the given search parameters\n\tat io.appium.uiautomator2.utils.ElementLocationHelpers.findElement(ElementLocationHelpers.java:156)\n\tat io.appium.uiautomator2.handler.FindElement.safeHandle(FindElement.java:60)\n\tat io.appium.uiautomator2.handler.request.SafeRequestHandler.handle(SafeRequestHandler.java:59)\n\tat io.appium.uiautomator2.server.AppiumServlet.handleRequest(AppiumServlet.java:259)\n\tat io.appium.uiautomator2.server.AppiumServlet.handleHttpRequest(AppiumServlet.java:253)\n\tat io.appium.uiautomator2.http.ServerHandler.channelRead(ServerHandler.java:77)\n\tat io.netty.channel.AbstractChannelHandlerContext.invokeChannelRead(AbstractChannelHandlerContext.java:366)\n\tat io.netty.channel.Abstr...
&amp#27;[38;5;189m[f2595a8a]&amp#27;[0m&amp#27;[38;5;123m[W3C]&amp#27;[0m Matched W3C error code 'no such element' to NoSuchElementError
&amp#27;[38;5;189m[f2595a8a]&amp#27;[0m&amp#27;[38;5;4m[AndroidUiautomator2Driver@905e]&amp#27;[0m Waited for 3548 ms so far
&amp#27;[38;5;189m[f2595a8a]&amp#27;[0m&amp#27;[38;5;4m[AndroidUiautomator2Driver@905e]&amp#27;[0m Matched '/element' to command name 'findElement'
&amp#27;[38;5;189m[f2595a8a]&amp#27;[0m&amp#27;[38;5;4m[AndroidUiautomator2Driver@905e]&amp#27;[0m Proxying [POST /element] to [POST http://127.0.0.1:8200/session/2ba4ac6d-eecf-49e4-b1cb-f3b166241f2e/element] with body: {"strategy":"xpath","selector":"//android.widget.TextView[contains(@text, 'Log in to playment-auth-staging')]","context":"","multiple":false}
&amp#27;[38;5;189m[f2595a8a]&amp#27;[0m&amp#27;[38;5;4m[AndroidUiautomator2Driver@905e]&amp#27;[0m Got response with status 200: {"sessionId":"2ba4ac6d-eecf-49e4-b1cb-f3b166241f2e","value":{"ELEMENT":"00000000-0000-000d-0000-000600000039","element-6066-11e4-a52e-4f735466cecf":"00000000-0000-000d-0000-000600000039"}}
&amp#27;[38;5;189m[f2595a8a]&amp#27;[0m&amp#27;[38;5;4m[AndroidUiautomator2Driver@905e]&amp#27;[0m Responding to client with driver.findElement() result: {"element-6066-11e4-a52e-4f735466cecf":"00000000-0000-000d-0000-000600000039","ELEMENT":"00000000-0000-000d-0000-000600000039"}
&amp#27;[38;5;189m[f2595a8a]&amp#27;[0m&amp#27;[38;5;86m[HTTP]&amp#27;[0m &amp#27;[37m<-- POST /session/f2595a8a-f926-443c-bac0-371e0b0bb3a9/element &amp#27;[39m&amp#27;[32m200&amp#27;[39m &amp#27;[90m4635 ms - 137&amp#27;[39m &amp#27;[90m&amp#27;[39m
&amp#27;[38;5;189m[f2595a8a]&amp#27;[0m&amp#27;[38;5;86m[HTTP]&amp#27;[0m &amp#27;[37m-->&amp#27;[39m &amp#27;[37mGET&amp#27;[39m &amp#27;[37m/session/f2595a8a-f926-443c-bac0-371e0b0bb3a9/element/00000000-0000-000d-0000-000600000039/displayed&amp#27;[39m &amp#27;[90m{}&amp#27;[39m
&amp#27;[38;5;189m[f2595a8a]&amp#27;[0m&amp#27;[38;5;4m[AndroidUiautomator2Driver@905e]&amp#27;[0m Calling AppiumDriver.elementDisplayed() with args: ["00000000-0000-000d-0000-000600000039","f2595a8a-f926-443c-bac0-371e0b0bb3a9"]
&amp#27;[38;5;189m[f2595a8a]&amp#27;[0m&amp#27;[38;5;4m[AndroidUiautomator2Driver@905e]&amp#27;[0m Matched '/element/00000000-0000-000d-0000-000600000039/attribute/displayed' to command name 'getAttribute'
&amp#27;[38;5;189m[f2595a8a]&amp#27;[0m&amp#27;[38;5;4m[AndroidUiautomator2Driver@905e]&amp#27;[0m Proxying [GET /element/00000000-0000-000d-0000-000600000039/attribute/displayed] to [GET http://127.0.0.1:8200/session/2ba4ac6d-eecf-49e4-b1cb-f3b166241f2e/element/00000000-0000-000d-0000-000600000039/attribute/displayed] with no body
&amp#27;[38;5;189m[f2595a8a]&amp#27;[0m&amp#27;[38;5;4m[AndroidUiautomator2Driver@905e]&amp#27;[0m Got response with status 200: {"sessionId":"2ba4ac6d-eecf-49e4-b1cb-f3b166241f2e","value":"true"}
&amp#27;[38;5;189m[f2595a8a]&amp#27;[0m&amp#27;[38;5;4m[AndroidUiautomator2Driver@905e]&amp#27;[0m Responding to client with driver.elementDisplayed() result: true
&amp#27;[38;5;189m[f2595a8a]&amp#27;[0m&amp#27;[38;5;86m[HTTP]&amp#27;[0m &amp#27;[37m<-- GET /session/f2595a8a-f926-443c-bac0-371e0b0bb3a9/element/00000000-0000-000d-0000-000600000039/displayed &amp#27;[39m&amp#27;[32m200&amp#27;[39m &amp#27;[90m18 ms - 14&amp#27;[39m &amp#27;[90m&amp#27;[39m
&amp#27;[38;5;189m[f2595a8a]&amp#27;[0m&amp#27;[38;5;86m[HTTP]&amp#27;[0m &amp#27;[37m-->&amp#27;[39m &amp#27;[37mGET&amp#27;[39m &amp#27;[37m/session/f2595a8a-f926-443c-bac0-371e0b0bb3a9/context&amp#27;[39m &amp#27;[90m{}&amp#27;[39m
&amp#27;[38;5;189m[f2595a8a]&amp#27;[0m&amp#27;[38;5;4m[AndroidUiautomator2Driver@905e]&amp#27;[0m Calling AppiumDriver.getCurrentContext() with args: ["f2595a8a-f926-443c-bac0-371e0b0bb3a9"]
&amp#27;[38;5;189m[f2595a8a]&amp#27;[0m&amp#27;[38;5;4m[AndroidUiautomator2Driver@905e]&amp#27;[0m Responding to client with driver.getCurrentContext() result: "NATIVE_APP"
&amp#27;[38;5;189m[f2595a8a]&amp#27;[0m&amp#27;[38;5;86m[HTTP]&amp#27;[0m &amp#27;[37m<-- GET /session/f2595a8a-f926-443c-bac0-371e0b0bb3a9/context &amp#27;[39m&amp#27;[32m200&amp#27;[39m &amp#27;[90m1 ms - 22&amp#27;[39m &amp#27;[90m&amp#27;[39m
&amp#27;[38;5;189m[f2595a8a]&amp#27;[0m&amp#27;[38;5;86m[HTTP]&amp#27;[0m &amp#27;[37m-->&amp#27;[39m &amp#27;[37mPOST&amp#27;[39m &amp#27;[37m/session/f2595a8a-f926-443c-bac0-371e0b0bb3a9/element&amp#27;[39m &amp#27;[90m{"value":"//android.widget.TextView[contains(@text, 'Log in to playment-auth-staging')]","using":"xpath"}&amp#27;[39m
&amp#27;[38;5;189m[f2595a8a]&amp#27;[0m&amp#27;[38;5;4m[AndroidUiautomator2Driver@905e]&amp#27;[0m Calling AppiumDriver.findElement() with args: ["xpath","//android.widget.TextView[contains(@text, 'Log in to playment-auth-staging')]","f2595a8a-f926-443c-bac0-371e0b0bb3a9"]
&amp#27;[38;5;189m[f2595a8a]&amp#27;[0m&amp#27;[38;5;4m[AndroidUiautomator2Driver@905e]&amp#27;[0m Valid locator strategies for this request: xpath, id, class name, accessibility id, css selector, -android uiautomator
&amp#27;[38;5;189m[f2595a8a]&amp#27;[0m&amp#27;[38;5;4m[AndroidUiautomator2Driver@905e]&amp#27;[0m Waiting up to 10000 ms for condition
&amp#27;[38;5;189m[f2595a8a]&amp#27;[0m&amp#27;[38;5;4m[AndroidUiautomator2Driver@905e]&amp#27;[0m Matched '/element' to command name 'findElement'
&amp#27;[38;5;189m[f2595a8a]&amp#27;[0m&amp#27;[38;5;4m[AndroidUiautomator2Driver@905e]&amp#27;[0m Proxying [POST /element] to [POST http://127.0.0.1:8200/session/2ba4ac6d-eecf-49e4-b1cb-f3b166241f2e/element] with body: {"strategy":"xpath","selector":"//android.widget.TextView[contains(@text, 'Log in to playment-auth-staging')]","context":"","multiple":false}
&amp#27;[38;5;189m[f2595a8a]&amp#27;[0m&amp#27;[38;5;4m[AndroidUiautomator2Driver@905e]&amp#27;[0m Got response with status 200: {"sessionId":"2ba4ac6d-eecf-49e4-b1cb-f3b166241f2e","value":{"ELEMENT":"00000000-0000-000d-0000-000600000039","element-6066-11e4-a52e-4f735466cecf":"00000000-0000-000d-0000-000600000039"}}
&amp#27;[38;5;189m[f2595a8a]&amp#27;[0m&amp#27;[38;5;4m[AndroidUiautomator2Driver@905e]&amp#27;[0m Responding to client with driver.findElement() result: {"element-6066-11e4-a52e-4f735466cecf":"00000000-0000-000d-0000-000600000039","ELEMENT":"00000000-0000-000d-0000-000600000039"}
&amp#27;[38;5;189m[f2595a8a]&amp#27;[0m&amp#27;[38;5;86m[HTTP]&amp#27;[0m &amp#27;[37m<-- POST /session/f2595a8a-f926-443c-bac0-371e0b0bb3a9/element &amp#27;[39m&amp#27;[32m200&amp#27;[39m &amp#27;[90m33 ms - 137&amp#27;[39m &amp#27;[90m&amp#27;[39m
&amp#27;[38;5;189m[f2595a8a]&amp#27;[0m&amp#27;[38;5;86m[HTTP]&amp#27;[0m &amp#27;[37m-->&amp#27;[39m &amp#27;[37mGET&amp#27;[39m &amp#27;[37m/session/f2595a8a-f926-443c-bac0-371e0b0bb3a9/element/00000000-0000-000d-0000-000600000039/text&amp#27;[39m &amp#27;[90m{}&amp#27;[39m
&amp#27;[38;5;189m[f2595a8a]&amp#27;[0m&amp#27;[38;5;4m[AndroidUiautomator2Driver@905e]&amp#27;[0m Driver proxy active, passing request on via HTTP proxy
&amp#27;[38;5;189m[f2595a8a]&amp#27;[0m&amp#27;[38;5;4m[AndroidUiautomator2Driver@905e]&amp#27;[0m Matched '/session/f2595a8a-f926-443c-bac0-371e0b0bb3a9/element/00000000-0000-000d-0000-000600000039/text' to command name 'getText'
&amp#27;[38;5;189m[f2595a8a]&amp#27;[0m&amp#27;[38;5;4m[AndroidUiautomator2Driver@905e]&amp#27;[0m Proxying [GET /session/f2595a8a-f926-443c-bac0-371e0b0bb3a9/element/00000000-0000-000d-0000-000600000039/text] to [GET http://127.0.0.1:8200/session/2ba4ac6d-eecf-49e4-b1cb-f3b166241f2e/element/00000000-0000-000d-0000-000600000039/text] with no body
&amp#27;[38;5;189m[f2595a8a]&amp#27;[0m&amp#27;[38;5;4m[AndroidUiautomator2Driver@905e]&amp#27;[0m Got response with status 200: {"sessionId":"2ba4ac6d-eecf-49e4-b1cb-f3b166241f2e","value":"Log in to playment-auth-staging to continue to DC Android."}
&amp#27;[38;5;189m[f2595a8a]&amp#27;[0m&amp#27;[38;5;4m[AndroidUiautomator2Driver@905e]&amp#27;[0m Replacing sessionId 2ba4ac6d-eecf-49e4-b1cb-f3b166241f2e with f2595a8a-f926-443c-bac0-371e0b0bb3a9
&amp#27;[38;5;189m[f2595a8a]&amp#27;[0m&amp#27;[38;5;86m[HTTP]&amp#27;[0m &amp#27;[37m<-- GET /session/f2595a8a-f926-443c-bac0-371e0b0bb3a9/element/00000000-0000-000d-0000-000600000039/text &amp#27;[39m&amp#27;[32m200&amp#27;[39m &amp#27;[90m9 ms - 121&amp#27;[39m &amp#27;[90m&amp#27;[39m
&amp#27;[38;5;189m[f2595a8a]&amp#27;[0m&amp#27;[38;5;86m[HTTP]&amp#27;[0m &amp#27;[37m-->&amp#27;[39m &amp#27;[37mGET&amp#27;[39m &amp#27;[37m/session/f2595a8a-f926-443c-bac0-371e0b0bb3a9/context&amp#27;[39m &amp#27;[90m{}&amp#27;[39m
&amp#27;[38;5;189m[f2595a8a]&amp#27;[0m&amp#27;[38;5;4m[AndroidUiautomator2Driver@905e]&amp#27;[0m Calling AppiumDriver.getCurrentContext() with args: ["f2595a8a-f926-443c-bac0-371e0b0bb3a9"]
&amp#27;[38;5;189m[f2595a8a]&amp#27;[0m&amp#27;[38;5;4m[AndroidUiautomator2Driver@905e]&amp#27;[0m Responding to client with driver.getCurrentContext() result: "NATIVE_APP"
&amp#27;[38;5;189m[f2595a8a]&amp#27;[0m&amp#27;[38;5;86m[HTTP]&amp#27;[0m &amp#27;[37m<-- GET /session/f2595a8a-f926-443c-bac0-371e0b0bb3a9/context &amp#27;[39m&amp#27;[32m200&amp#27;[39m &amp#27;[90m1 ms - 22&amp#27;[39m &amp#27;[90m&amp#27;[39m
&amp#27;[38;5;189m[f2595a8a]&amp#27;[0m&amp#27;[38;5;86m[HTTP]&amp#27;[0m &amp#27;[37m-->&amp#27;[39m &amp#27;[37mPOST&amp#27;[39m &amp#27;[37m/session/f2595a8a-f926-443c-bac0-371e0b0bb3a9/element&amp#27;[39m &amp#27;[90m{"value":"new UiSelector().className(\"android.widget.EditText\").instance(0)","using":"-android uiautomator"}&amp#27;[39m
&amp#27;[38;5;189m[f2595a8a]&amp#27;[0m&amp#27;[38;5;4m[AndroidUiautomator2Driver@905e]&amp#27;[0m Calling AppiumDriver.findElement() with args: ["-android uiautomator","new UiSelector().className(\"android.widget.EditText\").instance(0)","f2595a8a-f926-443c-bac0-371e0b0bb3a9"]
&amp#27;[38;5;189m[f2595a8a]&amp#27;[0m&amp#27;[38;5;4m[AndroidUiautomator2Driver@905e]&amp#27;[0m Valid locator strategies for this request: xpath, id, class name, accessibility id, css selector, -android uiautomator
&amp#27;[38;5;189m[f2595a8a]&amp#27;[0m&amp#27;[38;5;4m[AndroidUiautomator2Driver@905e]&amp#27;[0m Waiting up to 10000 ms for condition
&amp#27;[38;5;189m[f2595a8a]&amp#27;[0m&amp#27;[38;5;4m[AndroidUiautomator2Driver@905e]&amp#27;[0m Matched '/element' to command name 'findElement'
&amp#27;[38;5;189m[f2595a8a]&amp#27;[0m&amp#27;[38;5;4m[AndroidUiautomator2Driver@905e]&amp#27;[0m Proxying [POST /element] to [POST http://127.0.0.1:8200/session/2ba4ac6d-eecf-49e4-b1cb-f3b166241f2e/element] with body: {"strategy":"-android uiautomator","selector":"new UiSelector().className(\"android.widget.EditText\").instance(0)","context":"","multiple":false}
&amp#27;[38;5;189m[f2595a8a]&amp#27;[0m&amp#27;[38;5;4m[AndroidUiautomator2Driver@905e]&amp#27;[0m Got response with status 200: {"sessionId":"2ba4ac6d-eecf-49e4-b1cb-f3b166241f2e","value":{"ELEMENT":"00000000-0000-000d-0000-000b00000039","element-6066-11e4-a52e-4f735466cecf":"00000000-0000-000d-0000-000b00000039"}}
&amp#27;[38;5;189m[f2595a8a]&amp#27;[0m&amp#27;[38;5;4m[AndroidUiautomator2Driver@905e]&amp#27;[0m Responding to client with driver.findElement() result: {"element-6066-11e4-a52e-4f735466cecf":"00000000-0000-000d-0000-000b00000039","ELEMENT":"00000000-0000-000d-0000-000b00000039"}
&amp#27;[38;5;189m[f2595a8a]&amp#27;[0m&amp#27;[38;5;86m[HTTP]&amp#27;[0m &amp#27;[37m<-- POST /session/f2595a8a-f926-443c-bac0-371e0b0bb3a9/element &amp#27;[39m&amp#27;[32m200&amp#27;[39m &amp#27;[90m13 ms - 137&amp#27;[39m &amp#27;[90m&amp#27;[39m
&amp#27;[38;5;189m[f2595a8a]&amp#27;[0m&amp#27;[38;5;86m[HTTP]&amp#27;[0m &amp#27;[37m-->&amp#27;[39m &amp#27;[37mGET&amp#27;[39m &amp#27;[37m/session/f2595a8a-f926-443c-bac0-371e0b0bb3a9/element/00000000-0000-000d-0000-000b00000039/displayed&amp#27;[39m &amp#27;[90m{}&amp#27;[39m
&amp#27;[38;5;189m[f2595a8a]&amp#27;[0m&amp#27;[38;5;4m[AndroidUiautomator2Driver@905e]&amp#27;[0m Calling AppiumDriver.elementDisplayed() with args: ["00000000-0000-000d-0000-000b00000039","f2595a8a-f926-443c-bac0-371e0b0bb3a9"]
&amp#27;[38;5;189m[f2595a8a]&amp#27;[0m&amp#27;[38;5;4m[AndroidUiautomator2Driver@905e]&amp#27;[0m Matched '/element/00000000-0000-000d-0000-000b00000039/attribute/displayed' to command name 'getAttribute'
&amp#27;[38;5;189m[f2595a8a]&amp#27;[0m&amp#27;[38;5;4m[AndroidUiautomator2Driver@905e]&amp#27;[0m Proxying [GET /element/00000000-0000-000d-0000-000b00000039/attribute/displayed] to [GET http://127.0.0.1:8200/session/2ba4ac6d-eecf-49e4-b1cb-f3b166241f2e/element/00000000-0000-000d-0000-000b00000039/attribute/displayed] with no body
&amp#27;[38;5;189m[f2595a8a]&amp#27;[0m&amp#27;[38;5;4m[AndroidUiautomator2Driver@905e]&amp#27;[0m Got response with status 200: {"sessionId":"2ba4ac6d-eecf-49e4-b1cb-f3b166241f2e","value":"true"}
&amp#27;[38;5;189m[f2595a8a]&amp#27;[0m&amp#27;[38;5;4m[AndroidUiautomator2Driver@905e]&amp#27;[0m Responding to client with driver.elementDisplayed() result: true
&amp#27;[38;5;189m[f2595a8a]&amp#27;[0m&amp#27;[38;5;86m[HTTP]&amp#27;[0m &amp#27;[37m<-- GET /session/f2595a8a-f926-443c-bac0-371e0b0bb3a9/element/00000000-0000-000d-0000-000b00000039/displayed &amp#27;[39m&amp#27;[32m200&amp#27;[39m &amp#27;[90m14 ms - 14&amp#27;[39m &amp#27;[90m&amp#27;[39m
&amp#27;[38;5;189m[f2595a8a]&amp#27;[0m&amp#27;[38;5;86m[HTTP]&amp#27;[0m &amp#27;[37m-->&amp#27;[39m &amp#27;[37mGET&amp#27;[39m &amp#27;[37m/session/f2595a8a-f926-443c-bac0-371e0b0bb3a9/context&amp#27;[39m &amp#27;[90m{}&amp#27;[39m
&amp#27;[38;5;189m[f2595a8a]&amp#27;[0m&amp#27;[38;5;4m[AndroidUiautomator2Driver@905e]&amp#27;[0m Calling AppiumDriver.getCurrentContext() with args: ["f2595a8a-f926-443c-bac0-371e0b0bb3a9"]
&amp#27;[38;5;189m[f2595a8a]&amp#27;[0m&amp#27;[38;5;4m[AndroidUiautomator2Driver@905e]&amp#27;[0m Responding to client with driver.getCurrentContext() result: "NATIVE_APP"
&amp#27;[38;5;189m[f2595a8a]&amp#27;[0m&amp#27;[38;5;86m[HTTP]&amp#27;[0m &amp#27;[37m<-- GET /session/f2595a8a-f926-443c-bac0-371e0b0bb3a9/context &amp#27;[39m&amp#27;[32m200&amp#27;[39m &amp#27;[90m1 ms - 22&amp#27;[39m &amp#27;[90m&amp#27;[39m
&amp#27;[38;5;189m[f2595a8a]&amp#27;[0m&amp#27;[38;5;86m[HTTP]&amp#27;[0m &amp#27;[37m-->&amp#27;[39m &amp#27;[37mPOST&amp#27;[39m &amp#27;[37m/session/f2595a8a-f926-443c-bac0-371e0b0bb3a9/element&amp#27;[39m &amp#27;[90m{"value":"new UiSelector().className(\"android.widget.EditText\").instance(0)","using":"-android uiautomator"}&amp#27;[39m
&amp#27;[38;5;189m[f2595a8a]&amp#27;[0m&amp#27;[38;5;4m[AndroidUiautomator2Driver@905e]&amp#27;[0m Calling AppiumDriver.findElement() with args: ["-android uiautomator","new UiSelector().className(\"android.widget.EditText\").instance(0)","f2595a8a-f926-443c-bac0-371e0b0bb3a9"]
&amp#27;[38;5;189m[f2595a8a]&amp#27;[0m&amp#27;[38;5;4m[AndroidUiautomator2Driver@905e]&amp#27;[0m Valid locator strategies for this request: xpath, id, class name, accessibility id, css selector, -android uiautomator
&amp#27;[38;5;189m[f2595a8a]&amp#27;[0m&amp#27;[38;5;4m[AndroidUiautomator2Driver@905e]&amp#27;[0m Waiting up to 10000 ms for condition
&amp#27;[38;5;189m[f2595a8a]&amp#27;[0m&amp#27;[38;5;4m[AndroidUiautomator2Driver@905e]&amp#27;[0m Matched '/element' to command name 'findElement'
&amp#27;[38;5;189m[f2595a8a]&amp#27;[0m&amp#27;[38;5;4m[AndroidUiautomator2Driver@905e]&amp#27;[0m Proxying [POST /element] to [POST http://127.0.0.1:8200/session/2ba4ac6d-eecf-49e4-b1cb-f3b166241f2e/element] with body: {"strategy":"-android uiautomator","selector":"new UiSelector().className(\"android.widget.EditText\").instance(0)","context":"","multiple":false}
&amp#27;[38;5;189m[f2595a8a]&amp#27;[0m&amp#27;[38;5;4m[AndroidUiautomator2Driver@905e]&amp#27;[0m Got response with status 200: {"sessionId":"2ba4ac6d-eecf-49e4-b1cb-f3b166241f2e","value":{"ELEMENT":"00000000-0000-000d-0000-000b00000039","element-6066-11e4-a52e-4f735466cecf":"00000000-0000-000d-0000-000b00000039"}}
&amp#27;[38;5;189m[f2595a8a]&amp#27;[0m&amp#27;[38;5;4m[AndroidUiautomator2Driver@905e]&amp#27;[0m Responding to client with driver.findElement() result: {"element-6066-11e4-a52e-4f735466cecf":"00000000-0000-000d-0000-000b00000039","ELEMENT":"00000000-0000-000d-0000-000b00000039"}
&amp#27;[38;5;189m[f2595a8a]&amp#27;[0m&amp#27;[38;5;86m[HTTP]&amp#27;[0m &amp#27;[37m<-- POST /session/f2595a8a-f926-443c-bac0-371e0b0bb3a9/element &amp#27;[39m&amp#27;[32m200&amp#27;[39m &amp#27;[90m12 ms - 137&amp#27;[39m &amp#27;[90m&amp#27;[39m
&amp#27;[38;5;189m[f2595a8a]&amp#27;[0m&amp#27;[38;5;86m[HTTP]&amp#27;[0m &amp#27;[37m-->&amp#27;[39m &amp#27;[37mPOST&amp#27;[39m &amp#27;[37m/session/f2595a8a-f926-443c-bac0-371e0b0bb3a9/element/00000000-0000-000d-0000-000b00000039/value&amp#27;[39m &amp#27;[90m{"text":"akash.ray@playment.in","value":["a","k","a","s","h",".","r","a","y","@","p","l","a","y","m","e","n","t",".","i","n"],"id":"00000000-0000-000d-0000-000b00000039"}&amp#27;[39m
&amp#27;[38;5;189m[f2595a8a]&amp#27;[0m&amp#27;[38;5;4m[AndroidUiautomator2Driver@905e]&amp#27;[0m Calling AppiumDriver.setValue() with args: [["a","k","a","s","h",".","r","a","y","@","p","l","a","y","m","e","n","t",".","i","n"],"00000000-0000-000d-0000-000b00000039","f2595a8a-f926-443c-bac0-371e0b0bb3a9"]
&amp#27;[38;5;189m[f2595a8a]&amp#27;[0m&amp#27;[38;5;4m[AndroidUiautomator2Driver@905e]&amp#27;[0m Matched '/element/00000000-0000-000d-0000-000b00000039/value' to command name 'setValue'
&amp#27;[38;5;189m[f2595a8a]&amp#27;[0m&amp#27;[38;5;4m[AndroidUiautomator2Driver@905e]&amp#27;[0m Added 'value' property ["a","k","a","s","h",".","r","a","y","@","p","l","a","y","m","e","n","t",".","i","n"] to 'setValue' request body
&amp#27;[38;5;189m[f2595a8a]&amp#27;[0m&amp#27;[38;5;4m[AndroidUiautomator2Driver@905e]&amp#27;[0m Proxying [POST /element/00000000-0000-000d-0000-000b00000039/value] to [POST http://127.0.0.1:8200/session/2ba4ac6d-eecf-49e4-b1cb-f3b166241f2e/element/00000000-0000-000d-0000-000b00000039/value] with body: {"elementId":"00000000-0000-000d-0000-000b00000039","text":"akash.ray@playment.in","replace":false,"value":["a","k","a","s","h",".","r","a","y","@","p","l","a","y","m","e","n","t",".","i","n"]}
&amp#27;[38;5;189m[f2595a8a]&amp#27;[0m&amp#27;[38;5;4m[AndroidUiautomator2Driver@905e]&amp#27;[0m Got response with status 200: {"sessionId":"2ba4ac6d-eecf-49e4-b1cb-f3b166241f2e","value":null}
&amp#27;[38;5;189m[f2595a8a]&amp#27;[0m&amp#27;[38;5;4m[AndroidUiautomator2Driver@905e]&amp#27;[0m Responding to client with driver.setValue() result: null
&amp#27;[38;5;189m[f2595a8a]&amp#27;[0m&amp#27;[38;5;86m[HTTP]&amp#27;[0m &amp#27;[37m<-- POST /session/f2595a8a-f926-443c-bac0-371e0b0bb3a9/element/00000000-0000-000d-0000-000b00000039/value &amp#27;[39m&amp#27;[32m200&amp#27;[39m &amp#27;[90m17 ms - 14&amp#27;[39m &amp#27;[90m&amp#27;[39m
&amp#27;[38;5;189m[f2595a8a]&amp#27;[0m&amp#27;[38;5;86m[HTTP]&amp#27;[0m &amp#27;[37m-->&amp#27;[39m &amp#27;[37mGET&amp#27;[39m &amp#27;[37m/session/f2595a8a-f926-443c-bac0-371e0b0bb3a9/context&amp#27;[39m &amp#27;[90m{}&amp#27;[39m
&amp#27;[38;5;189m[f2595a8a]&amp#27;[0m&amp#27;[38;5;4m[AndroidUiautomator2Driver@905e]&amp#27;[0m Calling AppiumDriver.getCurrentContext() with args: ["f2595a8a-f926-443c-bac0-371e0b0bb3a9"]
&amp#27;[38;5;189m[f2595a8a]&amp#27;[0m&amp#27;[38;5;4m[AndroidUiautomator2Driver@905e]&amp#27;[0m Responding to client with driver.getCurrentContext() result: "NATIVE_APP"
&amp#27;[38;5;189m[f2595a8a]&amp#27;[0m&amp#27;[38;5;86m[HTTP]&amp#27;[0m &amp#27;[37m<-- GET /session/f2595a8a-f926-443c-bac0-371e0b0bb3a9/context &amp#27;[39m&amp#27;[32m200&amp#27;[39m &amp#27;[90m1 ms - 22&amp#27;[39m &amp#27;[90m&amp#27;[39m
&amp#27;[38;5;189m[f2595a8a]&amp#27;[0m&amp#27;[38;5;86m[HTTP]&amp#27;[0m &amp#27;[37m-->&amp#27;[39m &amp#27;[37mPOST&amp#27;[39m &amp#27;[37m/session/f2595a8a-f926-443c-bac0-371e0b0bb3a9/element&amp#27;[39m &amp#27;[90m{"value":"new UiSelector().className(\"android.widget.EditText\").instance(1)","using":"-android uiautomator"}&amp#27;[39m
&amp#27;[38;5;189m[f2595a8a]&amp#27;[0m&amp#27;[38;5;4m[AndroidUiautomator2Driver@905e]&amp#27;[0m Calling AppiumDriver.findElement() with args: ["-android uiautomator","new UiSelector().className(\"android.widget.EditText\").instance(1)","f2595a8a-f926-443c-bac0-371e0b0bb3a9"]
&amp#27;[38;5;189m[f2595a8a]&amp#27;[0m&amp#27;[38;5;4m[AndroidUiautomator2Driver@905e]&amp#27;[0m Valid locator strategies for this request: xpath, id, class name, accessibility id, css selector, -android uiautomator
&amp#27;[38;5;189m[f2595a8a]&amp#27;[0m&amp#27;[38;5;4m[AndroidUiautomator2Driver@905e]&amp#27;[0m Waiting up to 10000 ms for condition
&amp#27;[38;5;189m[f2595a8a]&amp#27;[0m&amp#27;[38;5;4m[AndroidUiautomator2Driver@905e]&amp#27;[0m Matched '/element' to command name 'findElement'
&amp#27;[38;5;189m[f2595a8a]&amp#27;[0m&amp#27;[38;5;4m[AndroidUiautomator2Driver@905e]&amp#27;[0m Proxying [POST /element] to [POST http://127.0.0.1:8200/session/2ba4ac6d-eecf-49e4-b1cb-f3b166241f2e/element] with body: {"strategy":"-android uiautomator","selector":"new UiSelector().className(\"android.widget.EditText\").instance(1)","context":"","multiple":false}
&amp#27;[38;5;189m[f2595a8a]&amp#27;[0m&amp#27;[38;5;4m[AndroidUiautomator2Driver@905e]&amp#27;[0m Got response with status 200: {"sessionId":"2ba4ac6d-eecf-49e4-b1cb-f3b166241f2e","value":{"ELEMENT":"00000000-0000-000d-0000-001100000039","element-6066-11e4-a52e-4f735466cecf":"00000000-0000-000d-0000-001100000039"}}
&amp#27;[38;5;189m[f2595a8a]&amp#27;[0m&amp#27;[38;5;4m[AndroidUiautomator2Driver@905e]&amp#27;[0m Responding to client with driver.findElement() result: {"element-6066-11e4-a52e-4f735466cecf":"00000000-0000-000d-0000-001100000039","ELEMENT":"00000000-0000-000d-0000-001100000039"}
&amp#27;[38;5;189m[f2595a8a]&amp#27;[0m&amp#27;[38;5;86m[HTTP]&amp#27;[0m &amp#27;[37m<-- POST /session/f2595a8a-f926-443c-bac0-371e0b0bb3a9/element &amp#27;[39m&amp#27;[32m200&amp#27;[39m &amp#27;[90m13 ms - 137&amp#27;[39m &amp#27;[90m&amp#27;[39m
&amp#27;[38;5;189m[f2595a8a]&amp#27;[0m&amp#27;[38;5;86m[HTTP]&amp#27;[0m &amp#27;[37m-->&amp#27;[39m &amp#27;[37mPOST&amp#27;[39m &amp#27;[37m/session/f2595a8a-f926-443c-bac0-371e0b0bb3a9/element/00000000-0000-000d-0000-001100000039/value&amp#27;[39m &amp#27;[90m{"text":"playmentt@123","value":["p","l","a","y","m","e","n","t","t","@","1","2","3"],"id":"00000000-0000-000d-0000-001100000039"}&amp#27;[39m
&amp#27;[38;5;189m[f2595a8a]&amp#27;[0m&amp#27;[38;5;4m[AndroidUiautomator2Driver@905e]&amp#27;[0m Calling AppiumDriver.setValue() with args: [["p","l","a","y","m","e","n","t","t","@","1","2","3"],"00000000-0000-000d-0000-001100000039","f2595a8a-f926-443c-bac0-371e0b0bb3a9"]
&amp#27;[38;5;189m[f2595a8a]&amp#27;[0m&amp#27;[38;5;4m[AndroidUiautomator2Driver@905e]&amp#27;[0m Matched '/element/00000000-0000-000d-0000-001100000039/value' to command name 'setValue'
&amp#27;[38;5;189m[f2595a8a]&amp#27;[0m&amp#27;[38;5;4m[AndroidUiautomator2Driver@905e]&amp#27;[0m Added 'value' property ["p","l","a","y","m","e","n","t","t","@","1","2","3"] to 'setValue' request body
&amp#27;[38;5;189m[f2595a8a]&amp#27;[0m&amp#27;[38;5;4m[AndroidUiautomator2Driver@905e]&amp#27;[0m Proxying [POST /element/00000000-0000-000d-0000-001100000039/value] to [POST http://127.0.0.1:8200/session/2ba4ac6d-eecf-49e4-b1cb-f3b166241f2e/element/00000000-0000-000d-0000-001100000039/value] with body: {"elementId":"00000000-0000-000d-0000-001100000039","text":"playmentt@123","replace":false,"value":["p","l","a","y","m","e","n","t","t","@","1","2","3"]}
&amp#27;[38;5;189m[f2595a8a]&amp#27;[0m&amp#27;[38;5;4m[AndroidUiautomator2Driver@905e]&amp#27;[0m Got response with status 200: {"sessionId":"2ba4ac6d-eecf-49e4-b1cb-f3b166241f2e","value":null}
&amp#27;[38;5;189m[f2595a8a]&amp#27;[0m&amp#27;[38;5;4m[AndroidUiautomator2Driver@905e]&amp#27;[0m Responding to client with driver.setValue() result: null
&amp#27;[38;5;189m[f2595a8a]&amp#27;[0m&amp#27;[38;5;86m[HTTP]&amp#27;[0m &amp#27;[37m<-- POST /session/f2595a8a-f926-443c-bac0-371e0b0bb3a9/element/00000000-0000-000d-0000-001100000039/value &amp#27;[39m&amp#27;[32m200&amp#27;[39m &amp#27;[90m18 ms - 14&amp#27;[39m &amp#27;[90m&amp#27;[39m
&amp#27;[38;5;189m[f2595a8a]&amp#27;[0m&amp#27;[38;5;86m[HTTP]&amp#27;[0m &amp#27;[37m-->&amp#27;[39m &amp#27;[37mGET&amp#27;[39m &amp#27;[37m/session/f2595a8a-f926-443c-bac0-371e0b0bb3a9/context&amp#27;[39m &amp#27;[90m{}&amp#27;[39m
&amp#27;[38;5;189m[f2595a8a]&amp#27;[0m&amp#27;[38;5;4m[AndroidUiautomator2Driver@905e]&amp#27;[0m Calling AppiumDriver.getCurrentContext() with args: ["f2595a8a-f926-443c-bac0-371e0b0bb3a9"]
&amp#27;[38;5;189m[f2595a8a]&amp#27;[0m&amp#27;[38;5;4m[AndroidUiautomator2Driver@905e]&amp#27;[0m Responding to client with driver.getCurrentContext() result: "NATIVE_APP"
&amp#27;[38;5;189m[f2595a8a]&amp#27;[0m&amp#27;[38;5;86m[HTTP]&amp#27;[0m &amp#27;[37m<-- GET /session/f2595a8a-f926-443c-bac0-371e0b0bb3a9/context &amp#27;[39m&amp#27;[32m200&amp#27;[39m &amp#27;[90m1 ms - 22&amp#27;[39m &amp#27;[90m&amp#27;[39m
&amp#27;[38;5;189m[f2595a8a]&amp#27;[0m&amp#27;[38;5;86m[HTTP]&amp#27;[0m &amp#27;[37m-->&amp#27;[39m &amp#27;[37mPOST&amp#27;[39m &amp#27;[37m/session/f2595a8a-f926-443c-bac0-371e0b0bb3a9/element&amp#27;[39m &amp#27;[90m{"value":"//android.widget.Button[@text='Continue']","using":"xpath"}&amp#27;[39m
&amp#27;[38;5;189m[f2595a8a]&amp#27;[0m&amp#27;[38;5;4m[AndroidUiautomator2Driver@905e]&amp#27;[0m Calling AppiumDriver.findElement() with args: ["xpath","//android.widget.Button[@text='Continue']","f2595a8a-f926-443c-bac0-371e0b0bb3a9"]
&amp#27;[38;5;189m[f2595a8a]&amp#27;[0m&amp#27;[38;5;4m[AndroidUiautomator2Driver@905e]&amp#27;[0m Valid locator strategies for this request: xpath, id, class name, accessibility id, css selector, -android uiautomator
&amp#27;[38;5;189m[f2595a8a]&amp#27;[0m&amp#27;[38;5;4m[AndroidUiautomator2Driver@905e]&amp#27;[0m Waiting up to 10000 ms for condition
&amp#27;[38;5;189m[f2595a8a]&amp#27;[0m&amp#27;[38;5;4m[AndroidUiautomator2Driver@905e]&amp#27;[0m Matched '/element' to command name 'findElement'
&amp#27;[38;5;189m[f2595a8a]&amp#27;[0m&amp#27;[38;5;4m[AndroidUiautomator2Driver@905e]&amp#27;[0m Proxying [POST /element] to [POST http://127.0.0.1:8200/session/2ba4ac6d-eecf-49e4-b1cb-f3b166241f2e/element] with body: {"strategy":"xpath","selector":"//android.widget.Button[@text='Continue']","context":"","multiple":false}
&amp#27;[38;5;189m[f2595a8a]&amp#27;[0m&amp#27;[38;5;4m[AndroidUiautomator2Driver@905e]&amp#27;[0m Got response with status 200: {"sessionId":"2ba4ac6d-eecf-49e4-b1cb-f3b166241f2e","value":{"ELEMENT":"00000000-0000-000d-0000-001e00000039","element-6066-11e4-a52e-4f735466cecf":"00000000-0000-000d-0000-001e00000039"}}
&amp#27;[38;5;189m[f2595a8a]&amp#27;[0m&amp#27;[38;5;4m[AndroidUiautomator2Driver@905e]&amp#27;[0m Responding to client with driver.findElement() result: {"element-6066-11e4-a52e-4f735466cecf":"00000000-0000-000d-0000-001e00000039","ELEMENT":"00000000-0000-000d-0000-001e00000039"}
&amp#27;[38;5;189m[f2595a8a]&amp#27;[0m&amp#27;[38;5;86m[HTTP]&amp#27;[0m &amp#27;[37m<-- POST /session/f2595a8a-f926-443c-bac0-371e0b0bb3a9/element &amp#27;[39m&amp#27;[32m200&amp#27;[39m &amp#27;[90m39 ms - 137&amp#27;[39m &amp#27;[90m&amp#27;[39m
&amp#27;[38;5;189m[f2595a8a]&amp#27;[0m&amp#27;[38;5;86m[HTTP]&amp#27;[0m &amp#27;[37m-->&amp#27;[39m &amp#27;[37mPOST&amp#27;[39m &amp#27;[37m/session/f2595a8a-f926-443c-bac0-371e0b0bb3a9/element/00000000-0000-000d-0000-001e00000039/click&amp#27;[39m &amp#27;[90m{"id":"00000000-0000-000d-0000-001e00000039"}&amp#27;[39m
&amp#27;[38;5;189m[f2595a8a]&amp#27;[0m&amp#27;[38;5;4m[AndroidUiautomator2Driver@905e]&amp#27;[0m Calling AppiumDriver.click() with args: ["00000000-0000-000d-0000-001e00000039","f2595a8a-f926-443c-bac0-371e0b0bb3a9"]
&amp#27;[38;5;189m[f2595a8a]&amp#27;[0m&amp#27;[38;5;4m[AndroidUiautomator2Driver@905e]&amp#27;[0m Matched '/element/00000000-0000-000d-0000-001e00000039/click' to command name 'click'
&amp#27;[38;5;189m[f2595a8a]&amp#27;[0m&amp#27;[38;5;4m[AndroidUiautomator2Driver@905e]&amp#27;[0m Proxying [POST /element/00000000-0000-000d-0000-001e00000039/click] to [POST http://127.0.0.1:8200/session/2ba4ac6d-eecf-49e4-b1cb-f3b166241f2e/element/00000000-0000-000d-0000-001e00000039/click] with body: {"element":"00000000-0000-000d-0000-001e00000039"}
&amp#27;[38;5;189m[f2595a8a]&amp#27;[0m&amp#27;[38;5;4m[AndroidUiautomator2Driver@905e]&amp#27;[0m Got response with status 200: {"sessionId":"2ba4ac6d-eecf-49e4-b1cb-f3b166241f2e","value":null}
&amp#27;[38;5;189m[f2595a8a]&amp#27;[0m&amp#27;[38;5;4m[AndroidUiautomator2Driver@905e]&amp#27;[0m Responding to client with driver.click() result: null
&amp#27;[38;5;189m[f2595a8a]&amp#27;[0m&amp#27;[38;5;86m[HTTP]&amp#27;[0m &amp#27;[37m<-- POST /session/f2595a8a-f926-443c-bac0-371e0b0bb3a9/element/00000000-0000-000d-0000-001e00000039/click &amp#27;[39m&amp#27;[32m200&amp#27;[39m &amp#27;[90m44 ms - 14&amp#27;[39m &amp#27;[90m&amp#27;[39m
]]></system-out>
  </testcase>
  <testcase name="homePageVerification" classname="TestClass.android.LoginTest" time="8.264">
    <system-out><![CDATA[&amp#27;[38;5;189m[f2595a8a]&amp#27;[0m&amp#27;[38;5;86m[HTTP]&amp#27;[0m &amp#27;[37m-->&amp#27;[39m &amp#27;[37mGET&amp#27;[39m &amp#27;[37m/session/f2595a8a-f926-443c-bac0-371e0b0bb3a9/context&amp#27;[39m &amp#27;[90m{}&amp#27;[39m
&amp#27;[38;5;189m[f2595a8a]&amp#27;[0m&amp#27;[38;5;4m[AndroidUiautomator2Driver@905e]&amp#27;[0m Calling AppiumDriver.getCurrentContext() with args: ["f2595a8a-f926-443c-bac0-371e0b0bb3a9"]
&amp#27;[38;5;189m[f2595a8a]&amp#27;[0m&amp#27;[38;5;4m[AndroidUiautomator2Driver@905e]&amp#27;[0m Responding to client with driver.getCurrentContext() result: "NATIVE_APP"
&amp#27;[38;5;189m[f2595a8a]&amp#27;[0m&amp#27;[38;5;86m[HTTP]&amp#27;[0m &amp#27;[37m<-- GET /session/f2595a8a-f926-443c-bac0-371e0b0bb3a9/context &amp#27;[39m&amp#27;[32m200&amp#27;[39m &amp#27;[90m1 ms - 22&amp#27;[39m &amp#27;[90m&amp#27;[39m
&amp#27;[38;5;189m[f2595a8a]&amp#27;[0m&amp#27;[38;5;86m[HTTP]&amp#27;[0m &amp#27;[37m-->&amp#27;[39m &amp#27;[37mPOST&amp#27;[39m &amp#27;[37m/session/f2595a8a-f926-443c-bac0-371e0b0bb3a9/element&amp#27;[39m &amp#27;[90m{"value":"//android.widget.TextView[@text='Jobs']","using":"xpath"}&amp#27;[39m
&amp#27;[38;5;189m[f2595a8a]&amp#27;[0m&amp#27;[38;5;4m[AndroidUiautomator2Driver@905e]&amp#27;[0m Calling AppiumDriver.findElement() with args: ["xpath","//android.widget.TextView[@text='Jobs']","f2595a8a-f926-443c-bac0-371e0b0bb3a9"]
&amp#27;[38;5;189m[f2595a8a]&amp#27;[0m&amp#27;[38;5;4m[AndroidUiautomator2Driver@905e]&amp#27;[0m Valid locator strategies for this request: xpath, id, class name, accessibility id, css selector, -android uiautomator
&amp#27;[38;5;189m[f2595a8a]&amp#27;[0m&amp#27;[38;5;4m[AndroidUiautomator2Driver@905e]&amp#27;[0m Waiting up to 10000 ms for condition
&amp#27;[38;5;189m[f2595a8a]&amp#27;[0m&amp#27;[38;5;4m[AndroidUiautomator2Driver@905e]&amp#27;[0m Matched '/element' to command name 'findElement'
&amp#27;[38;5;189m[f2595a8a]&amp#27;[0m&amp#27;[38;5;4m[AndroidUiautomator2Driver@905e]&amp#27;[0m Proxying [POST /element] to [POST http://127.0.0.1:8200/session/2ba4ac6d-eecf-49e4-b1cb-f3b166241f2e/element] with body: {"strategy":"xpath","selector":"//android.widget.TextView[@text='Jobs']","context":"","multiple":false}
&amp#27;[38;5;189m[f2595a8a]&amp#27;[0m&amp#27;[38;5;4m[AndroidUiautomator2Driver@905e]&amp#27;[0m Got response with status 404: {"sessionId":"2ba4ac6d-eecf-49e4-b1cb-f3b166241f2e","value":{"error":"no such element","message":"An element could not be located on the page using the given search parameters","stacktrace":"io.appium.uiautomator2.common.exceptions.ElementNotFoundException: An element could not be located on the page using the given search parameters\n\tat io.appium.uiautomator2.utils.ElementLocationHelpers.findElement(ElementLocationHelpers.java:156)\n\tat io.appium.uiautomator2.handler.FindElement.safeHandle(FindElement.java:60)\n\tat io.appium.uiautomator2.handler.request.SafeRequestHandler.handle(SafeRequestHandler.java:59)\n\tat io.appium.uiautomator2.server.AppiumServlet.handleRequest(AppiumServlet.java:259)\n\tat io.appium.uiautomator2.server.AppiumServlet.handleHttpRequest(AppiumServlet.java:253)\n\tat io.appium.uiautomator2.http.ServerHandler.channelRead(ServerHandler.java:77)\n\tat io.netty.channel.AbstractChannelHandlerContext.invokeChannelRead(AbstractChannelHandlerContext.java:366)\n\tat io.netty.channel.Abstr...
&amp#27;[38;5;189m[f2595a8a]&amp#27;[0m&amp#27;[38;5;123m[W3C]&amp#27;[0m Matched W3C error code 'no such element' to NoSuchElementError
&amp#27;[38;5;189m[f2595a8a]&amp#27;[0m&amp#27;[38;5;4m[AndroidUiautomator2Driver@905e]&amp#27;[0m Waited for 50 ms so far
&amp#27;[38;5;189m[f2595a8a]&amp#27;[0m&amp#27;[38;5;4m[AndroidUiautomator2Driver@905e]&amp#27;[0m Matched '/element' to command name 'findElement'
&amp#27;[38;5;189m[f2595a8a]&amp#27;[0m&amp#27;[38;5;4m[AndroidUiautomator2Driver@905e]&amp#27;[0m Proxying [POST /element] to [POST http://127.0.0.1:8200/session/2ba4ac6d-eecf-49e4-b1cb-f3b166241f2e/element] with body: {"strategy":"xpath","selector":"//android.widget.TextView[@text='Jobs']","context":"","multiple":false}
&amp#27;[38;5;189m[f2595a8a]&amp#27;[0m&amp#27;[38;5;4m[AndroidUiautomator2Driver@905e]&amp#27;[0m Got response with status 404: {"sessionId":"2ba4ac6d-eecf-49e4-b1cb-f3b166241f2e","value":{"error":"no such element","message":"An element could not be located on the page using the given search parameters","stacktrace":"io.appium.uiautomator2.common.exceptions.ElementNotFoundException: An element could not be located on the page using the given search parameters\n\tat io.appium.uiautomator2.utils.ElementLocationHelpers.findElement(ElementLocationHelpers.java:156)\n\tat io.appium.uiautomator2.handler.FindElement.safeHandle(FindElement.java:60)\n\tat io.appium.uiautomator2.handler.request.SafeRequestHandler.handle(SafeRequestHandler.java:59)\n\tat io.appium.uiautomator2.server.AppiumServlet.handleRequest(AppiumServlet.java:259)\n\tat io.appium.uiautomator2.server.AppiumServlet.handleHttpRequest(AppiumServlet.java:253)\n\tat io.appium.uiautomator2.http.ServerHandler.channelRead(ServerHandler.java:77)\n\tat io.netty.channel.AbstractChannelHandlerContext.invokeChannelRead(AbstractChannelHandlerContext.java:366)\n\tat io.netty.channel.Abstr...
&amp#27;[38;5;189m[f2595a8a]&amp#27;[0m&amp#27;[38;5;123m[W3C]&amp#27;[0m Matched W3C error code 'no such element' to NoSuchElementError
&amp#27;[38;5;189m[f2595a8a]&amp#27;[0m&amp#27;[38;5;4m[AndroidUiautomator2Driver@905e]&amp#27;[0m Waited for 677 ms so far
&amp#27;[38;5;189m[f2595a8a]&amp#27;[0m&amp#27;[38;5;4m[AndroidUiautomator2Driver@905e]&amp#27;[0m Matched '/element' to command name 'findElement'
&amp#27;[38;5;189m[f2595a8a]&amp#27;[0m&amp#27;[38;5;4m[AndroidUiautomator2Driver@905e]&amp#27;[0m Proxying [POST /element] to [POST http://127.0.0.1:8200/session/2ba4ac6d-eecf-49e4-b1cb-f3b166241f2e/element] with body: {"strategy":"xpath","selector":"//android.widget.TextView[@text='Jobs']","context":"","multiple":false}
&amp#27;[38;5;189m[f2595a8a]&amp#27;[0m&amp#27;[38;5;4m[AndroidUiautomator2Driver@905e]&amp#27;[0m Got response with status 404: {"sessionId":"2ba4ac6d-eecf-49e4-b1cb-f3b166241f2e","value":{"error":"no such element","message":"An element could not be located on the page using the given search parameters","stacktrace":"io.appium.uiautomator2.common.exceptions.ElementNotFoundException: An element could not be located on the page using the given search parameters\n\tat io.appium.uiautomator2.utils.ElementLocationHelpers.findElement(ElementLocationHelpers.java:156)\n\tat io.appium.uiautomator2.handler.FindElement.safeHandle(FindElement.java:60)\n\tat io.appium.uiautomator2.handler.request.SafeRequestHandler.handle(SafeRequestHandler.java:59)\n\tat io.appium.uiautomator2.server.AppiumServlet.handleRequest(AppiumServlet.java:259)\n\tat io.appium.uiautomator2.server.AppiumServlet.handleHttpRequest(AppiumServlet.java:253)\n\tat io.appium.uiautomator2.http.ServerHandler.channelRead(ServerHandler.java:77)\n\tat io.netty.channel.AbstractChannelHandlerContext.invokeChannelRead(AbstractChannelHandlerContext.java:366)\n\tat io.netty.channel.Abstr...
&amp#27;[38;5;189m[f2595a8a]&amp#27;[0m&amp#27;[38;5;123m[W3C]&amp#27;[0m Matched W3C error code 'no such element' to NoSuchElementError
&amp#27;[38;5;189m[f2595a8a]&amp#27;[0m&amp#27;[38;5;4m[AndroidUiautomator2Driver@905e]&amp#27;[0m Waited for 1230 ms so far
&amp#27;[38;5;189m[f2595a8a]&amp#27;[0m&amp#27;[38;5;4m[AndroidUiautomator2Driver@905e]&amp#27;[0m Matched '/element' to command name 'findElement'
&amp#27;[38;5;189m[f2595a8a]&amp#27;[0m&amp#27;[38;5;4m[AndroidUiautomator2Driver@905e]&amp#27;[0m Proxying [POST /element] to [POST http://127.0.0.1:8200/session/2ba4ac6d-eecf-49e4-b1cb-f3b166241f2e/element] with body: {"strategy":"xpath","selector":"//android.widget.TextView[@text='Jobs']","context":"","multiple":false}
&amp#27;[38;5;189m[f2595a8a]&amp#27;[0m&amp#27;[38;5;4m[AndroidUiautomator2Driver@905e]&amp#27;[0m Got response with status 404: {"sessionId":"2ba4ac6d-eecf-49e4-b1cb-f3b166241f2e","value":{"error":"no such element","message":"An element could not be located on the page using the given search parameters","stacktrace":"io.appium.uiautomator2.common.exceptions.ElementNotFoundException: An element could not be located on the page using the given search parameters\n\tat io.appium.uiautomator2.utils.ElementLocationHelpers.findElement(ElementLocationHelpers.java:156)\n\tat io.appium.uiautomator2.handler.FindElement.safeHandle(FindElement.java:60)\n\tat io.appium.uiautomator2.handler.request.SafeRequestHandler.handle(SafeRequestHandler.java:59)\n\tat io.appium.uiautomator2.server.AppiumServlet.handleRequest(AppiumServlet.java:259)\n\tat io.appium.uiautomator2.server.AppiumServlet.handleHttpRequest(AppiumServlet.java:253)\n\tat io.appium.uiautomator2.http.ServerHandler.channelRead(ServerHandler.java:77)\n\tat io.netty.channel.AbstractChannelHandlerContext.invokeChannelRead(AbstractChannelHandlerContext.java:366)\n\tat io.netty.channel.Abstr...
&amp#27;[38;5;189m[f2595a8a]&amp#27;[0m&amp#27;[38;5;123m[W3C]&amp#27;[0m Matched W3C error code 'no such element' to NoSuchElementError
&amp#27;[38;5;189m[f2595a8a]&amp#27;[0m&amp#27;[38;5;4m[AndroidUiautomator2Driver@905e]&amp#27;[0m Waited for 1769 ms so far
&amp#27;[38;5;189m[f2595a8a]&amp#27;[0m&amp#27;[38;5;4m[AndroidUiautomator2Driver@905e]&amp#27;[0m Matched '/element' to command name 'findElement'
&amp#27;[38;5;189m[f2595a8a]&amp#27;[0m&amp#27;[38;5;4m[AndroidUiautomator2Driver@905e]&amp#27;[0m Proxying [POST /element] to [POST http://127.0.0.1:8200/session/2ba4ac6d-eecf-49e4-b1cb-f3b166241f2e/element] with body: {"strategy":"xpath","selector":"//android.widget.TextView[@text='Jobs']","context":"","multiple":false}
&amp#27;[38;5;189m[f2595a8a]&amp#27;[0m&amp#27;[38;5;4m[AndroidUiautomator2Driver@905e]&amp#27;[0m Got response with status 404: {"sessionId":"2ba4ac6d-eecf-49e4-b1cb-f3b166241f2e","value":{"error":"no such element","message":"An element could not be located on the page using the given search parameters","stacktrace":"io.appium.uiautomator2.common.exceptions.ElementNotFoundException: An element could not be located on the page using the given search parameters\n\tat io.appium.uiautomator2.utils.ElementLocationHelpers.findElement(ElementLocationHelpers.java:156)\n\tat io.appium.uiautomator2.handler.FindElement.safeHandle(FindElement.java:60)\n\tat io.appium.uiautomator2.handler.request.SafeRequestHandler.handle(SafeRequestHandler.java:59)\n\tat io.appium.uiautomator2.server.AppiumServlet.handleRequest(AppiumServlet.java:259)\n\tat io.appium.uiautomator2.server.AppiumServlet.handleHttpRequest(AppiumServlet.java:253)\n\tat io.appium.uiautomator2.http.ServerHandler.channelRead(ServerHandler.java:77)\n\tat io.netty.channel.AbstractChannelHandlerContext.invokeChannelRead(AbstractChannelHandlerContext.java:366)\n\tat io.netty.channel.Abstr...
&amp#27;[38;5;189m[f2595a8a]&amp#27;[0m&amp#27;[38;5;123m[W3C]&amp#27;[0m Matched W3C error code 'no such element' to NoSuchElementError
&amp#27;[38;5;189m[f2595a8a]&amp#27;[0m&amp#27;[38;5;4m[AndroidUiautomator2Driver@905e]&amp#27;[0m Waited for 2355 ms so far
&amp#27;[38;5;189m[f2595a8a]&amp#27;[0m&amp#27;[38;5;4m[AndroidUiautomator2Driver@905e]&amp#27;[0m Matched '/element' to command name 'findElement'
&amp#27;[38;5;189m[f2595a8a]&amp#27;[0m&amp#27;[38;5;4m[AndroidUiautomator2Driver@905e]&amp#27;[0m Proxying [POST /element] to [POST http://127.0.0.1:8200/session/2ba4ac6d-eecf-49e4-b1cb-f3b166241f2e/element] with body: {"strategy":"xpath","selector":"//android.widget.TextView[@text='Jobs']","context":"","multiple":false}
&amp#27;[38;5;189m[f2595a8a]&amp#27;[0m&amp#27;[38;5;4m[AndroidUiautomator2Driver@905e]&amp#27;[0m Got response with status 404: {"sessionId":"2ba4ac6d-eecf-49e4-b1cb-f3b166241f2e","value":{"error":"no such element","message":"An element could not be located on the page using the given search parameters","stacktrace":"io.appium.uiautomator2.common.exceptions.ElementNotFoundException: An element could not be located on the page using the given search parameters\n\tat io.appium.uiautomator2.utils.ElementLocationHelpers.findElement(ElementLocationHelpers.java:156)\n\tat io.appium.uiautomator2.handler.FindElement.safeHandle(FindElement.java:60)\n\tat io.appium.uiautomator2.handler.request.SafeRequestHandler.handle(SafeRequestHandler.java:59)\n\tat io.appium.uiautomator2.server.AppiumServlet.handleRequest(AppiumServlet.java:259)\n\tat io.appium.uiautomator2.server.AppiumServlet.handleHttpRequest(AppiumServlet.java:253)\n\tat io.appium.uiautomator2.http.ServerHandler.channelRead(ServerHandler.java:77)\n\tat io.netty.channel.AbstractChannelHandlerContext.invokeChannelRead(AbstractChannelHandlerContext.java:366)\n\tat io.netty.channel.Abstr...
&amp#27;[38;5;189m[f2595a8a]&amp#27;[0m&amp#27;[38;5;123m[W3C]&amp#27;[0m Matched W3C error code 'no such element' to NoSuchElementError
&amp#27;[38;5;189m[f2595a8a]&amp#27;[0m&amp#27;[38;5;4m[AndroidUiautomator2Driver@905e]&amp#27;[0m Waited for 2930 ms so far
&amp#27;[38;5;189m[f2595a8a]&amp#27;[0m&amp#27;[38;5;4m[AndroidUiautomator2Driver@905e]&amp#27;[0m Matched '/element' to command name 'findElement'
&amp#27;[38;5;189m[f2595a8a]&amp#27;[0m&amp#27;[38;5;4m[AndroidUiautomator2Driver@905e]&amp#27;[0m Proxying [POST /element] to [POST http://127.0.0.1:8200/session/2ba4ac6d-eecf-49e4-b1cb-f3b166241f2e/element] with body: {"strategy":"xpath","selector":"//android.widget.TextView[@text='Jobs']","context":"","multiple":false}
&amp#27;[38;5;189m[f2595a8a]&amp#27;[0m&amp#27;[38;5;4m[AndroidUiautomator2Driver@905e]&amp#27;[0m Got response with status 404: {"sessionId":"2ba4ac6d-eecf-49e4-b1cb-f3b166241f2e","value":{"error":"no such element","message":"An element could not be located on the page using the given search parameters","stacktrace":"io.appium.uiautomator2.common.exceptions.ElementNotFoundException: An element could not be located on the page using the given search parameters\n\tat io.appium.uiautomator2.utils.ElementLocationHelpers.findElement(ElementLocationHelpers.java:156)\n\tat io.appium.uiautomator2.handler.FindElement.safeHandle(FindElement.java:60)\n\tat io.appium.uiautomator2.handler.request.SafeRequestHandler.handle(SafeRequestHandler.java:59)\n\tat io.appium.uiautomator2.server.AppiumServlet.handleRequest(AppiumServlet.java:259)\n\tat io.appium.uiautomator2.server.AppiumServlet.handleHttpRequest(AppiumServlet.java:253)\n\tat io.appium.uiautomator2.http.ServerHandler.channelRead(ServerHandler.java:77)\n\tat io.netty.channel.AbstractChannelHandlerContext.invokeChannelRead(AbstractChannelHandlerContext.java:366)\n\tat io.netty.channel.Abstr...
&amp#27;[38;5;189m[f2595a8a]&amp#27;[0m&amp#27;[38;5;123m[W3C]&amp#27;[0m Matched W3C error code 'no such element' to NoSuchElementError
&amp#27;[38;5;189m[f2595a8a]&amp#27;[0m&amp#27;[38;5;4m[AndroidUiautomator2Driver@905e]&amp#27;[0m Waited for 4369 ms so far
&amp#27;[38;5;189m[f2595a8a]&amp#27;[0m&amp#27;[38;5;4m[AndroidUiautomator2Driver@905e]&amp#27;[0m Matched '/element' to command name 'findElement'
&amp#27;[38;5;189m[f2595a8a]&amp#27;[0m&amp#27;[38;5;4m[AndroidUiautomator2Driver@905e]&amp#27;[0m Proxying [POST /element] to [POST http://127.0.0.1:8200/session/2ba4ac6d-eecf-49e4-b1cb-f3b166241f2e/element] with body: {"strategy":"xpath","selector":"//android.widget.TextView[@text='Jobs']","context":"","multiple":false}
&amp#27;[38;5;189m[f2595a8a]&amp#27;[0m&amp#27;[38;5;4m[AndroidUiautomator2Driver@905e]&amp#27;[0m Got response with status 200: {"sessionId":"2ba4ac6d-eecf-49e4-b1cb-f3b166241f2e","value":{"ELEMENT":"00000000-0000-000b-0000-003000000004","element-6066-11e4-a52e-4f735466cecf":"00000000-0000-000b-0000-003000000004"}}
&amp#27;[38;5;189m[f2595a8a]&amp#27;[0m&amp#27;[38;5;4m[AndroidUiautomator2Driver@905e]&amp#27;[0m Responding to client with driver.findElement() result: {"element-6066-11e4-a52e-4f735466cecf":"00000000-0000-000b-0000-003000000004","ELEMENT":"00000000-0000-000b-0000-003000000004"}
&amp#27;[38;5;189m[f2595a8a]&amp#27;[0m&amp#27;[38;5;86m[HTTP]&amp#27;[0m &amp#27;[37m<-- POST /session/f2595a8a-f926-443c-bac0-371e0b0bb3a9/element &amp#27;[39m&amp#27;[32m200&amp#27;[39m &amp#27;[90m5030 ms - 137&amp#27;[39m &amp#27;[90m&amp#27;[39m
&amp#27;[38;5;189m[f2595a8a]&amp#27;[0m&amp#27;[38;5;86m[HTTP]&amp#27;[0m &amp#27;[37m-->&amp#27;[39m &amp#27;[37mPOST&amp#27;[39m &amp#27;[37m/session/f2595a8a-f926-443c-bac0-371e0b0bb3a9/element/00000000-0000-000b-0000-003000000004/click&amp#27;[39m &amp#27;[90m{"id":"00000000-0000-000b-0000-003000000004"}&amp#27;[39m
&amp#27;[38;5;189m[f2595a8a]&amp#27;[0m&amp#27;[38;5;4m[AndroidUiautomator2Driver@905e]&amp#27;[0m Calling AppiumDriver.click() with args: ["00000000-0000-000b-0000-003000000004","f2595a8a-f926-443c-bac0-371e0b0bb3a9"]
&amp#27;[38;5;189m[f2595a8a]&amp#27;[0m&amp#27;[38;5;4m[AndroidUiautomator2Driver@905e]&amp#27;[0m Matched '/element/00000000-0000-000b-0000-003000000004/click' to command name 'click'
&amp#27;[38;5;189m[f2595a8a]&amp#27;[0m&amp#27;[38;5;4m[AndroidUiautomator2Driver@905e]&amp#27;[0m Proxying [POST /element/00000000-0000-000b-0000-003000000004/click] to [POST http://127.0.0.1:8200/session/2ba4ac6d-eecf-49e4-b1cb-f3b166241f2e/element/00000000-0000-000b-0000-003000000004/click] with body: {"element":"00000000-0000-000b-0000-003000000004"}
&amp#27;[38;5;189m[f2595a8a]&amp#27;[0m&amp#27;[38;5;4m[AndroidUiautomator2Driver@905e]&amp#27;[0m Got response with status 200: {"sessionId":"2ba4ac6d-eecf-49e4-b1cb-f3b166241f2e","value":null}
&amp#27;[38;5;189m[f2595a8a]&amp#27;[0m&amp#27;[38;5;4m[AndroidUiautomator2Driver@905e]&amp#27;[0m Responding to client with driver.click() result: null
&amp#27;[38;5;189m[f2595a8a]&amp#27;[0m&amp#27;[38;5;86m[HTTP]&amp#27;[0m &amp#27;[37m<-- POST /session/f2595a8a-f926-443c-bac0-371e0b0bb3a9/element/00000000-0000-000b-0000-003000000004/click &amp#27;[39m&amp#27;[32m200&amp#27;[39m &amp#27;[90m184 ms - 14&amp#27;[39m &amp#27;[90m&amp#27;[39m
&amp#27;[38;5;189m[f2595a8a]&amp#27;[0m&amp#27;[38;5;86m[HTTP]&amp#27;[0m &amp#27;[37m-->&amp#27;[39m &amp#27;[37mGET&amp#27;[39m &amp#27;[37m/session/f2595a8a-f926-443c-bac0-371e0b0bb3a9/context&amp#27;[39m &amp#27;[90m{}&amp#27;[39m
&amp#27;[38;5;189m[f2595a8a]&amp#27;[0m&amp#27;[38;5;4m[AndroidUiautomator2Driver@905e]&amp#27;[0m Calling AppiumDriver.getCurrentContext() with args: ["f2595a8a-f926-443c-bac0-371e0b0bb3a9"]
&amp#27;[38;5;189m[f2595a8a]&amp#27;[0m&amp#27;[38;5;4m[AndroidUiautomator2Driver@905e]&amp#27;[0m Responding to client with driver.getCurrentContext() result: "NATIVE_APP"
&amp#27;[38;5;189m[f2595a8a]&amp#27;[0m&amp#27;[38;5;86m[HTTP]&amp#27;[0m &amp#27;[37m<-- GET /session/f2595a8a-f926-443c-bac0-371e0b0bb3a9/context &amp#27;[39m&amp#27;[32m200&amp#27;[39m &amp#27;[90m2 ms - 22&amp#27;[39m &amp#27;[90m&amp#27;[39m
&amp#27;[38;5;189m[f2595a8a]&amp#27;[0m&amp#27;[38;5;86m[HTTP]&amp#27;[0m &amp#27;[37m-->&amp#27;[39m &amp#27;[37mPOST&amp#27;[39m &amp#27;[37m/session/f2595a8a-f926-443c-bac0-371e0b0bb3a9/element&amp#27;[39m &amp#27;[90m{"value":"//android.widget.TextView[@text='My jobs']","using":"xpath"}&amp#27;[39m
&amp#27;[38;5;189m[f2595a8a]&amp#27;[0m&amp#27;[38;5;4m[AndroidUiautomator2Driver@905e]&amp#27;[0m Calling AppiumDriver.findElement() with args: ["xpath","//android.widget.TextView[@text='My jobs']","f2595a8a-f926-443c-bac0-371e0b0bb3a9"]
&amp#27;[38;5;189m[f2595a8a]&amp#27;[0m&amp#27;[38;5;4m[AndroidUiautomator2Driver@905e]&amp#27;[0m Valid locator strategies for this request: xpath, id, class name, accessibility id, css selector, -android uiautomator
&amp#27;[38;5;189m[f2595a8a]&amp#27;[0m&amp#27;[38;5;4m[AndroidUiautomator2Driver@905e]&amp#27;[0m Waiting up to 10000 ms for condition
&amp#27;[38;5;189m[f2595a8a]&amp#27;[0m&amp#27;[38;5;4m[AndroidUiautomator2Driver@905e]&amp#27;[0m Matched '/element' to command name 'findElement'
&amp#27;[38;5;189m[f2595a8a]&amp#27;[0m&amp#27;[38;5;4m[AndroidUiautomator2Driver@905e]&amp#27;[0m Proxying [POST /element] to [POST http://127.0.0.1:8200/session/2ba4ac6d-eecf-49e4-b1cb-f3b166241f2e/element] with body: {"strategy":"xpath","selector":"//android.widget.TextView[@text='My jobs']","context":"","multiple":false}
&amp#27;[38;5;189m[f2595a8a]&amp#27;[0m&amp#27;[38;5;4m[AndroidUiautomator2Driver@905e]&amp#27;[0m Got response with status 200: {"sessionId":"2ba4ac6d-eecf-49e4-b1cb-f3b166241f2e","value":{"ELEMENT":"00000000-0000-000b-0000-005e00000004","element-6066-11e4-a52e-4f735466cecf":"00000000-0000-000b-0000-005e00000004"}}
&amp#27;[38;5;189m[f2595a8a]&amp#27;[0m&amp#27;[38;5;4m[AndroidUiautomator2Driver@905e]&amp#27;[0m Responding to client with driver.findElement() result: {"element-6066-11e4-a52e-4f735466cecf":"00000000-0000-000b-0000-005e00000004","ELEMENT":"00000000-0000-000b-0000-005e00000004"}
&amp#27;[38;5;189m[f2595a8a]&amp#27;[0m&amp#27;[38;5;86m[HTTP]&amp#27;[0m &amp#27;[37m<-- POST /session/f2595a8a-f926-443c-bac0-371e0b0bb3a9/element &amp#27;[39m&amp#27;[32m200&amp#27;[39m &amp#27;[90m152 ms - 137&amp#27;[39m &amp#27;[90m&amp#27;[39m
&amp#27;[38;5;189m[f2595a8a]&amp#27;[0m&amp#27;[38;5;86m[HTTP]&amp#27;[0m &amp#27;[37m-->&amp#27;[39m &amp#27;[37mGET&amp#27;[39m &amp#27;[37m/session/f2595a8a-f926-443c-bac0-371e0b0bb3a9/element/00000000-0000-000b-0000-005e00000004/text&amp#27;[39m &amp#27;[90m{}&amp#27;[39m
&amp#27;[38;5;189m[f2595a8a]&amp#27;[0m&amp#27;[38;5;4m[AndroidUiautomator2Driver@905e]&amp#27;[0m Driver proxy active, passing request on via HTTP proxy
&amp#27;[38;5;189m[f2595a8a]&amp#27;[0m&amp#27;[38;5;4m[AndroidUiautomator2Driver@905e]&amp#27;[0m Matched '/session/f2595a8a-f926-443c-bac0-371e0b0bb3a9/element/00000000-0000-000b-0000-005e00000004/text' to command name 'getText'
&amp#27;[38;5;189m[f2595a8a]&amp#27;[0m&amp#27;[38;5;4m[AndroidUiautomator2Driver@905e]&amp#27;[0m Proxying [GET /session/f2595a8a-f926-443c-bac0-371e0b0bb3a9/element/00000000-0000-000b-0000-005e00000004/text] to [GET http://127.0.0.1:8200/session/2ba4ac6d-eecf-49e4-b1cb-f3b166241f2e/element/00000000-0000-000b-0000-005e00000004/text] with no body
&amp#27;[38;5;189m[f2595a8a]&amp#27;[0m&amp#27;[38;5;4m[AndroidUiautomator2Driver@905e]&amp#27;[0m Got response with status 200: {"sessionId":"2ba4ac6d-eecf-49e4-b1cb-f3b166241f2e","value":"My jobs"}
&amp#27;[38;5;189m[f2595a8a]&amp#27;[0m&amp#27;[38;5;4m[AndroidUiautomator2Driver@905e]&amp#27;[0m Replacing sessionId 2ba4ac6d-eecf-49e4-b1cb-f3b166241f2e with f2595a8a-f926-443c-bac0-371e0b0bb3a9
&amp#27;[38;5;189m[f2595a8a]&amp#27;[0m&amp#27;[38;5;86m[HTTP]&amp#27;[0m &amp#27;[37m<-- GET /session/f2595a8a-f926-443c-bac0-371e0b0bb3a9/element/00000000-0000-000b-0000-005e00000004/text &amp#27;[39m&amp#27;[32m200&amp#27;[39m &amp#27;[90m11 ms - 70&amp#27;[39m &amp#27;[90m&amp#27;[39m
&amp#27;[38;5;189m[f2595a8a]&amp#27;[0m&amp#27;[38;5;86m[HTTP]&amp#27;[0m &amp#27;[37m-->&amp#27;[39m &amp#27;[37mGET&amp#27;[39m &amp#27;[37m/session/f2595a8a-f926-443c-bac0-371e0b0bb3a9/context&amp#27;[39m &amp#27;[90m{}&amp#27;[39m
&amp#27;[38;5;189m[f2595a8a]&amp#27;[0m&amp#27;[38;5;4m[AndroidUiautomator2Driver@905e]&amp#27;[0m Calling AppiumDriver.getCurrentContext() with args: ["f2595a8a-f926-443c-bac0-371e0b0bb3a9"]
&amp#27;[38;5;189m[f2595a8a]&amp#27;[0m&amp#27;[38;5;4m[AndroidUiautomator2Driver@905e]&amp#27;[0m Responding to client with driver.getCurrentContext() result: "NATIVE_APP"
&amp#27;[38;5;189m[f2595a8a]&amp#27;[0m&amp#27;[38;5;86m[HTTP]&amp#27;[0m &amp#27;[37m<-- GET /session/f2595a8a-f926-443c-bac0-371e0b0bb3a9/context &amp#27;[39m&amp#27;[32m200&amp#27;[39m &amp#27;[90m1 ms - 22&amp#27;[39m &amp#27;[90m&amp#27;[39m
&amp#27;[38;5;189m[f2595a8a]&amp#27;[0m&amp#27;[38;5;86m[HTTP]&amp#27;[0m &amp#27;[37m-->&amp#27;[39m &amp#27;[37mPOST&amp#27;[39m &amp#27;[37m/session/f2595a8a-f926-443c-bac0-371e0b0bb3a9/element&amp#27;[39m &amp#27;[90m{"value":"//android.widget.TextView[@text='Active jobs']","using":"xpath"}&amp#27;[39m
&amp#27;[38;5;189m[f2595a8a]&amp#27;[0m&amp#27;[38;5;4m[AndroidUiautomator2Driver@905e]&amp#27;[0m Calling AppiumDriver.findElement() with args: ["xpath","//android.widget.TextView[@text='Active jobs']","f2595a8a-f926-443c-bac0-371e0b0bb3a9"]
&amp#27;[38;5;189m[f2595a8a]&amp#27;[0m&amp#27;[38;5;4m[AndroidUiautomator2Driver@905e]&amp#27;[0m Valid locator strategies for this request: xpath, id, class name, accessibility id, css selector, -android uiautomator
&amp#27;[38;5;189m[f2595a8a]&amp#27;[0m&amp#27;[38;5;4m[AndroidUiautomator2Driver@905e]&amp#27;[0m Waiting up to 10000 ms for condition
&amp#27;[38;5;189m[f2595a8a]&amp#27;[0m&amp#27;[38;5;4m[AndroidUiautomator2Driver@905e]&amp#27;[0m Matched '/element' to command name 'findElement'
&amp#27;[38;5;189m[f2595a8a]&amp#27;[0m&amp#27;[38;5;4m[AndroidUiautomator2Driver@905e]&amp#27;[0m Proxying [POST /element] to [POST http://127.0.0.1:8200/session/2ba4ac6d-eecf-49e4-b1cb-f3b166241f2e/element] with body: {"strategy":"xpath","selector":"//android.widget.TextView[@text='Active jobs']","context":"","multiple":false}
&amp#27;[38;5;189m[f2595a8a]&amp#27;[0m&amp#27;[38;5;4m[AndroidUiautomator2Driver@905e]&amp#27;[0m Got response with status 200: {"sessionId":"2ba4ac6d-eecf-49e4-b1cb-f3b166241f2e","value":{"ELEMENT":"00000000-0000-000b-0000-008a00000004","element-6066-11e4-a52e-4f735466cecf":"00000000-0000-000b-0000-008a00000004"}}
&amp#27;[38;5;189m[f2595a8a]&amp#27;[0m&amp#27;[38;5;4m[AndroidUiautomator2Driver@905e]&amp#27;[0m Responding to client with driver.findElement() result: {"element-6066-11e4-a52e-4f735466cecf":"00000000-0000-000b-0000-008a00000004","ELEMENT":"00000000-0000-000b-0000-008a00000004"}
&amp#27;[38;5;189m[f2595a8a]&amp#27;[0m&amp#27;[38;5;86m[HTTP]&amp#27;[0m &amp#27;[37m<-- POST /session/f2595a8a-f926-443c-bac0-371e0b0bb3a9/element &amp#27;[39m&amp#27;[32m200&amp#27;[39m &amp#27;[90m66 ms - 137&amp#27;[39m &amp#27;[90m&amp#27;[39m
&amp#27;[38;5;189m[f2595a8a]&amp#27;[0m&amp#27;[38;5;86m[HTTP]&amp#27;[0m &amp#27;[37m-->&amp#27;[39m &amp#27;[37mGET&amp#27;[39m &amp#27;[37m/session/f2595a8a-f926-443c-bac0-371e0b0bb3a9/element/00000000-0000-000b-0000-008a00000004/text&amp#27;[39m &amp#27;[90m{}&amp#27;[39m
&amp#27;[38;5;189m[f2595a8a]&amp#27;[0m&amp#27;[38;5;4m[AndroidUiautomator2Driver@905e]&amp#27;[0m Driver proxy active, passing request on via HTTP proxy
&amp#27;[38;5;189m[f2595a8a]&amp#27;[0m&amp#27;[38;5;4m[AndroidUiautomator2Driver@905e]&amp#27;[0m Matched '/session/f2595a8a-f926-443c-bac0-371e0b0bb3a9/element/00000000-0000-000b-0000-008a00000004/text' to command name 'getText'
&amp#27;[38;5;189m[f2595a8a]&amp#27;[0m&amp#27;[38;5;4m[AndroidUiautomator2Driver@905e]&amp#27;[0m Proxying [GET /session/f2595a8a-f926-443c-bac0-371e0b0bb3a9/element/00000000-0000-000b-0000-008a00000004/text] to [GET http://127.0.0.1:8200/session/2ba4ac6d-eecf-49e4-b1cb-f3b166241f2e/element/00000000-0000-000b-0000-008a00000004/text] with no body
&amp#27;[38;5;189m[f2595a8a]&amp#27;[0m&amp#27;[38;5;4m[AndroidUiautomator2Driver@905e]&amp#27;[0m Got response with status 200: {"sessionId":"2ba4ac6d-eecf-49e4-b1cb-f3b166241f2e","value":"Active jobs"}
&amp#27;[38;5;189m[f2595a8a]&amp#27;[0m&amp#27;[38;5;4m[AndroidUiautomator2Driver@905e]&amp#27;[0m Replacing sessionId 2ba4ac6d-eecf-49e4-b1cb-f3b166241f2e with f2595a8a-f926-443c-bac0-371e0b0bb3a9
&amp#27;[38;5;189m[f2595a8a]&amp#27;[0m&amp#27;[38;5;86m[HTTP]&amp#27;[0m &amp#27;[37m<-- GET /session/f2595a8a-f926-443c-bac0-371e0b0bb3a9/element/00000000-0000-000b-0000-008a00000004/text &amp#27;[39m&amp#27;[32m200&amp#27;[39m &amp#27;[90m14 ms - 74&amp#27;[39m &amp#27;[90m&amp#27;[39m
&amp#27;[38;5;189m[f2595a8a]&amp#27;[0m&amp#27;[38;5;86m[HTTP]&amp#27;[0m &amp#27;[37m-->&amp#27;[39m &amp#27;[37mGET&amp#27;[39m &amp#27;[37m/session/f2595a8a-f926-443c-bac0-371e0b0bb3a9/context&amp#27;[39m &amp#27;[90m{}&amp#27;[39m
&amp#27;[38;5;189m[f2595a8a]&amp#27;[0m&amp#27;[38;5;4m[AndroidUiautomator2Driver@905e]&amp#27;[0m Calling AppiumDriver.getCurrentContext() with args: ["f2595a8a-f926-443c-bac0-371e0b0bb3a9"]
&amp#27;[38;5;189m[f2595a8a]&amp#27;[0m&amp#27;[38;5;4m[AndroidUiautomator2Driver@905e]&amp#27;[0m Responding to client with driver.getCurrentContext() result: "NATIVE_APP"
&amp#27;[38;5;189m[f2595a8a]&amp#27;[0m&amp#27;[38;5;86m[HTTP]&amp#27;[0m &amp#27;[37m<-- GET /session/f2595a8a-f926-443c-bac0-371e0b0bb3a9/context &amp#27;[39m&amp#27;[32m200&amp#27;[39m &amp#27;[90m1 ms - 22&amp#27;[39m &amp#27;[90m&amp#27;[39m
&amp#27;[38;5;189m[f2595a8a]&amp#27;[0m&amp#27;[38;5;86m[HTTP]&amp#27;[0m &amp#27;[37m-->&amp#27;[39m &amp#27;[37mPOST&amp#27;[39m &amp#27;[37m/session/f2595a8a-f926-443c-bac0-371e0b0bb3a9/element&amp#27;[39m &amp#27;[90m{"value":"//android.widget.TextView[@text='Profile']","using":"xpath"}&amp#27;[39m
&amp#27;[38;5;189m[f2595a8a]&amp#27;[0m&amp#27;[38;5;4m[AndroidUiautomator2Driver@905e]&amp#27;[0m Calling AppiumDriver.findElement() with args: ["xpath","//android.widget.TextView[@text='Profile']","f2595a8a-f926-443c-bac0-371e0b0bb3a9"]
&amp#27;[38;5;189m[f2595a8a]&amp#27;[0m&amp#27;[38;5;4m[AndroidUiautomator2Driver@905e]&amp#27;[0m Valid locator strategies for this request: xpath, id, class name, accessibility id, css selector, -android uiautomator
&amp#27;[38;5;189m[f2595a8a]&amp#27;[0m&amp#27;[38;5;4m[AndroidUiautomator2Driver@905e]&amp#27;[0m Waiting up to 10000 ms for condition
&amp#27;[38;5;189m[f2595a8a]&amp#27;[0m&amp#27;[38;5;4m[AndroidUiautomator2Driver@905e]&amp#27;[0m Matched '/element' to command name 'findElement'
&amp#27;[38;5;189m[f2595a8a]&amp#27;[0m&amp#27;[38;5;4m[AndroidUiautomator2Driver@905e]&amp#27;[0m Proxying [POST /element] to [POST http://127.0.0.1:8200/session/2ba4ac6d-eecf-49e4-b1cb-f3b166241f2e/element] with body: {"strategy":"xpath","selector":"//android.widget.TextView[@text='Profile']","context":"","multiple":false}
&amp#27;[38;5;189m[f2595a8a]&amp#27;[0m&amp#27;[38;5;4m[AndroidUiautomator2Driver@905e]&amp#27;[0m Got response with status 200: {"sessionId":"2ba4ac6d-eecf-49e4-b1cb-f3b166241f2e","value":{"ELEMENT":"00000000-0000-000b-0000-003900000004","element-6066-11e4-a52e-4f735466cecf":"00000000-0000-000b-0000-003900000004"}}
&amp#27;[38;5;189m[f2595a8a]&amp#27;[0m&amp#27;[38;5;4m[AndroidUiautomator2Driver@905e]&amp#27;[0m Responding to client with driver.findElement() result: {"element-6066-11e4-a52e-4f735466cecf":"00000000-0000-000b-0000-003900000004","ELEMENT":"00000000-0000-000b-0000-003900000004"}
&amp#27;[38;5;189m[f2595a8a]&amp#27;[0m&amp#27;[38;5;86m[HTTP]&amp#27;[0m &amp#27;[37m<-- POST /session/f2595a8a-f926-443c-bac0-371e0b0bb3a9/element &amp#27;[39m&amp#27;[32m200&amp#27;[39m &amp#27;[90m107 ms - 137&amp#27;[39m &amp#27;[90m&amp#27;[39m
&amp#27;[38;5;189m[f2595a8a]&amp#27;[0m&amp#27;[38;5;86m[HTTP]&amp#27;[0m &amp#27;[37m-->&amp#27;[39m &amp#27;[37mPOST&amp#27;[39m &amp#27;[37m/session/f2595a8a-f926-443c-bac0-371e0b0bb3a9/element/00000000-0000-000b-0000-003900000004/click&amp#27;[39m &amp#27;[90m{"id":"00000000-0000-000b-0000-003900000004"}&amp#27;[39m
&amp#27;[38;5;189m[f2595a8a]&amp#27;[0m&amp#27;[38;5;4m[AndroidUiautomator2Driver@905e]&amp#27;[0m Calling AppiumDriver.click() with args: ["00000000-0000-000b-0000-003900000004","f2595a8a-f926-443c-bac0-371e0b0bb3a9"]
&amp#27;[38;5;189m[f2595a8a]&amp#27;[0m&amp#27;[38;5;4m[AndroidUiautomator2Driver@905e]&amp#27;[0m Matched '/element/00000000-0000-000b-0000-003900000004/click' to command name 'click'
&amp#27;[38;5;189m[f2595a8a]&amp#27;[0m&amp#27;[38;5;4m[AndroidUiautomator2Driver@905e]&amp#27;[0m Proxying [POST /element/00000000-0000-000b-0000-003900000004/click] to [POST http://127.0.0.1:8200/session/2ba4ac6d-eecf-49e4-b1cb-f3b166241f2e/element/00000000-0000-000b-0000-003900000004/click] with body: {"element":"00000000-0000-000b-0000-003900000004"}
&amp#27;[38;5;189m[f2595a8a]&amp#27;[0m&amp#27;[38;5;4m[AndroidUiautomator2Driver@905e]&amp#27;[0m Got response with status 200: {"sessionId":"2ba4ac6d-eecf-49e4-b1cb-f3b166241f2e","value":null}
&amp#27;[38;5;189m[f2595a8a]&amp#27;[0m&amp#27;[38;5;4m[AndroidUiautomator2Driver@905e]&amp#27;[0m Responding to client with driver.click() result: null
&amp#27;[38;5;189m[f2595a8a]&amp#27;[0m&amp#27;[38;5;86m[HTTP]&amp#27;[0m &amp#27;[37m<-- POST /session/f2595a8a-f926-443c-bac0-371e0b0bb3a9/element/00000000-0000-000b-0000-003900000004/click &amp#27;[39m&amp#27;[32m200&amp#27;[39m &amp#27;[90m694 ms - 14&amp#27;[39m &amp#27;[90m&amp#27;[39m
&amp#27;[38;5;189m[f2595a8a]&amp#27;[0m&amp#27;[38;5;86m[HTTP]&amp#27;[0m &amp#27;[37m-->&amp#27;[39m &amp#27;[37mGET&amp#27;[39m &amp#27;[37m/session/f2595a8a-f926-443c-bac0-371e0b0bb3a9/context&amp#27;[39m &amp#27;[90m{}&amp#27;[39m
&amp#27;[38;5;189m[f2595a8a]&amp#27;[0m&amp#27;[38;5;4m[AndroidUiautomator2Driver@905e]&amp#27;[0m Calling AppiumDriver.getCurrentContext() with args: ["f2595a8a-f926-443c-bac0-371e0b0bb3a9"]
&amp#27;[38;5;189m[f2595a8a]&amp#27;[0m&amp#27;[38;5;4m[AndroidUiautomator2Driver@905e]&amp#27;[0m Responding to client with driver.getCurrentContext() result: "NATIVE_APP"
&amp#27;[38;5;189m[f2595a8a]&amp#27;[0m&amp#27;[38;5;86m[HTTP]&amp#27;[0m &amp#27;[37m<-- GET /session/f2595a8a-f926-443c-bac0-371e0b0bb3a9/context &amp#27;[39m&amp#27;[32m200&amp#27;[39m &amp#27;[90m1 ms - 22&amp#27;[39m &amp#27;[90m&amp#27;[39m
&amp#27;[38;5;189m[f2595a8a]&amp#27;[0m&amp#27;[38;5;86m[HTTP]&amp#27;[0m &amp#27;[37m-->&amp#27;[39m &amp#27;[37mPOST&amp#27;[39m &amp#27;[37m/session/f2595a8a-f926-443c-bac0-371e0b0bb3a9/element&amp#27;[39m &amp#27;[90m{"value":"(//android.widget.TextView[@text='Profile'])[1]","using":"xpath"}&amp#27;[39m
&amp#27;[38;5;189m[f2595a8a]&amp#27;[0m&amp#27;[38;5;4m[AndroidUiautomator2Driver@905e]&amp#27;[0m Calling AppiumDriver.findElement() with args: ["xpath","(//android.widget.TextView[@text='Profile'])[1]","f2595a8a-f926-443c-bac0-371e0b0bb3a9"]
&amp#27;[38;5;189m[f2595a8a]&amp#27;[0m&amp#27;[38;5;4m[AndroidUiautomator2Driver@905e]&amp#27;[0m Valid locator strategies for this request: xpath, id, class name, accessibility id, css selector, -android uiautomator
&amp#27;[38;5;189m[f2595a8a]&amp#27;[0m&amp#27;[38;5;4m[AndroidUiautomator2Driver@905e]&amp#27;[0m Waiting up to 10000 ms for condition
&amp#27;[38;5;189m[f2595a8a]&amp#27;[0m&amp#27;[38;5;4m[AndroidUiautomator2Driver@905e]&amp#27;[0m Matched '/element' to command name 'findElement'
&amp#27;[38;5;189m[f2595a8a]&amp#27;[0m&amp#27;[38;5;4m[AndroidUiautomator2Driver@905e]&amp#27;[0m Proxying [POST /element] to [POST http://127.0.0.1:8200/session/2ba4ac6d-eecf-49e4-b1cb-f3b166241f2e/element] with body: {"strategy":"xpath","selector":"(//android.widget.TextView[@text='Profile'])[1]","context":"","multiple":false}
&amp#27;[38;5;189m[f2595a8a]&amp#27;[0m&amp#27;[38;5;4m[AndroidUiautomator2Driver@905e]&amp#27;[0m Got response with status 200: {"sessionId":"2ba4ac6d-eecf-49e4-b1cb-f3b166241f2e","value":{"ELEMENT":"00000000-0000-000b-0000-00a400000004","element-6066-11e4-a52e-4f735466cecf":"00000000-0000-000b-0000-00a400000004"}}
&amp#27;[38;5;189m[f2595a8a]&amp#27;[0m&amp#27;[38;5;4m[AndroidUiautomator2Driver@905e]&amp#27;[0m Responding to client with driver.findElement() result: {"element-6066-11e4-a52e-4f735466cecf":"00000000-0000-000b-0000-00a400000004","ELEMENT":"00000000-0000-000b-0000-00a400000004"}
&amp#27;[38;5;189m[f2595a8a]&amp#27;[0m&amp#27;[38;5;86m[HTTP]&amp#27;[0m &amp#27;[37m<-- POST /session/f2595a8a-f926-443c-bac0-371e0b0bb3a9/element &amp#27;[39m&amp#27;[32m200&amp#27;[39m &amp#27;[90m112 ms - 137&amp#27;[39m &amp#27;[90m&amp#27;[39m
&amp#27;[38;5;189m[f2595a8a]&amp#27;[0m&amp#27;[38;5;86m[HTTP]&amp#27;[0m &amp#27;[37m-->&amp#27;[39m &amp#27;[37mGET&amp#27;[39m &amp#27;[37m/session/f2595a8a-f926-443c-bac0-371e0b0bb3a9/element/00000000-0000-000b-0000-00a400000004/text&amp#27;[39m &amp#27;[90m{}&amp#27;[39m
&amp#27;[38;5;189m[f2595a8a]&amp#27;[0m&amp#27;[38;5;4m[AndroidUiautomator2Driver@905e]&amp#27;[0m Driver proxy active, passing request on via HTTP proxy
&amp#27;[38;5;189m[f2595a8a]&amp#27;[0m&amp#27;[38;5;4m[AndroidUiautomator2Driver@905e]&amp#27;[0m Matched '/session/f2595a8a-f926-443c-bac0-371e0b0bb3a9/element/00000000-0000-000b-0000-00a400000004/text' to command name 'getText'
&amp#27;[38;5;189m[f2595a8a]&amp#27;[0m&amp#27;[38;5;4m[AndroidUiautomator2Driver@905e]&amp#27;[0m Proxying [GET /session/f2595a8a-f926-443c-bac0-371e0b0bb3a9/element/00000000-0000-000b-0000-00a400000004/text] to [GET http://127.0.0.1:8200/session/2ba4ac6d-eecf-49e4-b1cb-f3b166241f2e/element/00000000-0000-000b-0000-00a400000004/text] with no body
&amp#27;[38;5;189m[f2595a8a]&amp#27;[0m&amp#27;[38;5;4m[AndroidUiautomator2Driver@905e]&amp#27;[0m Got response with status 200: {"sessionId":"2ba4ac6d-eecf-49e4-b1cb-f3b166241f2e","value":"Profile"}
&amp#27;[38;5;189m[f2595a8a]&amp#27;[0m&amp#27;[38;5;4m[AndroidUiautomator2Driver@905e]&amp#27;[0m Replacing sessionId 2ba4ac6d-eecf-49e4-b1cb-f3b166241f2e with f2595a8a-f926-443c-bac0-371e0b0bb3a9
&amp#27;[38;5;189m[f2595a8a]&amp#27;[0m&amp#27;[38;5;86m[HTTP]&amp#27;[0m &amp#27;[37m<-- GET /session/f2595a8a-f926-443c-bac0-371e0b0bb3a9/element/00000000-0000-000b-0000-00a400000004/text &amp#27;[39m&amp#27;[32m200&amp#27;[39m &amp#27;[90m12 ms - 70&amp#27;[39m &amp#27;[90m&amp#27;[39m
&amp#27;[38;5;189m[f2595a8a]&amp#27;[0m&amp#27;[38;5;86m[HTTP]&amp#27;[0m &amp#27;[37m-->&amp#27;[39m &amp#27;[37mGET&amp#27;[39m &amp#27;[37m/session/f2595a8a-f926-443c-bac0-371e0b0bb3a9/context&amp#27;[39m &amp#27;[90m{}&amp#27;[39m
&amp#27;[38;5;189m[f2595a8a]&amp#27;[0m&amp#27;[38;5;4m[AndroidUiautomator2Driver@905e]&amp#27;[0m Calling AppiumDriver.getCurrentContext() with args: ["f2595a8a-f926-443c-bac0-371e0b0bb3a9"]
&amp#27;[38;5;189m[f2595a8a]&amp#27;[0m&amp#27;[38;5;4m[AndroidUiautomator2Driver@905e]&amp#27;[0m Responding to client with driver.getCurrentContext() result: "NATIVE_APP"
&amp#27;[38;5;189m[f2595a8a]&amp#27;[0m&amp#27;[38;5;86m[HTTP]&amp#27;[0m &amp#27;[37m<-- GET /session/f2595a8a-f926-443c-bac0-371e0b0bb3a9/context &amp#27;[39m&amp#27;[32m200&amp#27;[39m &amp#27;[90m1 ms - 22&amp#27;[39m &amp#27;[90m&amp#27;[39m
&amp#27;[38;5;189m[f2595a8a]&amp#27;[0m&amp#27;[38;5;86m[HTTP]&amp#27;[0m &amp#27;[37m-->&amp#27;[39m &amp#27;[37mPOST&amp#27;[39m &amp#27;[37m/session/f2595a8a-f926-443c-bac0-371e0b0bb3a9/element&amp#27;[39m &amp#27;[90m{"value":"(//android.widget.TextView[@text='Settings'])","using":"xpath"}&amp#27;[39m
&amp#27;[38;5;189m[f2595a8a]&amp#27;[0m&amp#27;[38;5;4m[AndroidUiautomator2Driver@905e]&amp#27;[0m Calling AppiumDriver.findElement() with args: ["xpath","(//android.widget.TextView[@text='Settings'])","f2595a8a-f926-443c-bac0-371e0b0bb3a9"]
&amp#27;[38;5;189m[f2595a8a]&amp#27;[0m&amp#27;[38;5;4m[AndroidUiautomator2Driver@905e]&amp#27;[0m Valid locator strategies for this request: xpath, id, class name, accessibility id, css selector, -android uiautomator
&amp#27;[38;5;189m[f2595a8a]&amp#27;[0m&amp#27;[38;5;4m[AndroidUiautomator2Driver@905e]&amp#27;[0m Waiting up to 10000 ms for condition
&amp#27;[38;5;189m[f2595a8a]&amp#27;[0m&amp#27;[38;5;4m[AndroidUiautomator2Driver@905e]&amp#27;[0m Matched '/element' to command name 'findElement'
&amp#27;[38;5;189m[f2595a8a]&amp#27;[0m&amp#27;[38;5;4m[AndroidUiautomator2Driver@905e]&amp#27;[0m Proxying [POST /element] to [POST http://127.0.0.1:8200/session/2ba4ac6d-eecf-49e4-b1cb-f3b166241f2e/element] with body: {"strategy":"xpath","selector":"(//android.widget.TextView[@text='Settings'])","context":"","multiple":false}
&amp#27;[38;5;189m[f2595a8a]&amp#27;[0m&amp#27;[38;5;4m[AndroidUiautomator2Driver@905e]&amp#27;[0m Got response with status 200: {"sessionId":"2ba4ac6d-eecf-49e4-b1cb-f3b166241f2e","value":{"ELEMENT":"00000000-0000-000b-0000-004200000004","element-6066-11e4-a52e-4f735466cecf":"00000000-0000-000b-0000-004200000004"}}
&amp#27;[38;5;189m[f2595a8a]&amp#27;[0m&amp#27;[38;5;4m[AndroidUiautomator2Driver@905e]&amp#27;[0m Responding to client with driver.findElement() result: {"element-6066-11e4-a52e-4f735466cecf":"00000000-0000-000b-0000-004200000004","ELEMENT":"00000000-0000-000b-0000-004200000004"}
&amp#27;[38;5;189m[f2595a8a]&amp#27;[0m&amp#27;[38;5;86m[HTTP]&amp#27;[0m &amp#27;[37m<-- POST /session/f2595a8a-f926-443c-bac0-371e0b0bb3a9/element &amp#27;[39m&amp#27;[32m200&amp#27;[39m &amp#27;[90m72 ms - 137&amp#27;[39m &amp#27;[90m&amp#27;[39m
&amp#27;[38;5;189m[f2595a8a]&amp#27;[0m&amp#27;[38;5;86m[HTTP]&amp#27;[0m &amp#27;[37m-->&amp#27;[39m &amp#27;[37mPOST&amp#27;[39m &amp#27;[37m/session/f2595a8a-f926-443c-bac0-371e0b0bb3a9/element/00000000-0000-000b-0000-004200000004/click&amp#27;[39m &amp#27;[90m{"id":"00000000-0000-000b-0000-004200000004"}&amp#27;[39m
&amp#27;[38;5;189m[f2595a8a]&amp#27;[0m&amp#27;[38;5;4m[AndroidUiautomator2Driver@905e]&amp#27;[0m Calling AppiumDriver.click() with args: ["00000000-0000-000b-0000-004200000004","f2595a8a-f926-443c-bac0-371e0b0bb3a9"]
&amp#27;[38;5;189m[f2595a8a]&amp#27;[0m&amp#27;[38;5;4m[AndroidUiautomator2Driver@905e]&amp#27;[0m Matched '/element/00000000-0000-000b-0000-004200000004/click' to command name 'click'
&amp#27;[38;5;189m[f2595a8a]&amp#27;[0m&amp#27;[38;5;4m[AndroidUiautomator2Driver@905e]&amp#27;[0m Proxying [POST /element/00000000-0000-000b-0000-004200000004/click] to [POST http://127.0.0.1:8200/session/2ba4ac6d-eecf-49e4-b1cb-f3b166241f2e/element/00000000-0000-000b-0000-004200000004/click] with body: {"element":"00000000-0000-000b-0000-004200000004"}
&amp#27;[38;5;189m[f2595a8a]&amp#27;[0m&amp#27;[38;5;4m[AndroidUiautomator2Driver@905e]&amp#27;[0m Got response with status 200: {"sessionId":"2ba4ac6d-eecf-49e4-b1cb-f3b166241f2e","value":null}
&amp#27;[38;5;189m[f2595a8a]&amp#27;[0m&amp#27;[38;5;4m[AndroidUiautomator2Driver@905e]&amp#27;[0m Responding to client with driver.click() result: null
&amp#27;[38;5;189m[f2595a8a]&amp#27;[0m&amp#27;[38;5;86m[HTTP]&amp#27;[0m &amp#27;[37m<-- POST /session/f2595a8a-f926-443c-bac0-371e0b0bb3a9/element/00000000-0000-000b-0000-004200000004/click &amp#27;[39m&amp#27;[32m200&amp#27;[39m &amp#27;[90m642 ms - 14&amp#27;[39m &amp#27;[90m&amp#27;[39m
&amp#27;[38;5;189m[f2595a8a]&amp#27;[0m&amp#27;[38;5;86m[HTTP]&amp#27;[0m &amp#27;[37m-->&amp#27;[39m &amp#27;[37mGET&amp#27;[39m &amp#27;[37m/session/f2595a8a-f926-443c-bac0-371e0b0bb3a9/context&amp#27;[39m &amp#27;[90m{}&amp#27;[39m
&amp#27;[38;5;189m[f2595a8a]&amp#27;[0m&amp#27;[38;5;4m[AndroidUiautomator2Driver@905e]&amp#27;[0m Calling AppiumDriver.getCurrentContext() with args: ["f2595a8a-f926-443c-bac0-371e0b0bb3a9"]
&amp#27;[38;5;189m[f2595a8a]&amp#27;[0m&amp#27;[38;5;4m[AndroidUiautomator2Driver@905e]&amp#27;[0m Responding to client with driver.getCurrentContext() result: "NATIVE_APP"
&amp#27;[38;5;189m[f2595a8a]&amp#27;[0m&amp#27;[38;5;86m[HTTP]&amp#27;[0m &amp#27;[37m<-- GET /session/f2595a8a-f926-443c-bac0-371e0b0bb3a9/context &amp#27;[39m&amp#27;[32m200&amp#27;[39m &amp#27;[90m3 ms - 22&amp#27;[39m &amp#27;[90m&amp#27;[39m
&amp#27;[38;5;189m[f2595a8a]&amp#27;[0m&amp#27;[38;5;86m[HTTP]&amp#27;[0m &amp#27;[37m-->&amp#27;[39m &amp#27;[37mPOST&amp#27;[39m &amp#27;[37m/session/f2595a8a-f926-443c-bac0-371e0b0bb3a9/element&amp#27;[39m &amp#27;[90m{"value":"(//android.widget.TextView[@text='Settings'])[1]","using":"xpath"}&amp#27;[39m
&amp#27;[38;5;189m[f2595a8a]&amp#27;[0m&amp#27;[38;5;4m[AndroidUiautomator2Driver@905e]&amp#27;[0m Calling AppiumDriver.findElement() with args: ["xpath","(//android.widget.TextView[@text='Settings'])[1]","f2595a8a-f926-443c-bac0-371e0b0bb3a9"]
&amp#27;[38;5;189m[f2595a8a]&amp#27;[0m&amp#27;[38;5;4m[AndroidUiautomator2Driver@905e]&amp#27;[0m Valid locator strategies for this request: xpath, id, class name, accessibility id, css selector, -android uiautomator
&amp#27;[38;5;189m[f2595a8a]&amp#27;[0m&amp#27;[38;5;4m[AndroidUiautomator2Driver@905e]&amp#27;[0m Waiting up to 10000 ms for condition
&amp#27;[38;5;189m[f2595a8a]&amp#27;[0m&amp#27;[38;5;4m[AndroidUiautomator2Driver@905e]&amp#27;[0m Matched '/element' to command name 'findElement'
&amp#27;[38;5;189m[f2595a8a]&amp#27;[0m&amp#27;[38;5;4m[AndroidUiautomator2Driver@905e]&amp#27;[0m Proxying [POST /element] to [POST http://127.0.0.1:8200/session/2ba4ac6d-eecf-49e4-b1cb-f3b166241f2e/element] with body: {"strategy":"xpath","selector":"(//android.widget.TextView[@text='Settings'])[1]","context":"","multiple":false}
&amp#27;[38;5;189m[f2595a8a]&amp#27;[0m&amp#27;[38;5;4m[AndroidUiautomator2Driver@905e]&amp#27;[0m Got response with status 200: {"sessionId":"2ba4ac6d-eecf-49e4-b1cb-f3b166241f2e","value":{"ELEMENT":"00000000-0000-000b-0000-00d200000004","element-6066-11e4-a52e-4f735466cecf":"00000000-0000-000b-0000-00d200000004"}}
&amp#27;[38;5;189m[f2595a8a]&amp#27;[0m&amp#27;[38;5;4m[AndroidUiautomator2Driver@905e]&amp#27;[0m Responding to client with driver.findElement() result: {"element-6066-11e4-a52e-4f735466cecf":"00000000-0000-000b-0000-00d200000004","ELEMENT":"00000000-0000-000b-0000-00d200000004"}
&amp#27;[38;5;189m[f2595a8a]&amp#27;[0m&amp#27;[38;5;86m[HTTP]&amp#27;[0m &amp#27;[37m<-- POST /session/f2595a8a-f926-443c-bac0-371e0b0bb3a9/element &amp#27;[39m&amp#27;[32m200&amp#27;[39m &amp#27;[90m69 ms - 137&amp#27;[39m &amp#27;[90m&amp#27;[39m
&amp#27;[38;5;189m[f2595a8a]&amp#27;[0m&amp#27;[38;5;86m[HTTP]&amp#27;[0m &amp#27;[37m-->&amp#27;[39m &amp#27;[37mGET&amp#27;[39m &amp#27;[37m/session/f2595a8a-f926-443c-bac0-371e0b0bb3a9/element/00000000-0000-000b-0000-00d200000004/text&amp#27;[39m &amp#27;[90m{}&amp#27;[39m
&amp#27;[38;5;189m[f2595a8a]&amp#27;[0m&amp#27;[38;5;4m[AndroidUiautomator2Driver@905e]&amp#27;[0m Driver proxy active, passing request on via HTTP proxy
&amp#27;[38;5;189m[f2595a8a]&amp#27;[0m&amp#27;[38;5;4m[AndroidUiautomator2Driver@905e]&amp#27;[0m Matched '/session/f2595a8a-f926-443c-bac0-371e0b0bb3a9/element/00000000-0000-000b-0000-00d200000004/text' to command name 'getText'
&amp#27;[38;5;189m[f2595a8a]&amp#27;[0m&amp#27;[38;5;4m[AndroidUiautomator2Driver@905e]&amp#27;[0m Proxying [GET /session/f2595a8a-f926-443c-bac0-371e0b0bb3a9/element/00000000-0000-000b-0000-00d200000004/text] to [GET http://127.0.0.1:8200/session/2ba4ac6d-eecf-49e4-b1cb-f3b166241f2e/element/00000000-0000-000b-0000-00d200000004/text] with no body
&amp#27;[38;5;189m[f2595a8a]&amp#27;[0m&amp#27;[38;5;4m[AndroidUiautomator2Driver@905e]&amp#27;[0m Got response with status 200: {"sessionId":"2ba4ac6d-eecf-49e4-b1cb-f3b166241f2e","value":"Settings"}
&amp#27;[38;5;189m[f2595a8a]&amp#27;[0m&amp#27;[38;5;4m[AndroidUiautomator2Driver@905e]&amp#27;[0m Replacing sessionId 2ba4ac6d-eecf-49e4-b1cb-f3b166241f2e with f2595a8a-f926-443c-bac0-371e0b0bb3a9
&amp#27;[38;5;189m[f2595a8a]&amp#27;[0m&amp#27;[38;5;86m[HTTP]&amp#27;[0m &amp#27;[37m<-- GET /session/f2595a8a-f926-443c-bac0-371e0b0bb3a9/element/00000000-0000-000b-0000-00d200000004/text &amp#27;[39m&amp#27;[32m200&amp#27;[39m &amp#27;[90m31 ms - 71&amp#27;[39m &amp#27;[90m&amp#27;[39m
&amp#27;[38;5;189m[f2595a8a]&amp#27;[0m&amp#27;[38;5;86m[HTTP]&amp#27;[0m &amp#27;[37m-->&amp#27;[39m &amp#27;[37mGET&amp#27;[39m &amp#27;[37m/session/f2595a8a-f926-443c-bac0-371e0b0bb3a9/context&amp#27;[39m &amp#27;[90m{}&amp#27;[39m
&amp#27;[38;5;189m[f2595a8a]&amp#27;[0m&amp#27;[38;5;4m[AndroidUiautomator2Driver@905e]&amp#27;[0m Calling AppiumDriver.getCurrentContext() with args: ["f2595a8a-f926-443c-bac0-371e0b0bb3a9"]
&amp#27;[38;5;189m[f2595a8a]&amp#27;[0m&amp#27;[38;5;4m[AndroidUiautomator2Driver@905e]&amp#27;[0m Responding to client with driver.getCurrentContext() result: "NATIVE_APP"
&amp#27;[38;5;189m[f2595a8a]&amp#27;[0m&amp#27;[38;5;86m[HTTP]&amp#27;[0m &amp#27;[37m<-- GET /session/f2595a8a-f926-443c-bac0-371e0b0bb3a9/context &amp#27;[39m&amp#27;[32m200&amp#27;[39m &amp#27;[90m1 ms - 22&amp#27;[39m &amp#27;[90m&amp#27;[39m
&amp#27;[38;5;189m[f2595a8a]&amp#27;[0m&amp#27;[38;5;86m[HTTP]&amp#27;[0m &amp#27;[37m-->&amp#27;[39m &amp#27;[37mPOST&amp#27;[39m &amp#27;[37m/session/f2595a8a-f926-443c-bac0-371e0b0bb3a9/element&amp#27;[39m &amp#27;[90m{"value":"(//android.widget.TextView[@text='Support'])","using":"xpath"}&amp#27;[39m
&amp#27;[38;5;189m[f2595a8a]&amp#27;[0m&amp#27;[38;5;4m[AndroidUiautomator2Driver@905e]&amp#27;[0m Calling AppiumDriver.findElement() with args: ["xpath","(//android.widget.TextView[@text='Support'])","f2595a8a-f926-443c-bac0-371e0b0bb3a9"]
&amp#27;[38;5;189m[f2595a8a]&amp#27;[0m&amp#27;[38;5;4m[AndroidUiautomator2Driver@905e]&amp#27;[0m Valid locator strategies for this request: xpath, id, class name, accessibility id, css selector, -android uiautomator
&amp#27;[38;5;189m[f2595a8a]&amp#27;[0m&amp#27;[38;5;4m[AndroidUiautomator2Driver@905e]&amp#27;[0m Waiting up to 10000 ms for condition
&amp#27;[38;5;189m[f2595a8a]&amp#27;[0m&amp#27;[38;5;4m[AndroidUiautomator2Driver@905e]&amp#27;[0m Matched '/element' to command name 'findElement'
&amp#27;[38;5;189m[f2595a8a]&amp#27;[0m&amp#27;[38;5;4m[AndroidUiautomator2Driver@905e]&amp#27;[0m Proxying [POST /element] to [POST http://127.0.0.1:8200/session/2ba4ac6d-eecf-49e4-b1cb-f3b166241f2e/element] with body: {"strategy":"xpath","selector":"(//android.widget.TextView[@text='Support'])","context":"","multiple":false}
&amp#27;[38;5;189m[f2595a8a]&amp#27;[0m&amp#27;[38;5;4m[AndroidUiautomator2Driver@905e]&amp#27;[0m Got response with status 200: {"sessionId":"2ba4ac6d-eecf-49e4-b1cb-f3b166241f2e","value":{"ELEMENT":"00000000-0000-000b-0000-004b00000004","element-6066-11e4-a52e-4f735466cecf":"00000000-0000-000b-0000-004b00000004"}}
&amp#27;[38;5;189m[f2595a8a]&amp#27;[0m&amp#27;[38;5;4m[AndroidUiautomator2Driver@905e]&amp#27;[0m Responding to client with driver.findElement() result: {"element-6066-11e4-a52e-4f735466cecf":"00000000-0000-000b-0000-004b00000004","ELEMENT":"00000000-0000-000b-0000-004b00000004"}
&amp#27;[38;5;189m[f2595a8a]&amp#27;[0m&amp#27;[38;5;86m[HTTP]&amp#27;[0m &amp#27;[37m<-- POST /session/f2595a8a-f926-443c-bac0-371e0b0bb3a9/element &amp#27;[39m&amp#27;[32m200&amp#27;[39m &amp#27;[90m67 ms - 137&amp#27;[39m &amp#27;[90m&amp#27;[39m
&amp#27;[38;5;189m[f2595a8a]&amp#27;[0m&amp#27;[38;5;86m[HTTP]&amp#27;[0m &amp#27;[37m-->&amp#27;[39m &amp#27;[37mPOST&amp#27;[39m &amp#27;[37m/session/f2595a8a-f926-443c-bac0-371e0b0bb3a9/element/00000000-0000-000b-0000-004b00000004/click&amp#27;[39m &amp#27;[90m{"id":"00000000-0000-000b-0000-004b00000004"}&amp#27;[39m
&amp#27;[38;5;189m[f2595a8a]&amp#27;[0m&amp#27;[38;5;4m[AndroidUiautomator2Driver@905e]&amp#27;[0m Calling AppiumDriver.click() with args: ["00000000-0000-000b-0000-004b00000004","f2595a8a-f926-443c-bac0-371e0b0bb3a9"]
&amp#27;[38;5;189m[f2595a8a]&amp#27;[0m&amp#27;[38;5;4m[AndroidUiautomator2Driver@905e]&amp#27;[0m Matched '/element/00000000-0000-000b-0000-004b00000004/click' to command name 'click'
&amp#27;[38;5;189m[f2595a8a]&amp#27;[0m&amp#27;[38;5;4m[AndroidUiautomator2Driver@905e]&amp#27;[0m Proxying [POST /element/00000000-0000-000b-0000-004b00000004/click] to [POST http://127.0.0.1:8200/session/2ba4ac6d-eecf-49e4-b1cb-f3b166241f2e/element/00000000-0000-000b-0000-004b00000004/click] with body: {"element":"00000000-0000-000b-0000-004b00000004"}
&amp#27;[38;5;189m[f2595a8a]&amp#27;[0m&amp#27;[38;5;4m[AndroidUiautomator2Driver@905e]&amp#27;[0m Got response with status 200: {"sessionId":"2ba4ac6d-eecf-49e4-b1cb-f3b166241f2e","value":null}
&amp#27;[38;5;189m[f2595a8a]&amp#27;[0m&amp#27;[38;5;4m[AndroidUiautomator2Driver@905e]&amp#27;[0m Responding to client with driver.click() result: null
&amp#27;[38;5;189m[f2595a8a]&amp#27;[0m&amp#27;[38;5;86m[HTTP]&amp#27;[0m &amp#27;[37m<-- POST /session/f2595a8a-f926-443c-bac0-371e0b0bb3a9/element/00000000-0000-000b-0000-004b00000004/click &amp#27;[39m&amp#27;[32m200&amp#27;[39m &amp#27;[90m690 ms - 14&amp#27;[39m &amp#27;[90m&amp#27;[39m
&amp#27;[38;5;189m[f2595a8a]&amp#27;[0m&amp#27;[38;5;86m[HTTP]&amp#27;[0m &amp#27;[37m-->&amp#27;[39m &amp#27;[37mGET&amp#27;[39m &amp#27;[37m/session/f2595a8a-f926-443c-bac0-371e0b0bb3a9/context&amp#27;[39m &amp#27;[90m{}&amp#27;[39m
&amp#27;[38;5;189m[f2595a8a]&amp#27;[0m&amp#27;[38;5;4m[AndroidUiautomator2Driver@905e]&amp#27;[0m Calling AppiumDriver.getCurrentContext() with args: ["f2595a8a-f926-443c-bac0-371e0b0bb3a9"]
&amp#27;[38;5;189m[f2595a8a]&amp#27;[0m&amp#27;[38;5;4m[AndroidUiautomator2Driver@905e]&amp#27;[0m Responding to client with driver.getCurrentContext() result: "NATIVE_APP"
&amp#27;[38;5;189m[f2595a8a]&amp#27;[0m&amp#27;[38;5;86m[HTTP]&amp#27;[0m &amp#27;[37m<-- GET /session/f2595a8a-f926-443c-bac0-371e0b0bb3a9/context &amp#27;[39m&amp#27;[32m200&amp#27;[39m &amp#27;[90m1 ms - 22&amp#27;[39m &amp#27;[90m&amp#27;[39m
&amp#27;[38;5;189m[f2595a8a]&amp#27;[0m&amp#27;[38;5;86m[HTTP]&amp#27;[0m &amp#27;[37m-->&amp#27;[39m &amp#27;[37mPOST&amp#27;[39m &amp#27;[37m/session/f2595a8a-f926-443c-bac0-371e0b0bb3a9/element&amp#27;[39m &amp#27;[90m{"value":"(//android.widget.TextView[@text='Support'])[1]","using":"xpath"}&amp#27;[39m
&amp#27;[38;5;189m[f2595a8a]&amp#27;[0m&amp#27;[38;5;4m[AndroidUiautomator2Driver@905e]&amp#27;[0m Calling AppiumDriver.findElement() with args: ["xpath","(//android.widget.TextView[@text='Support'])[1]","f2595a8a-f926-443c-bac0-371e0b0bb3a9"]
&amp#27;[38;5;189m[f2595a8a]&amp#27;[0m&amp#27;[38;5;4m[AndroidUiautomator2Driver@905e]&amp#27;[0m Valid locator strategies for this request: xpath, id, class name, accessibility id, css selector, -android uiautomator
&amp#27;[38;5;189m[f2595a8a]&amp#27;[0m&amp#27;[38;5;4m[AndroidUiautomator2Driver@905e]&amp#27;[0m Waiting up to 10000 ms for condition
&amp#27;[38;5;189m[f2595a8a]&amp#27;[0m&amp#27;[38;5;4m[AndroidUiautomator2Driver@905e]&amp#27;[0m Matched '/element' to command name 'findElement'
&amp#27;[38;5;189m[f2595a8a]&amp#27;[0m&amp#27;[38;5;4m[AndroidUiautomator2Driver@905e]&amp#27;[0m Proxying [POST /element] to [POST http://127.0.0.1:8200/session/2ba4ac6d-eecf-49e4-b1cb-f3b166241f2e/element] with body: {"strategy":"xpath","selector":"(//android.widget.TextView[@text='Support'])[1]","context":"","multiple":false}
&amp#27;[38;5;189m[f2595a8a]&amp#27;[0m&amp#27;[38;5;4m[AndroidUiautomator2Driver@905e]&amp#27;[0m Got response with status 200: {"sessionId":"2ba4ac6d-eecf-49e4-b1cb-f3b166241f2e","value":{"ELEMENT":"00000000-0000-000b-0000-00f600000004","element-6066-11e4-a52e-4f735466cecf":"00000000-0000-000b-0000-00f600000004"}}
&amp#27;[38;5;189m[f2595a8a]&amp#27;[0m&amp#27;[38;5;4m[AndroidUiautomator2Driver@905e]&amp#27;[0m Responding to client with driver.findElement() result: {"element-6066-11e4-a52e-4f735466cecf":"00000000-0000-000b-0000-00f600000004","ELEMENT":"00000000-0000-000b-0000-00f600000004"}
&amp#27;[38;5;189m[f2595a8a]&amp#27;[0m&amp#27;[38;5;86m[HTTP]&amp#27;[0m &amp#27;[37m<-- POST /session/f2595a8a-f926-443c-bac0-371e0b0bb3a9/element &amp#27;[39m&amp#27;[32m200&amp#27;[39m &amp#27;[90m49 ms - 137&amp#27;[39m &amp#27;[90m&amp#27;[39m
&amp#27;[38;5;189m[f2595a8a]&amp#27;[0m&amp#27;[38;5;86m[HTTP]&amp#27;[0m &amp#27;[37m-->&amp#27;[39m &amp#27;[37mGET&amp#27;[39m &amp#27;[37m/session/f2595a8a-f926-443c-bac0-371e0b0bb3a9/element/00000000-0000-000b-0000-00f600000004/text&amp#27;[39m &amp#27;[90m{}&amp#27;[39m
&amp#27;[38;5;189m[f2595a8a]&amp#27;[0m&amp#27;[38;5;4m[AndroidUiautomator2Driver@905e]&amp#27;[0m Driver proxy active, passing request on via HTTP proxy
&amp#27;[38;5;189m[f2595a8a]&amp#27;[0m&amp#27;[38;5;4m[AndroidUiautomator2Driver@905e]&amp#27;[0m Matched '/session/f2595a8a-f926-443c-bac0-371e0b0bb3a9/element/00000000-0000-000b-0000-00f600000004/text' to command name 'getText'
&amp#27;[38;5;189m[f2595a8a]&amp#27;[0m&amp#27;[38;5;4m[AndroidUiautomator2Driver@905e]&amp#27;[0m Proxying [GET /session/f2595a8a-f926-443c-bac0-371e0b0bb3a9/element/00000000-0000-000b-0000-00f600000004/text] to [GET http://127.0.0.1:8200/session/2ba4ac6d-eecf-49e4-b1cb-f3b166241f2e/element/00000000-0000-000b-0000-00f600000004/text] with no body
&amp#27;[38;5;189m[f2595a8a]&amp#27;[0m&amp#27;[38;5;4m[AndroidUiautomator2Driver@905e]&amp#27;[0m Got response with status 200: {"sessionId":"2ba4ac6d-eecf-49e4-b1cb-f3b166241f2e","value":"Support"}
&amp#27;[38;5;189m[f2595a8a]&amp#27;[0m&amp#27;[38;5;4m[AndroidUiautomator2Driver@905e]&amp#27;[0m Replacing sessionId 2ba4ac6d-eecf-49e4-b1cb-f3b166241f2e with f2595a8a-f926-443c-bac0-371e0b0bb3a9
&amp#27;[38;5;189m[f2595a8a]&amp#27;[0m&amp#27;[38;5;86m[HTTP]&amp#27;[0m &amp#27;[37m<-- GET /session/f2595a8a-f926-443c-bac0-371e0b0bb3a9/element/00000000-0000-000b-0000-00f600000004/text &amp#27;[39m&amp#27;[32m200&amp#27;[39m &amp#27;[90m12 ms - 70&amp#27;[39m &amp#27;[90m&amp#27;[39m
]]></system-out>
  </testcase>
  <testcase name="loginPageNameChangeDirectly" classname="TestClass.android.LoginTest" time="1.726">
    <system-out><![CDATA[&amp#27;[38;5;189m[f2595a8a]&amp#27;[0m&amp#27;[38;5;86m[HTTP]&amp#27;[0m &amp#27;[37m-->&amp#27;[39m &amp#27;[37mPOST&amp#27;[39m &amp#27;[37m/session/f2595a8a-f926-443c-bac0-371e0b0bb3a9/execute/sync&amp#27;[39m &amp#27;[90m{"script":"mobile: startActivity","args":[{"intent":"com.telus.ai.collection.debug/com.telus.ai.collection.MainActivity"}]}&amp#27;[39m
&amp#27;[38;5;189m[f2595a8a]&amp#27;[0m&amp#27;[38;5;4m[AndroidUiautomator2Driver@905e]&amp#27;[0m Calling AppiumDriver.execute() with args: ["mobile: startActivity",[{"intent":"com.telus.ai.collection.debug/com.telus.ai.collection.MainActivity"}],"f2595a8a-f926-443c-bac0-371e0b0bb3a9"]
&amp#27;[38;5;189m[f2595a8a]&amp#27;[0m&amp#27;[38;5;4m[AndroidUiautomator2Driver@905e]&amp#27;[0m Executing native command 'mobile: startActivity'
&amp#27;[38;5;189m[f2595a8a]&amp#27;[0m&amp#27;[38;5;229m[ADB]&amp#27;[0m Running '/users/akashray/Library/Android/sdk/platform-tools/adb -P 5037 -s emulator-5554 shell am start-activity com.telus.ai.collection.debug/com.telus.ai.collection.MainActivity'
&amp#27;[38;5;189m[f2595a8a]&amp#27;[0m&amp#27;[38;5;4m[AndroidUiautomator2Driver@905e]&amp#27;[0m Responding to client with driver.execute() result: "Starting: Intent { act=android.intent.action.MAIN cat=[android.intent.category.LAUNCHER] cmp=com.telus.ai.collection.debug/com.telus.ai.collection.MainActivity }"
&amp#27;[38;5;189m[f2595a8a]&amp#27;[0m&amp#27;[38;5;86m[HTTP]&amp#27;[0m &amp#27;[37m<-- POST /session/f2595a8a-f926-443c-bac0-371e0b0bb3a9/execute/sync &amp#27;[39m&amp#27;[32m200&amp#27;[39m &amp#27;[90m174 ms - 173&amp#27;[39m &amp#27;[90m&amp#27;[39m
&amp#27;[38;5;189m[f2595a8a]&amp#27;[0m&amp#27;[38;5;86m[HTTP]&amp#27;[0m &amp#27;[37m-->&amp#27;[39m &amp#27;[37mGET&amp#27;[39m &amp#27;[37m/session/f2595a8a-f926-443c-bac0-371e0b0bb3a9/context&amp#27;[39m &amp#27;[90m{}&amp#27;[39m
&amp#27;[38;5;189m[f2595a8a]&amp#27;[0m&amp#27;[38;5;4m[AndroidUiautomator2Driver@905e]&amp#27;[0m Calling AppiumDriver.getCurrentContext() with args: ["f2595a8a-f926-443c-bac0-371e0b0bb3a9"]
&amp#27;[38;5;189m[f2595a8a]&amp#27;[0m&amp#27;[38;5;4m[AndroidUiautomator2Driver@905e]&amp#27;[0m Responding to client with driver.getCurrentContext() result: "NATIVE_APP"
&amp#27;[38;5;189m[f2595a8a]&amp#27;[0m&amp#27;[38;5;86m[HTTP]&amp#27;[0m &amp#27;[37m<-- GET /session/f2595a8a-f926-443c-bac0-371e0b0bb3a9/context &amp#27;[39m&amp#27;[32m200&amp#27;[39m &amp#27;[90m2 ms - 22&amp#27;[39m &amp#27;[90m&amp#27;[39m
&amp#27;[38;5;189m[f2595a8a]&amp#27;[0m&amp#27;[38;5;86m[HTTP]&amp#27;[0m &amp#27;[37m-->&amp#27;[39m &amp#27;[37mPOST&amp#27;[39m &amp#27;[37m/session/f2595a8a-f926-443c-bac0-371e0b0bb3a9/element&amp#27;[39m &amp#27;[90m{"value":"//android.widget.Button","using":"xpath"}&amp#27;[39m
&amp#27;[38;5;189m[f2595a8a]&amp#27;[0m&amp#27;[38;5;4m[AndroidUiautomator2Driver@905e]&amp#27;[0m Calling AppiumDriver.findElement() with args: ["xpath","//android.widget.Button","f2595a8a-f926-443c-bac0-371e0b0bb3a9"]
&amp#27;[38;5;189m[f2595a8a]&amp#27;[0m&amp#27;[38;5;4m[AndroidUiautomator2Driver@905e]&amp#27;[0m Valid locator strategies for this request: xpath, id, class name, accessibility id, css selector, -android uiautomator
&amp#27;[38;5;189m[f2595a8a]&amp#27;[0m&amp#27;[38;5;4m[AndroidUiautomator2Driver@905e]&amp#27;[0m Waiting up to 10000 ms for condition
&amp#27;[38;5;189m[f2595a8a]&amp#27;[0m&amp#27;[38;5;4m[AndroidUiautomator2Driver@905e]&amp#27;[0m Matched '/element' to command name 'findElement'
&amp#27;[38;5;189m[f2595a8a]&amp#27;[0m&amp#27;[38;5;4m[AndroidUiautomator2Driver@905e]&amp#27;[0m Proxying [POST /element] to [POST http://127.0.0.1:8200/session/2ba4ac6d-eecf-49e4-b1cb-f3b166241f2e/element] with body: {"strategy":"xpath","selector":"//android.widget.Button","context":"","multiple":false}
&amp#27;[38;5;189m[f2595a8a]&amp#27;[0m&amp#27;[38;5;4m[AndroidUiautomator2Driver@905e]&amp#27;[0m Got response with status 200: {"sessionId":"2ba4ac6d-eecf-49e4-b1cb-f3b166241f2e","value":{"ELEMENT":"00000000-0000-000b-3b9a-caf000000004","element-6066-11e4-a52e-4f735466cecf":"00000000-0000-000b-3b9a-caf000000004"}}
&amp#27;[38;5;189m[f2595a8a]&amp#27;[0m&amp#27;[38;5;4m[AndroidUiautomator2Driver@905e]&amp#27;[0m Responding to client with driver.findElement() result: {"element-6066-11e4-a52e-4f735466cecf":"00000000-0000-000b-3b9a-caf000000004","ELEMENT":"00000000-0000-000b-3b9a-caf000000004"}
&amp#27;[38;5;189m[f2595a8a]&amp#27;[0m&amp#27;[38;5;86m[HTTP]&amp#27;[0m &amp#27;[37m<-- POST /session/f2595a8a-f926-443c-bac0-371e0b0bb3a9/element &amp#27;[39m&amp#27;[32m200&amp#27;[39m &amp#27;[90m44 ms - 137&amp#27;[39m &amp#27;[90m&amp#27;[39m
&amp#27;[38;5;189m[f2595a8a]&amp#27;[0m&amp#27;[38;5;86m[HTTP]&amp#27;[0m &amp#27;[37m-->&amp#27;[39m &amp#27;[37mGET&amp#27;[39m &amp#27;[37m/session/f2595a8a-f926-443c-bac0-371e0b0bb3a9/element/00000000-0000-000b-3b9a-caf000000004/displayed&amp#27;[39m &amp#27;[90m{}&amp#27;[39m
&amp#27;[38;5;189m[f2595a8a]&amp#27;[0m&amp#27;[38;5;4m[AndroidUiautomator2Driver@905e]&amp#27;[0m Calling AppiumDriver.elementDisplayed() with args: ["00000000-0000-000b-3b9a-caf000000004","f2595a8a-f926-443c-bac0-371e0b0bb3a9"]
&amp#27;[38;5;189m[f2595a8a]&amp#27;[0m&amp#27;[38;5;4m[AndroidUiautomator2Driver@905e]&amp#27;[0m Matched '/element/00000000-0000-000b-3b9a-caf000000004/attribute/displayed' to command name 'getAttribute'
&amp#27;[38;5;189m[f2595a8a]&amp#27;[0m&amp#27;[38;5;4m[AndroidUiautomator2Driver@905e]&amp#27;[0m Proxying [GET /element/00000000-0000-000b-3b9a-caf000000004/attribute/displayed] to [GET http://127.0.0.1:8200/session/2ba4ac6d-eecf-49e4-b1cb-f3b166241f2e/element/00000000-0000-000b-3b9a-caf000000004/attribute/displayed] with no body
&amp#27;[38;5;189m[f2595a8a]&amp#27;[0m&amp#27;[38;5;4m[AndroidUiautomator2Driver@905e]&amp#27;[0m Got response with status 200: {"sessionId":"2ba4ac6d-eecf-49e4-b1cb-f3b166241f2e","value":"true"}
&amp#27;[38;5;189m[f2595a8a]&amp#27;[0m&amp#27;[38;5;4m[AndroidUiautomator2Driver@905e]&amp#27;[0m Responding to client with driver.elementDisplayed() result: true
&amp#27;[38;5;189m[f2595a8a]&amp#27;[0m&amp#27;[38;5;86m[HTTP]&amp#27;[0m &amp#27;[37m<-- GET /session/f2595a8a-f926-443c-bac0-371e0b0bb3a9/element/00000000-0000-000b-3b9a-caf000000004/displayed &amp#27;[39m&amp#27;[32m200&amp#27;[39m &amp#27;[90m6 ms - 14&amp#27;[39m &amp#27;[90m&amp#27;[39m
&amp#27;[38;5;189m[f2595a8a]&amp#27;[0m&amp#27;[38;5;86m[HTTP]&amp#27;[0m &amp#27;[37m-->&amp#27;[39m &amp#27;[37mGET&amp#27;[39m &amp#27;[37m/session/f2595a8a-f926-443c-bac0-371e0b0bb3a9/context&amp#27;[39m &amp#27;[90m{}&amp#27;[39m
&amp#27;[38;5;189m[f2595a8a]&amp#27;[0m&amp#27;[38;5;4m[AndroidUiautomator2Driver@905e]&amp#27;[0m Calling AppiumDriver.getCurrentContext() with args: ["f2595a8a-f926-443c-bac0-371e0b0bb3a9"]
&amp#27;[38;5;189m[f2595a8a]&amp#27;[0m&amp#27;[38;5;4m[AndroidUiautomator2Driver@905e]&amp#27;[0m Responding to client with driver.getCurrentContext() result: "NATIVE_APP"
&amp#27;[38;5;189m[f2595a8a]&amp#27;[0m&amp#27;[38;5;86m[HTTP]&amp#27;[0m &amp#27;[37m<-- GET /session/f2595a8a-f926-443c-bac0-371e0b0bb3a9/context &amp#27;[39m&amp#27;[32m200&amp#27;[39m &amp#27;[90m1 ms - 22&amp#27;[39m &amp#27;[90m&amp#27;[39m
&amp#27;[38;5;189m[f2595a8a]&amp#27;[0m&amp#27;[38;5;86m[HTTP]&amp#27;[0m &amp#27;[37m-->&amp#27;[39m &amp#27;[37mPOST&amp#27;[39m &amp#27;[37m/session/f2595a8a-f926-443c-bac0-371e0b0bb3a9/element&amp#27;[39m &amp#27;[90m{"value":"//android.widget.Button","using":"xpath"}&amp#27;[39m
&amp#27;[38;5;189m[f2595a8a]&amp#27;[0m&amp#27;[38;5;4m[AndroidUiautomator2Driver@905e]&amp#27;[0m Calling AppiumDriver.findElement() with args: ["xpath","//android.widget.Button","f2595a8a-f926-443c-bac0-371e0b0bb3a9"]
&amp#27;[38;5;189m[f2595a8a]&amp#27;[0m&amp#27;[38;5;4m[AndroidUiautomator2Driver@905e]&amp#27;[0m Valid locator strategies for this request: xpath, id, class name, accessibility id, css selector, -android uiautomator
&amp#27;[38;5;189m[f2595a8a]&amp#27;[0m&amp#27;[38;5;4m[AndroidUiautomator2Driver@905e]&amp#27;[0m Waiting up to 10000 ms for condition
&amp#27;[38;5;189m[f2595a8a]&amp#27;[0m&amp#27;[38;5;4m[AndroidUiautomator2Driver@905e]&amp#27;[0m Matched '/element' to command name 'findElement'
&amp#27;[38;5;189m[f2595a8a]&amp#27;[0m&amp#27;[38;5;4m[AndroidUiautomator2Driver@905e]&amp#27;[0m Proxying [POST /element] to [POST http://127.0.0.1:8200/session/2ba4ac6d-eecf-49e4-b1cb-f3b166241f2e/element] with body: {"strategy":"xpath","selector":"//android.widget.Button","context":"","multiple":false}
&amp#27;[38;5;189m[f2595a8a]&amp#27;[0m&amp#27;[38;5;4m[AndroidUiautomator2Driver@905e]&amp#27;[0m Got response with status 200: {"sessionId":"2ba4ac6d-eecf-49e4-b1cb-f3b166241f2e","value":{"ELEMENT":"00000000-0000-000b-3b9a-caf000000004","element-6066-11e4-a52e-4f735466cecf":"00000000-0000-000b-3b9a-caf000000004"}}
&amp#27;[38;5;189m[f2595a8a]&amp#27;[0m&amp#27;[38;5;4m[AndroidUiautomator2Driver@905e]&amp#27;[0m Responding to client with driver.findElement() result: {"element-6066-11e4-a52e-4f735466cecf":"00000000-0000-000b-3b9a-caf000000004","ELEMENT":"00000000-0000-000b-3b9a-caf000000004"}
&amp#27;[38;5;189m[f2595a8a]&amp#27;[0m&amp#27;[38;5;86m[HTTP]&amp#27;[0m &amp#27;[37m<-- POST /session/f2595a8a-f926-443c-bac0-371e0b0bb3a9/element &amp#27;[39m&amp#27;[32m200&amp#27;[39m &amp#27;[90m30 ms - 137&amp#27;[39m &amp#27;[90m&amp#27;[39m
&amp#27;[38;5;189m[f2595a8a]&amp#27;[0m&amp#27;[38;5;86m[HTTP]&amp#27;[0m &amp#27;[37m-->&amp#27;[39m &amp#27;[37mGET&amp#27;[39m &amp#27;[37m/session/f2595a8a-f926-443c-bac0-371e0b0bb3a9/element/00000000-0000-000b-3b9a-caf000000004/enabled&amp#27;[39m &amp#27;[90m{}&amp#27;[39m
&amp#27;[38;5;189m[f2595a8a]&amp#27;[0m&amp#27;[38;5;4m[AndroidUiautomator2Driver@905e]&amp#27;[0m Calling AppiumDriver.elementEnabled() with args: ["00000000-0000-000b-3b9a-caf000000004","f2595a8a-f926-443c-bac0-371e0b0bb3a9"]
&amp#27;[38;5;189m[f2595a8a]&amp#27;[0m&amp#27;[38;5;4m[AndroidUiautomator2Driver@905e]&amp#27;[0m Matched '/element/00000000-0000-000b-3b9a-caf000000004/attribute/enabled' to command name 'getAttribute'
&amp#27;[38;5;189m[f2595a8a]&amp#27;[0m&amp#27;[38;5;4m[AndroidUiautomator2Driver@905e]&amp#27;[0m Proxying [GET /element/00000000-0000-000b-3b9a-caf000000004/attribute/enabled] to [GET http://127.0.0.1:8200/session/2ba4ac6d-eecf-49e4-b1cb-f3b166241f2e/element/00000000-0000-000b-3b9a-caf000000004/attribute/enabled] with no body
&amp#27;[38;5;189m[f2595a8a]&amp#27;[0m&amp#27;[38;5;4m[AndroidUiautomator2Driver@905e]&amp#27;[0m Got response with status 200: {"sessionId":"2ba4ac6d-eecf-49e4-b1cb-f3b166241f2e","value":"true"}
&amp#27;[38;5;189m[f2595a8a]&amp#27;[0m&amp#27;[38;5;4m[AndroidUiautomator2Driver@905e]&amp#27;[0m Responding to client with driver.elementEnabled() result: true
&amp#27;[38;5;189m[f2595a8a]&amp#27;[0m&amp#27;[38;5;86m[HTTP]&amp#27;[0m &amp#27;[37m<-- GET /session/f2595a8a-f926-443c-bac0-371e0b0bb3a9/element/00000000-0000-000b-3b9a-caf000000004/enabled &amp#27;[39m&amp#27;[32m200&amp#27;[39m &amp#27;[90m10 ms - 14&amp#27;[39m &amp#27;[90m&amp#27;[39m
&amp#27;[38;5;189m[f2595a8a]&amp#27;[0m&amp#27;[38;5;86m[HTTP]&amp#27;[0m &amp#27;[37m-->&amp#27;[39m &amp#27;[37mGET&amp#27;[39m &amp#27;[37m/session/f2595a8a-f926-443c-bac0-371e0b0bb3a9/context&amp#27;[39m &amp#27;[90m{}&amp#27;[39m
&amp#27;[38;5;189m[f2595a8a]&amp#27;[0m&amp#27;[38;5;4m[AndroidUiautomator2Driver@905e]&amp#27;[0m Calling AppiumDriver.getCurrentContext() with args: ["f2595a8a-f926-443c-bac0-371e0b0bb3a9"]
&amp#27;[38;5;189m[f2595a8a]&amp#27;[0m&amp#27;[38;5;4m[AndroidUiautomator2Driver@905e]&amp#27;[0m Responding to client with driver.getCurrentContext() result: "NATIVE_APP"
&amp#27;[38;5;189m[f2595a8a]&amp#27;[0m&amp#27;[38;5;86m[HTTP]&amp#27;[0m &amp#27;[37m<-- GET /session/f2595a8a-f926-443c-bac0-371e0b0bb3a9/context &amp#27;[39m&amp#27;[32m200&amp#27;[39m &amp#27;[90m1 ms - 22&amp#27;[39m &amp#27;[90m&amp#27;[39m
&amp#27;[38;5;189m[f2595a8a]&amp#27;[0m&amp#27;[38;5;86m[HTTP]&amp#27;[0m &amp#27;[37m-->&amp#27;[39m &amp#27;[37mPOST&amp#27;[39m &amp#27;[37m/session/f2595a8a-f926-443c-bac0-371e0b0bb3a9/element&amp#27;[39m &amp#27;[90m{"value":"//android.widget.Button","using":"xpath"}&amp#27;[39m
&amp#27;[38;5;189m[f2595a8a]&amp#27;[0m&amp#27;[38;5;4m[AndroidUiautomator2Driver@905e]&amp#27;[0m Calling AppiumDriver.findElement() with args: ["xpath","//android.widget.Button","f2595a8a-f926-443c-bac0-371e0b0bb3a9"]
&amp#27;[38;5;189m[f2595a8a]&amp#27;[0m&amp#27;[38;5;4m[AndroidUiautomator2Driver@905e]&amp#27;[0m Valid locator strategies for this request: xpath, id, class name, accessibility id, css selector, -android uiautomator
&amp#27;[38;5;189m[f2595a8a]&amp#27;[0m&amp#27;[38;5;4m[AndroidUiautomator2Driver@905e]&amp#27;[0m Waiting up to 10000 ms for condition
&amp#27;[38;5;189m[f2595a8a]&amp#27;[0m&amp#27;[38;5;4m[AndroidUiautomator2Driver@905e]&amp#27;[0m Matched '/element' to command name 'findElement'
&amp#27;[38;5;189m[f2595a8a]&amp#27;[0m&amp#27;[38;5;4m[AndroidUiautomator2Driver@905e]&amp#27;[0m Proxying [POST /element] to [POST http://127.0.0.1:8200/session/2ba4ac6d-eecf-49e4-b1cb-f3b166241f2e/element] with body: {"strategy":"xpath","selector":"//android.widget.Button","context":"","multiple":false}
&amp#27;[38;5;189m[f2595a8a]&amp#27;[0m&amp#27;[38;5;4m[AndroidUiautomator2Driver@905e]&amp#27;[0m Got response with status 200: {"sessionId":"2ba4ac6d-eecf-49e4-b1cb-f3b166241f2e","value":{"ELEMENT":"00000000-0000-000b-3b9a-caf000000004","element-6066-11e4-a52e-4f735466cecf":"00000000-0000-000b-3b9a-caf000000004"}}
&amp#27;[38;5;189m[f2595a8a]&amp#27;[0m&amp#27;[38;5;4m[AndroidUiautomator2Driver@905e]&amp#27;[0m Responding to client with driver.findElement() result: {"element-6066-11e4-a52e-4f735466cecf":"00000000-0000-000b-3b9a-caf000000004","ELEMENT":"00000000-0000-000b-3b9a-caf000000004"}
&amp#27;[38;5;189m[f2595a8a]&amp#27;[0m&amp#27;[38;5;86m[HTTP]&amp#27;[0m &amp#27;[37m<-- POST /session/f2595a8a-f926-443c-bac0-371e0b0bb3a9/element &amp#27;[39m&amp#27;[32m200&amp#27;[39m &amp#27;[90m32 ms - 137&amp#27;[39m &amp#27;[90m&amp#27;[39m
&amp#27;[38;5;189m[f2595a8a]&amp#27;[0m&amp#27;[38;5;86m[HTTP]&amp#27;[0m &amp#27;[37m-->&amp#27;[39m &amp#27;[37mPOST&amp#27;[39m &amp#27;[37m/session/f2595a8a-f926-443c-bac0-371e0b0bb3a9/element/00000000-0000-000b-3b9a-caf000000004/click&amp#27;[39m &amp#27;[90m{"id":"00000000-0000-000b-3b9a-caf000000004"}&amp#27;[39m
&amp#27;[38;5;189m[f2595a8a]&amp#27;[0m&amp#27;[38;5;4m[AndroidUiautomator2Driver@905e]&amp#27;[0m Calling AppiumDriver.click() with args: ["00000000-0000-000b-3b9a-caf000000004","f2595a8a-f926-443c-bac0-371e0b0bb3a9"]
&amp#27;[38;5;189m[f2595a8a]&amp#27;[0m&amp#27;[38;5;4m[AndroidUiautomator2Driver@905e]&amp#27;[0m Matched '/element/00000000-0000-000b-3b9a-caf000000004/click' to command name 'click'
&amp#27;[38;5;189m[f2595a8a]&amp#27;[0m&amp#27;[38;5;4m[AndroidUiautomator2Driver@905e]&amp#27;[0m Proxying [POST /element/00000000-0000-000b-3b9a-caf000000004/click] to [POST http://127.0.0.1:8200/session/2ba4ac6d-eecf-49e4-b1cb-f3b166241f2e/element/00000000-0000-000b-3b9a-caf000000004/click] with body: {"element":"00000000-0000-000b-3b9a-caf000000004"}
&amp#27;[38;5;189m[f2595a8a]&amp#27;[0m&amp#27;[38;5;4m[AndroidUiautomator2Driver@905e]&amp#27;[0m Got response with status 200: {"sessionId":"2ba4ac6d-eecf-49e4-b1cb-f3b166241f2e","value":null}
&amp#27;[38;5;189m[f2595a8a]&amp#27;[0m&amp#27;[38;5;4m[AndroidUiautomator2Driver@905e]&amp#27;[0m Responding to client with driver.click() result: null
&amp#27;[38;5;189m[f2595a8a]&amp#27;[0m&amp#27;[38;5;86m[HTTP]&amp#27;[0m &amp#27;[37m<-- POST /session/f2595a8a-f926-443c-bac0-371e0b0bb3a9/element/00000000-0000-000b-3b9a-caf000000004/click &amp#27;[39m&amp#27;[32m200&amp#27;[39m &amp#27;[90m1310 ms - 14&amp#27;[39m &amp#27;[90m&amp#27;[39m
]]></system-out>
  </testcase>
</testsuite>